<?xml version="1.0" encoding="utf-8" standalone="no"?>
<test-run id="0" runstate="Runnable" testcasecount="378" result="Passed" total="378" passed="372" failed="0" warnings="0" inconclusive="6" skipped="0" asserts="943" engine-version="3.18.3.0" clr-version="4.0.30319.42000" start-time="2026-03-15 22:19:29Z" end-time="2026-03-15 22:19:30Z" duration="0.895021">
  <command-line><![CDATA["C:\adze-cad\packages\NUnit.ConsoleRunner.3.18.3\tools\nunit3-console.exe" C:\adze-cad\tests\Adze.Tests\bin\Debug\Adze.Tests.dll --noheader --labels=On]]></command-line>
  <test-suite type="Assembly" id="1-1414" name="Adze.Tests.dll" fullname="C:\adze-cad\tests\Adze.Tests\bin\Debug\Adze.Tests.dll" runstate="Runnable" testcasecount="378" result="Passed" start-time="2026-03-15T22:19:30.0048800Z" end-time="2026-03-15T22:19:30.4657909Z" duration="0.460259" total="378" passed="372" failed="0" warnings="0" inconclusive="6" skipped="0" asserts="943">
    <environment framework-version="3.14.0.0" clr-version="4.0.30319.42000" os-version="Microsoft Windows NT 10.0.26200.0" platform="Win32NT" cwd="C:\adze-cad" machine-name="ZOE" user="Kaden" user-domain="ZOE" culture="en-US" uiculture="en-US" os-architecture="x64" />
    <settings>
      <setting name="DisposeRunners" value="True" />
      <setting name="WorkDirectory" value="C:\adze-cad" />
      <setting name="ImageRuntimeVersion" value="4.0.30319" />
      <setting name="ImageTargetFrameworkName" value=".NETFramework,Version=v4.8" />
      <setting name="ImageRequiresX86" value="False" />
      <setting name="ImageRequiresDefaultAppDomainAssemblyResolver" value="False" />
      <setting name="TargetRuntimeFramework" value="net-4.8" />
      <setting name="NumberOfTestWorkers" value="24" />
    </settings>
    <properties>
      <property name="_PID" value="31412" />
      <property name="_APPDOMAIN" value="domain-" />
    </properties>
    <test-suite type="TestSuite" id="1-1415" name="Adze" fullname="Adze" runstate="Runnable" testcasecount="378" result="Passed" start-time="2026-03-15T22:19:30.0140851Z" end-time="2026-03-15T22:19:30.4657909Z" duration="0.452007" total="378" passed="372" failed="0" warnings="0" inconclusive="6" skipped="0" asserts="943">
      <test-suite type="TestSuite" id="1-1416" name="Tests" fullname="Adze.Tests" runstate="Runnable" testcasecount="378" result="Passed" start-time="2026-03-15T22:19:30.0140851Z" end-time="2026-03-15T22:19:30.4657909Z" duration="0.451770" total="378" passed="372" failed="0" warnings="0" inconclusive="6" skipped="0" asserts="943">
        <test-suite type="TestSuite" id="1-1419" name="Broker" fullname="Adze.Tests.Broker" runstate="Runnable" testcasecount="279" result="Passed" start-time="2026-03-15T22:19:30.0140851Z" end-time="2026-03-15T22:19:30.3780341Z" duration="0.364298" total="279" passed="273" failed="0" warnings="0" inconclusive="6" skipped="0" asserts="700">
          <test-suite type="TestFixture" id="1-1111" name="AgentContractTests" fullname="Adze.Tests.Broker.AgentContractTests" classname="Adze.Tests.Broker.AgentContractTests" runstate="Runnable" testcasecount="27" result="Passed" start-time="2026-03-15T22:19:30.0150775Z" end-time="2026-03-15T22:19:30.0902663Z" duration="0.075258" total="27" passed="27" failed="0" warnings="0" inconclusive="0" skipped="0" asserts="108">
            <test-case id="1-1131" name="AgentLoopResult_AggregateUsage_DefaultsToEmptyModelUsage" fullname="Adze.Tests.Broker.AgentContractTests.AgentLoopResult_AggregateUsage_DefaultsToEmptyModelUsage" methodname="AgentLoopResult_AggregateUsage_DefaultsToEmptyModelUsage" classname="Adze.Tests.Broker.AgentContractTests" runstate="Runnable" seed="1916773318" result="Passed" start-time="2026-03-15T22:19:30.0190771Z" end-time="2026-03-15T22:19:30.0722455Z" duration="0.052619" asserts="2" />
            <test-case id="1-1126" name="AgentProgressKind_AllExpectedValuesExist" fullname="Adze.Tests.Broker.AgentContractTests.AgentProgressKind_AllExpectedValuesExist" methodname="AgentProgressKind_AllExpectedValuesExist" classname="Adze.Tests.Broker.AgentContractTests" runstate="Runnable" seed="722179130" result="Passed" start-time="2026-03-15T22:19:30.0732395Z" end-time="2026-03-15T22:19:30.0742399Z" duration="0.000776" asserts="12" />
            <test-case id="1-1135" name="AgentProgressUpdate_DefaultConstruction_HasEmptyValues" fullname="Adze.Tests.Broker.AgentContractTests.AgentProgressUpdate_DefaultConstruction_HasEmptyValues" methodname="AgentProgressUpdate_DefaultConstruction_HasEmptyValues" classname="Adze.Tests.Broker.AgentContractTests" runstate="Runnable" seed="1026485167" result="Passed" start-time="2026-03-15T22:19:30.0742399Z" end-time="2026-03-15T22:19:30.0772540Z" duration="0.002961" asserts="4" />
            <test-case id="1-1125" name="AgentRunOutcome_AllExpectedValuesExist" fullname="Adze.Tests.Broker.AgentContractTests.AgentRunOutcome_AllExpectedValuesExist" methodname="AgentRunOutcome_AllExpectedValuesExist" classname="Adze.Tests.Broker.AgentContractTests" runstate="Runnable" seed="1529790615" result="Passed" start-time="2026-03-15T22:19:30.0772540Z" end-time="2026-03-15T22:19:30.0772540Z" duration="0.000222" asserts="6" />
            <test-case id="1-1124" name="AgentStopReason_AllExpectedValuesExist" fullname="Adze.Tests.Broker.AgentContractTests.AgentStopReason_AllExpectedValuesExist" methodname="AgentStopReason_AllExpectedValuesExist" classname="Adze.Tests.Broker.AgentContractTests" runstate="Runnable" seed="1310741810" result="Passed" start-time="2026-03-15T22:19:30.0772540Z" end-time="2026-03-15T22:19:30.0782402Z" duration="0.000321" asserts="9" />
            <test-case id="1-1132" name="AgentToolCall_DefaultConstruction_HasEmptyValues" fullname="Adze.Tests.Broker.AgentContractTests.AgentToolCall_DefaultConstruction_HasEmptyValues" methodname="AgentToolCall_DefaultConstruction_HasEmptyValues" classname="Adze.Tests.Broker.AgentContractTests" runstate="Runnable" seed="514449673" result="Passed" start-time="2026-03-15T22:19:30.0782402Z" end-time="2026-03-15T22:19:30.0792403Z" duration="0.001333" asserts="5" />
            <test-case id="1-1122" name="AgentToolDefinition_DefaultConstruction_HasEmptyValues" fullname="Adze.Tests.Broker.AgentContractTests.AgentToolDefinition_DefaultConstruction_HasEmptyValues" methodname="AgentToolDefinition_DefaultConstruction_HasEmptyValues" classname="Adze.Tests.Broker.AgentContractTests" runstate="Runnable" seed="658525023" result="Passed" start-time="2026-03-15T22:19:30.0792403Z" end-time="2026-03-15T22:19:30.0802393Z" duration="0.000774" asserts="5" />
            <test-case id="1-1123" name="AgentToolDefinition_WithProperties_RoundTripsCorrectly" fullname="Adze.Tests.Broker.AgentContractTests.AgentToolDefinition_WithProperties_RoundTripsCorrectly" methodname="AgentToolDefinition_WithProperties_RoundTripsCorrectly" classname="Adze.Tests.Broker.AgentContractTests" runstate="Runnable" seed="1200130855" result="Passed" start-time="2026-03-15T22:19:30.0802393Z" end-time="2026-03-15T22:19:30.0812393Z" duration="0.000788" asserts="6" />
            <test-case id="1-1133" name="AgentToolResult_DefaultConstruction_HasEmptyValues" fullname="Adze.Tests.Broker.AgentContractTests.AgentToolResult_DefaultConstruction_HasEmptyValues" methodname="AgentToolResult_DefaultConstruction_HasEmptyValues" classname="Adze.Tests.Broker.AgentContractTests" runstate="Runnable" seed="135179758" result="Passed" start-time="2026-03-15T22:19:30.0812393Z" end-time="2026-03-15T22:19:30.0812393Z" duration="0.000355" asserts="4" />
            <test-case id="1-1134" name="AgentToolResult_ErrorResult_SetsIsErrorTrue" fullname="Adze.Tests.Broker.AgentContractTests.AgentToolResult_ErrorResult_SetsIsErrorTrue" methodname="AgentToolResult_ErrorResult_SetsIsErrorTrue" classname="Adze.Tests.Broker.AgentContractTests" runstate="Runnable" seed="2054539235" result="Passed" start-time="2026-03-15T22:19:30.0812393Z" end-time="2026-03-15T22:19:30.0812393Z" duration="0.000133" asserts="2" />
            <test-case id="1-1130" name="AgentTurnResponse_Usage_AccumulatesWithOperator" fullname="Adze.Tests.Broker.AgentContractTests.AgentTurnResponse_Usage_AccumulatesWithOperator" methodname="AgentTurnResponse_Usage_AccumulatesWithOperator" classname="Adze.Tests.Broker.AgentContractTests" runstate="Runnable" seed="1074693541" result="Passed" start-time="2026-03-15T22:19:30.0812393Z" end-time="2026-03-15T22:19:30.0822400Z" duration="0.000946" asserts="3" />
            <test-case id="1-1129" name="AgentTurnResponse_Usage_DefaultsToEmptyModelUsage" fullname="Adze.Tests.Broker.AgentContractTests.AgentTurnResponse_Usage_DefaultsToEmptyModelUsage" methodname="AgentTurnResponse_Usage_DefaultsToEmptyModelUsage" classname="Adze.Tests.Broker.AgentContractTests" runstate="Runnable" seed="618208063" result="Passed" start-time="2026-03-15T22:19:30.0822400Z" end-time="2026-03-15T22:19:30.0822400Z" duration="0.000143" asserts="4" />
            <test-case id="1-1128" name="ApprovalRequirement_AllExpectedValuesExist" fullname="Adze.Tests.Broker.AgentContractTests.ApprovalRequirement_AllExpectedValuesExist" methodname="ApprovalRequirement_AllExpectedValuesExist" classname="Adze.Tests.Broker.AgentContractTests" runstate="Runnable" seed="524275093" result="Passed" start-time="2026-03-15T22:19:30.0822400Z" end-time="2026-03-15T22:19:30.0822400Z" duration="0.000172" asserts="5" />
            <test-case id="1-1115" name="LoadFromEnvironment_AgentMaxTokensPreferredOverShared" fullname="Adze.Tests.Broker.AgentContractTests.LoadFromEnvironment_AgentMaxTokensPreferredOverShared" methodname="LoadFromEnvironment_AgentMaxTokensPreferredOverShared" classname="Adze.Tests.Broker.AgentContractTests" runstate="Runnable" seed="1482391455" result="Passed" start-time="2026-03-15T22:19:30.0822400Z" end-time="2026-03-15T22:19:30.0832663Z" duration="0.000916" asserts="1" />
            <test-case id="1-1113" name="LoadFromEnvironment_AgentMaxTokensSet_OverridesDefault" fullname="Adze.Tests.Broker.AgentContractTests.LoadFromEnvironment_AgentMaxTokensSet_OverridesDefault" methodname="LoadFromEnvironment_AgentMaxTokensSet_OverridesDefault" classname="Adze.Tests.Broker.AgentContractTests" runstate="Runnable" seed="121278206" result="Passed" start-time="2026-03-15T22:19:30.0832663Z" end-time="2026-03-15T22:19:30.0832663Z" duration="0.000135" asserts="1" />
            <test-case id="1-1119" name="LoadFromEnvironment_DisableParallelToolCallsFalse_ReadsCorrectly" fullname="Adze.Tests.Broker.AgentContractTests.LoadFromEnvironment_DisableParallelToolCallsFalse_ReadsCorrectly" methodname="LoadFromEnvironment_DisableParallelToolCallsFalse_ReadsCorrectly" classname="Adze.Tests.Broker.AgentContractTests" runstate="Runnable" seed="1588208071" result="Passed" start-time="2026-03-15T22:19:30.0832663Z" end-time="2026-03-15T22:19:30.0842659Z" duration="0.000183" asserts="1" />
            <test-case id="1-1120" name="LoadFromEnvironment_InvalidMaxTokens_ReturnsDefault" fullname="Adze.Tests.Broker.AgentContractTests.LoadFromEnvironment_InvalidMaxTokens_ReturnsDefault" methodname="LoadFromEnvironment_InvalidMaxTokens_ReturnsDefault" classname="Adze.Tests.Broker.AgentContractTests" runstate="Runnable" seed="623064541" result="Passed" start-time="2026-03-15T22:19:30.0842659Z" end-time="2026-03-15T22:19:30.0842659Z" duration="0.000198" asserts="1" />
            <test-case id="1-1116" name="LoadFromEnvironment_MaxIterationsSet_OverridesDefault" fullname="Adze.Tests.Broker.AgentContractTests.LoadFromEnvironment_MaxIterationsSet_OverridesDefault" methodname="LoadFromEnvironment_MaxIterationsSet_OverridesDefault" classname="Adze.Tests.Broker.AgentContractTests" runstate="Runnable" seed="1059932452" result="Passed" start-time="2026-03-15T22:19:30.0842659Z" end-time="2026-03-15T22:19:30.0842659Z" duration="0.000115" asserts="1" />
            <test-case id="1-1121" name="LoadFromEnvironment_NegativeMaxIterations_ReturnsDefault" fullname="Adze.Tests.Broker.AgentContractTests.LoadFromEnvironment_NegativeMaxIterations_ReturnsDefault" methodname="LoadFromEnvironment_NegativeMaxIterations_ReturnsDefault" classname="Adze.Tests.Broker.AgentContractTests" runstate="Runnable" seed="540761403" result="Passed" start-time="2026-03-15T22:19:30.0842659Z" end-time="2026-03-15T22:19:30.0862742Z" duration="0.002295" asserts="1" />
            <test-case id="1-1112" name="LoadFromEnvironment_NoEnvVars_ReturnsDefaults" fullname="Adze.Tests.Broker.AgentContractTests.LoadFromEnvironment_NoEnvVars_ReturnsDefaults" methodname="LoadFromEnvironment_NoEnvVars_ReturnsDefaults" classname="Adze.Tests.Broker.AgentContractTests" runstate="Runnable" seed="1342382180" result="Passed" start-time="2026-03-15T22:19:30.0862742Z" end-time="2026-03-15T22:19:30.0872672Z" duration="0.001091" asserts="8" />
            <test-case id="1-1114" name="LoadFromEnvironment_SharedMaxTokensFallback_UsedWhenAgentNotSet" fullname="Adze.Tests.Broker.AgentContractTests.LoadFromEnvironment_SharedMaxTokensFallback_UsedWhenAgentNotSet" methodname="LoadFromEnvironment_SharedMaxTokensFallback_UsedWhenAgentNotSet" classname="Adze.Tests.Broker.AgentContractTests" runstate="Runnable" seed="693131086" result="Passed" start-time="2026-03-15T22:19:30.0872672Z" end-time="2026-03-15T22:19:30.0882671Z" duration="0.000151" asserts="1" />
            <test-case id="1-1118" name="LoadFromEnvironment_TemperatureFallback_UsesSharedVar" fullname="Adze.Tests.Broker.AgentContractTests.LoadFromEnvironment_TemperatureFallback_UsesSharedVar" methodname="LoadFromEnvironment_TemperatureFallback_UsesSharedVar" classname="Adze.Tests.Broker.AgentContractTests" runstate="Runnable" seed="2056433901" result="Passed" start-time="2026-03-15T22:19:30.0882671Z" end-time="2026-03-15T22:19:30.0882671Z" duration="0.000164" asserts="1" />
            <test-case id="1-1117" name="LoadFromEnvironment_TimeoutFallback_UsesSharedVar" fullname="Adze.Tests.Broker.AgentContractTests.LoadFromEnvironment_TimeoutFallback_UsesSharedVar" methodname="LoadFromEnvironment_TimeoutFallback_UsesSharedVar" classname="Adze.Tests.Broker.AgentContractTests" runstate="Runnable" seed="1430213796" result="Passed" start-time="2026-03-15T22:19:30.0882671Z" end-time="2026-03-15T22:19:30.0882671Z" duration="0.000113" asserts="1" />
            <test-case id="1-1127" name="ToolCapabilityClass_AllExpectedValuesExist" fullname="Adze.Tests.Broker.AgentContractTests.ToolCapabilityClass_AllExpectedValuesExist" methodname="ToolCapabilityClass_AllExpectedValuesExist" classname="Adze.Tests.Broker.AgentContractTests" runstate="Runnable" seed="1671806608" result="Passed" start-time="2026-03-15T22:19:30.0882671Z" end-time="2026-03-15T22:19:30.0882671Z" duration="0.000191" asserts="6" />
            <test-case id="1-1137" name="ToolCapabilityMetadata_DefaultConstruction_HasReadSafeDefaults" fullname="Adze.Tests.Broker.AgentContractTests.ToolCapabilityMetadata_DefaultConstruction_HasReadSafeDefaults" methodname="ToolCapabilityMetadata_DefaultConstruction_HasReadSafeDefaults" classname="Adze.Tests.Broker.AgentContractTests" runstate="Runnable" seed="1047962327" result="Passed" start-time="2026-03-15T22:19:30.0882671Z" end-time="2026-03-15T22:19:30.0892673Z" duration="0.000591" asserts="7" />
            <test-case id="1-1138" name="ToolCapabilityMetadata_HardWriteFirstWave_FullConfiguration" fullname="Adze.Tests.Broker.AgentContractTests.ToolCapabilityMetadata_HardWriteFirstWave_FullConfiguration" methodname="ToolCapabilityMetadata_HardWriteFirstWave_FullConfiguration" classname="Adze.Tests.Broker.AgentContractTests" runstate="Runnable" seed="672082177" result="Passed" start-time="2026-03-15T22:19:30.0892673Z" end-time="2026-03-15T22:19:30.0892673Z" duration="0.000220" asserts="7" />
            <test-case id="1-1136" name="ToolExecutionContext_DefaultConstruction_HasEmptyValues" fullname="Adze.Tests.Broker.AgentContractTests.ToolExecutionContext_DefaultConstruction_HasEmptyValues" methodname="ToolExecutionContext_DefaultConstruction_HasEmptyValues" classname="Adze.Tests.Broker.AgentContractTests" runstate="Runnable" seed="379640393" result="Passed" start-time="2026-03-15T22:19:30.0892673Z" end-time="2026-03-15T22:19:30.0892673Z" duration="0.000584" asserts="4" />
          </test-suite>
          <test-suite type="TestFixture" id="1-1139" name="AgentLoopRunnerTests" fullname="Adze.Tests.Broker.AgentLoopRunnerTests" classname="Adze.Tests.Broker.AgentLoopRunnerTests" runstate="Runnable" testcasecount="19" result="Passed" start-time="2026-03-15T22:19:30.0912669Z" end-time="2026-03-15T22:19:30.1133601Z" duration="0.021800" total="19" passed="19" failed="0" warnings="0" inconclusive="0" skipped="0" asserts="69">
            <test-case id="1-1147" name="Run_ApiErrorFollowedBySuccess_ResetsErrorCounter" fullname="Adze.Tests.Broker.AgentLoopRunnerTests.Run_ApiErrorFollowedBySuccess_ResetsErrorCounter" methodname="Run_ApiErrorFollowedBySuccess_ResetsErrorCounter" classname="Adze.Tests.Broker.AgentLoopRunnerTests" runstate="Runnable" seed="1057385472" result="Passed" start-time="2026-03-15T22:19:30.0912669Z" end-time="2026-03-15T22:19:30.0972842Z" duration="0.006071" asserts="2" />
            <test-case id="1-1144" name="Run_CancellationBeforeFirstTurn_ReturnsCancelled" fullname="Adze.Tests.Broker.AgentLoopRunnerTests.Run_CancellationBeforeFirstTurn_ReturnsCancelled" methodname="Run_CancellationBeforeFirstTurn_ReturnsCancelled" classname="Adze.Tests.Broker.AgentLoopRunnerTests" runstate="Runnable" seed="427452841" result="Passed" start-time="2026-03-15T22:19:30.0972842Z" end-time="2026-03-15T22:19:30.0992848Z" duration="0.001730" asserts="3" />
            <test-case id="1-1145" name="Run_CancellationDuringToolExecution_ReturnsCancelled" fullname="Adze.Tests.Broker.AgentLoopRunnerTests.Run_CancellationDuringToolExecution_ReturnsCancelled" methodname="Run_CancellationDuringToolExecution_ReturnsCancelled" classname="Adze.Tests.Broker.AgentLoopRunnerTests" runstate="Runnable" seed="2146594918" result="Passed" start-time="2026-03-15T22:19:30.0992848Z" end-time="2026-03-15T22:19:30.0992848Z" duration="0.000535" asserts="2" />
            <test-case id="1-1146" name="Run_ConsecutiveApiErrors_ReturnsFailed" fullname="Adze.Tests.Broker.AgentLoopRunnerTests.Run_ConsecutiveApiErrors_ReturnsFailed" methodname="Run_ConsecutiveApiErrors_ReturnsFailed" classname="Adze.Tests.Broker.AgentLoopRunnerTests" runstate="Runnable" seed="1176862919" result="Passed" start-time="2026-03-15T22:19:30.0992848Z" end-time="2026-03-15T22:19:30.1002844Z" duration="0.000466" asserts="3" />
            <test-case id="1-1158" name="Run_ErrorStopReason_CountsAsConsecutiveError" fullname="Adze.Tests.Broker.AgentLoopRunnerTests.Run_ErrorStopReason_CountsAsConsecutiveError" methodname="Run_ErrorStopReason_CountsAsConsecutiveError" classname="Adze.Tests.Broker.AgentLoopRunnerTests" runstate="Runnable" seed="1897178009" result="Passed" start-time="2026-03-15T22:19:30.1002844Z" end-time="2026-03-15T22:19:30.1002844Z" duration="0.000280" asserts="2" />
            <test-case id="1-1143" name="Run_MaxIterationsReached_ReturnsFellBack" fullname="Adze.Tests.Broker.AgentLoopRunnerTests.Run_MaxIterationsReached_ReturnsFellBack" methodname="Run_MaxIterationsReached_ReturnsFellBack" classname="Adze.Tests.Broker.AgentLoopRunnerTests" runstate="Runnable" seed="953564038" result="Passed" start-time="2026-03-15T22:19:30.1002844Z" end-time="2026-03-15T22:19:30.1022847Z" duration="0.001433" asserts="3" />
            <test-case id="1-1153" name="Run_MaxTokensStopReason_ReturnsFellBack" fullname="Adze.Tests.Broker.AgentLoopRunnerTests.Run_MaxTokensStopReason_ReturnsFellBack" methodname="Run_MaxTokensStopReason_ReturnsFellBack" classname="Adze.Tests.Broker.AgentLoopRunnerTests" runstate="Runnable" seed="225163149" result="Passed" start-time="2026-03-15T22:19:30.1022847Z" end-time="2026-03-15T22:19:30.1022847Z" duration="0.000221" asserts="2" />
            <test-case id="1-1142" name="Run_MultipleToolCallsInOneTurn_ExecutesAllSequentially" fullname="Adze.Tests.Broker.AgentLoopRunnerTests.Run_MultipleToolCallsInOneTurn_ExecutesAllSequentially" methodname="Run_MultipleToolCallsInOneTurn_ExecutesAllSequentially" classname="Adze.Tests.Broker.AgentLoopRunnerTests" runstate="Runnable" seed="1685032860" result="Passed" start-time="2026-03-15T22:19:30.1022847Z" end-time="2026-03-15T22:19:30.1022847Z" duration="0.000392" asserts="5" />
            <test-case id="1-1150" name="Run_MultiTurn_AccumulatesUsageAcrossTurns" fullname="Adze.Tests.Broker.AgentLoopRunnerTests.Run_MultiTurn_AccumulatesUsageAcrossTurns" methodname="Run_MultiTurn_AccumulatesUsageAcrossTurns" classname="Adze.Tests.Broker.AgentLoopRunnerTests" runstate="Runnable" seed="656803040" result="Passed" start-time="2026-03-15T22:19:30.1022847Z" end-time="2026-03-15T22:19:30.1033216Z" duration="0.000574" asserts="5" />
            <test-case id="1-1154" name="Run_NullModelClient_ThrowsArgumentNullException" fullname="Adze.Tests.Broker.AgentLoopRunnerTests.Run_NullModelClient_ThrowsArgumentNullException" methodname="Run_NullModelClient_ThrowsArgumentNullException" classname="Adze.Tests.Broker.AgentLoopRunnerTests" runstate="Runnable" seed="2028696476" result="Passed" start-time="2026-03-15T22:19:30.1033216Z" end-time="2026-03-15T22:19:30.1063214Z" duration="0.003207" asserts="1" />
            <test-case id="1-1156" name="Run_NullSettings_ThrowsArgumentNullException" fullname="Adze.Tests.Broker.AgentLoopRunnerTests.Run_NullSettings_ThrowsArgumentNullException" methodname="Run_NullSettings_ThrowsArgumentNullException" classname="Adze.Tests.Broker.AgentLoopRunnerTests" runstate="Runnable" seed="1536808790" result="Passed" start-time="2026-03-15T22:19:30.1063214Z" end-time="2026-03-15T22:19:30.1063214Z" duration="0.000188" asserts="1" />
            <test-case id="1-1155" name="Run_NullToolExecutor_ThrowsArgumentNullException" fullname="Adze.Tests.Broker.AgentLoopRunnerTests.Run_NullToolExecutor_ThrowsArgumentNullException" methodname="Run_NullToolExecutor_ThrowsArgumentNullException" classname="Adze.Tests.Broker.AgentLoopRunnerTests" runstate="Runnable" seed="680095352" result="Passed" start-time="2026-03-15T22:19:30.1063214Z" end-time="2026-03-15T22:19:30.1063214Z" duration="0.000135" asserts="1" />
            <test-case id="1-1157" name="Run_ProgressCallbacks_ContainCorrectIterationNumbers" fullname="Adze.Tests.Broker.AgentLoopRunnerTests.Run_ProgressCallbacks_ContainCorrectIterationNumbers" methodname="Run_ProgressCallbacks_ContainCorrectIterationNumbers" classname="Adze.Tests.Broker.AgentLoopRunnerTests" runstate="Runnable" seed="974259934" result="Passed" start-time="2026-03-15T22:19:30.1063214Z" end-time="2026-03-15T22:19:30.1073216Z" duration="0.000636" asserts="8" />
            <test-case id="1-1148" name="Run_SingleTurn_FiresProgressCallbacksInCorrectOrder" fullname="Adze.Tests.Broker.AgentLoopRunnerTests.Run_SingleTurn_FiresProgressCallbacksInCorrectOrder" methodname="Run_SingleTurn_FiresProgressCallbacksInCorrectOrder" classname="Adze.Tests.Broker.AgentLoopRunnerTests" runstate="Runnable" seed="1798163216" result="Passed" start-time="2026-03-15T22:19:30.1073216Z" end-time="2026-03-15T22:19:30.1083212Z" duration="0.001078" asserts="4" />
            <test-case id="1-1140" name="Run_SingleTurnTextResponse_ReturnsSuccess" fullname="Adze.Tests.Broker.AgentLoopRunnerTests.Run_SingleTurnTextResponse_ReturnsSuccess" methodname="Run_SingleTurnTextResponse_ReturnsSuccess" classname="Adze.Tests.Broker.AgentLoopRunnerTests" runstate="Runnable" seed="1576081856" result="Passed" start-time="2026-03-15T22:19:30.1083212Z" end-time="2026-03-15T22:19:30.1083212Z" duration="0.000306" asserts="5" />
            <test-case id="1-1151" name="Run_TokenBudgetExhausted_ReturnsFellBack" fullname="Adze.Tests.Broker.AgentLoopRunnerTests.Run_TokenBudgetExhausted_ReturnsFellBack" methodname="Run_TokenBudgetExhausted_ReturnsFellBack" classname="Adze.Tests.Broker.AgentLoopRunnerTests" runstate="Runnable" seed="2069907382" result="Passed" start-time="2026-03-15T22:19:30.1083212Z" end-time="2026-03-15T22:19:30.1103226Z" duration="0.001956" asserts="3" />
            <test-case id="1-1152" name="Run_ToolThrows_ErrorSentBackToModel_ModelRecovers" fullname="Adze.Tests.Broker.AgentLoopRunnerTests.Run_ToolThrows_ErrorSentBackToModel_ModelRecovers" methodname="Run_ToolThrows_ErrorSentBackToModel_ModelRecovers" classname="Adze.Tests.Broker.AgentLoopRunnerTests" runstate="Runnable" seed="353200669" result="Passed" start-time="2026-03-15T22:19:30.1103226Z" end-time="2026-03-15T22:19:30.1123212Z" duration="0.001373" asserts="4" />
            <test-case id="1-1149" name="Run_TwoTurnWithTool_FiresProgressCallbacksInCorrectOrder" fullname="Adze.Tests.Broker.AgentLoopRunnerTests.Run_TwoTurnWithTool_FiresProgressCallbacksInCorrectOrder" methodname="Run_TwoTurnWithTool_FiresProgressCallbacksInCorrectOrder" classname="Adze.Tests.Broker.AgentLoopRunnerTests" runstate="Runnable" seed="1586326760" result="Passed" start-time="2026-03-15T22:19:30.1123212Z" end-time="2026-03-15T22:19:30.1123212Z" duration="0.000510" asserts="7" />
            <test-case id="1-1141" name="Run_TwoTurnWithToolCall_ReturnsSuccessWithExecutedTool" fullname="Adze.Tests.Broker.AgentLoopRunnerTests.Run_TwoTurnWithToolCall_ReturnsSuccessWithExecutedTool" methodname="Run_TwoTurnWithToolCall_ReturnsSuccessWithExecutedTool" classname="Adze.Tests.Broker.AgentLoopRunnerTests" runstate="Runnable" seed="1599912506" result="Passed" start-time="2026-03-15T22:19:30.1123212Z" end-time="2026-03-15T22:19:30.1133601Z" duration="0.000434" asserts="8" />
          </test-suite>
          <test-suite type="TestFixture" id="1-1159" name="AgentToolDispatcherTests" fullname="Adze.Tests.Broker.AgentToolDispatcherTests" classname="Adze.Tests.Broker.AgentToolDispatcherTests" runstate="Runnable" testcasecount="26" result="Passed" start-time="2026-03-15T22:19:30.1133601Z" end-time="2026-03-15T22:19:30.2125228Z" duration="0.099893" total="26" passed="26" failed="0" warnings="0" inconclusive="0" skipped="0" asserts="69">
            <test-suite type="ParameterizedMethod" id="1-1186" name="Execute_AllKnownTools_DoNotReturnDispatcherError" fullname="Adze.Tests.Broker.AgentToolDispatcherTests.Execute_AllKnownTools_DoNotReturnDispatcherError" classname="Adze.Tests.Broker.AgentToolDispatcherTests" runstate="Runnable" testcasecount="10" result="Passed" start-time="2026-03-15T22:19:30.1133601Z" end-time="2026-03-15T22:19:30.2075001Z" duration="0.094608" total="10" passed="10" failed="0" warnings="0" inconclusive="0" skipped="0" asserts="30">
              <test-case id="1-1176" name="Execute_AllKnownTools_DoNotReturnDispatcherError(&quot;get_active_document&quot;)" fullname="Adze.Tests.Broker.AgentToolDispatcherTests.Execute_AllKnownTools_DoNotReturnDispatcherError(&quot;get_active_document&quot;)" methodname="Execute_AllKnownTools_DoNotReturnDispatcherError" classname="Adze.Tests.Broker.AgentToolDispatcherTests" runstate="Runnable" seed="704421248" result="Passed" start-time="2026-03-15T22:19:30.1133601Z" end-time="2026-03-15T22:19:30.1984273Z" duration="0.085622" asserts="3" />
              <test-case id="1-1177" name="Execute_AllKnownTools_DoNotReturnDispatcherError(&quot;get_document_summary&quot;)" fullname="Adze.Tests.Broker.AgentToolDispatcherTests.Execute_AllKnownTools_DoNotReturnDispatcherError(&quot;get_document_summary&quot;)" methodname="Execute_AllKnownTools_DoNotReturnDispatcherError" classname="Adze.Tests.Broker.AgentToolDispatcherTests" runstate="Runnable" seed="2112567695" result="Passed" start-time="2026-03-15T22:19:30.1984273Z" end-time="2026-03-15T22:19:30.1994994Z" duration="0.000732" asserts="3" />
              <test-case id="1-1178" name="Execute_AllKnownTools_DoNotReturnDispatcherError(&quot;get_selection_context&quot;)" fullname="Adze.Tests.Broker.AgentToolDispatcherTests.Execute_AllKnownTools_DoNotReturnDispatcherError(&quot;get_selection_context&quot;)" methodname="Execute_AllKnownTools_DoNotReturnDispatcherError" classname="Adze.Tests.Broker.AgentToolDispatcherTests" runstate="Runnable" seed="2089369983" result="Passed" start-time="2026-03-15T22:19:30.1994994Z" end-time="2026-03-15T22:19:30.2005002Z" duration="0.000718" asserts="3" />
              <test-case id="1-1179" name="Execute_AllKnownTools_DoNotReturnDispatcherError(&quot;get_feature_tree_slice&quot;)" fullname="Adze.Tests.Broker.AgentToolDispatcherTests.Execute_AllKnownTools_DoNotReturnDispatcherError(&quot;get_feature_tree_slice&quot;)" methodname="Execute_AllKnownTools_DoNotReturnDispatcherError" classname="Adze.Tests.Broker.AgentToolDispatcherTests" runstate="Runnable" seed="1356641521" result="Passed" start-time="2026-03-15T22:19:30.2005002Z" end-time="2026-03-15T22:19:30.2014992Z" duration="0.001086" asserts="3" />
              <test-case id="1-1180" name="Execute_AllKnownTools_DoNotReturnDispatcherError(&quot;get_dimensions&quot;)" fullname="Adze.Tests.Broker.AgentToolDispatcherTests.Execute_AllKnownTools_DoNotReturnDispatcherError(&quot;get_dimensions&quot;)" methodname="Execute_AllKnownTools_DoNotReturnDispatcherError" classname="Adze.Tests.Broker.AgentToolDispatcherTests" runstate="Runnable" seed="1485999331" result="Passed" start-time="2026-03-15T22:19:30.2014992Z" end-time="2026-03-15T22:19:30.2034992Z" duration="0.002120" asserts="3" />
              <test-case id="1-1181" name="Execute_AllKnownTools_DoNotReturnDispatcherError(&quot;get_configurations&quot;)" fullname="Adze.Tests.Broker.AgentToolDispatcherTests.Execute_AllKnownTools_DoNotReturnDispatcherError(&quot;get_configurations&quot;)" methodname="Execute_AllKnownTools_DoNotReturnDispatcherError" classname="Adze.Tests.Broker.AgentToolDispatcherTests" runstate="Runnable" seed="902119287" result="Passed" start-time="2026-03-15T22:19:30.2034992Z" end-time="2026-03-15T22:19:30.2044988Z" duration="0.000579" asserts="3" />
              <test-case id="1-1182" name="Execute_AllKnownTools_DoNotReturnDispatcherError(&quot;get_custom_properties&quot;)" fullname="Adze.Tests.Broker.AgentToolDispatcherTests.Execute_AllKnownTools_DoNotReturnDispatcherError(&quot;get_custom_properties&quot;)" methodname="Execute_AllKnownTools_DoNotReturnDispatcherError" classname="Adze.Tests.Broker.AgentToolDispatcherTests" runstate="Runnable" seed="584226336" result="Passed" start-time="2026-03-15T22:19:30.2044988Z" end-time="2026-03-15T22:19:30.2044988Z" duration="0.000705" asserts="3" />
              <test-case id="1-1183" name="Execute_AllKnownTools_DoNotReturnDispatcherError(&quot;get_mates&quot;)" fullname="Adze.Tests.Broker.AgentToolDispatcherTests.Execute_AllKnownTools_DoNotReturnDispatcherError(&quot;get_mates&quot;)" methodname="Execute_AllKnownTools_DoNotReturnDispatcherError" classname="Adze.Tests.Broker.AgentToolDispatcherTests" runstate="Runnable" seed="1013758135" result="Passed" start-time="2026-03-15T22:19:30.2044988Z" end-time="2026-03-15T22:19:30.2054989Z" duration="0.000848" asserts="3" />
              <test-case id="1-1184" name="Execute_AllKnownTools_DoNotReturnDispatcherError(&quot;get_rebuild_diagnostics&quot;)" fullname="Adze.Tests.Broker.AgentToolDispatcherTests.Execute_AllKnownTools_DoNotReturnDispatcherError(&quot;get_rebuild_diagnostics&quot;)" methodname="Execute_AllKnownTools_DoNotReturnDispatcherError" classname="Adze.Tests.Broker.AgentToolDispatcherTests" runstate="Runnable" seed="243276972" result="Passed" start-time="2026-03-15T22:19:30.2054989Z" end-time="2026-03-15T22:19:30.2064991Z" duration="0.001018" asserts="3" />
              <test-case id="1-1185" name="Execute_AllKnownTools_DoNotReturnDispatcherError(&quot;get_reference_graph&quot;)" fullname="Adze.Tests.Broker.AgentToolDispatcherTests.Execute_AllKnownTools_DoNotReturnDispatcherError(&quot;get_reference_graph&quot;)" methodname="Execute_AllKnownTools_DoNotReturnDispatcherError" classname="Adze.Tests.Broker.AgentToolDispatcherTests" runstate="Runnable" seed="1384404664" result="Passed" start-time="2026-03-15T22:19:30.2064991Z" end-time="2026-03-15T22:19:30.2075001Z" duration="0.000917" asserts="3" />
            </test-suite>
            <test-case id="1-1172" name="Execute_ContextWithoutSessionContext_ReturnsErrorResult" fullname="Adze.Tests.Broker.AgentToolDispatcherTests.Execute_ContextWithoutSessionContext_ReturnsErrorResult" methodname="Execute_ContextWithoutSessionContext_ReturnsErrorResult" classname="Adze.Tests.Broker.AgentToolDispatcherTests" runstate="Runnable" seed="40847463" result="Passed" start-time="2026-03-15T22:19:30.2075001Z" end-time="2026-03-15T22:19:30.2075001Z" duration="0.000243" asserts="2" />
            <test-case id="1-1169" name="Execute_EmptyToolName_ReturnsErrorResult" fullname="Adze.Tests.Broker.AgentToolDispatcherTests.Execute_EmptyToolName_ReturnsErrorResult" methodname="Execute_EmptyToolName_ReturnsErrorResult" classname="Adze.Tests.Broker.AgentToolDispatcherTests" runstate="Runnable" seed="1242138652" result="Passed" start-time="2026-03-15T22:19:30.2084986Z" end-time="2026-03-15T22:19:30.2084986Z" duration="0.000142" asserts="2" />
            <test-case id="1-1161" name="Execute_GetActiveDocument_NoDocument_ReturnsToolFailureNotDispatcherError" fullname="Adze.Tests.Broker.AgentToolDispatcherTests.Execute_GetActiveDocument_NoDocument_ReturnsToolFailureNotDispatcherError" methodname="Execute_GetActiveDocument_NoDocument_ReturnsToolFailureNotDispatcherError" classname="Adze.Tests.Broker.AgentToolDispatcherTests" runstate="Runnable" seed="1658301646" result="Passed" start-time="2026-03-15T22:19:30.2084986Z" end-time="2026-03-15T22:19:30.2084986Z" duration="0.000132" asserts="3" />
            <test-case id="1-1160" name="Execute_GetActiveDocument_WithDocument_ReturnsSuccessResult" fullname="Adze.Tests.Broker.AgentToolDispatcherTests.Execute_GetActiveDocument_WithDocument_ReturnsSuccessResult" methodname="Execute_GetActiveDocument_WithDocument_ReturnsSuccessResult" classname="Adze.Tests.Broker.AgentToolDispatcherTests" runstate="Runnable" seed="1361344836" result="Passed" start-time="2026-03-15T22:19:30.2084986Z" end-time="2026-03-15T22:19:30.2084986Z" duration="0.000159" asserts="4" />
            <test-case id="1-1165" name="Execute_GetConfigurations_ReturnsSuccess" fullname="Adze.Tests.Broker.AgentToolDispatcherTests.Execute_GetConfigurations_ReturnsSuccess" methodname="Execute_GetConfigurations_ReturnsSuccess" classname="Adze.Tests.Broker.AgentToolDispatcherTests" runstate="Runnable" seed="363811669" result="Passed" start-time="2026-03-15T22:19:30.2084986Z" end-time="2026-03-15T22:19:30.2084986Z" duration="0.000129" asserts="2" />
            <test-case id="1-1174" name="Execute_GetDimensions_StringBoolArgument_ParsedCorrectly" fullname="Adze.Tests.Broker.AgentToolDispatcherTests.Execute_GetDimensions_StringBoolArgument_ParsedCorrectly" methodname="Execute_GetDimensions_StringBoolArgument_ParsedCorrectly" classname="Adze.Tests.Broker.AgentToolDispatcherTests" runstate="Runnable" seed="1274104914" result="Passed" start-time="2026-03-15T22:19:30.2084986Z" end-time="2026-03-15T22:19:30.2095229Z" duration="0.000637" asserts="2" />
            <test-case id="1-1162" name="Execute_GetDimensions_WithScopeArgument_PassesParameterCorrectly" fullname="Adze.Tests.Broker.AgentToolDispatcherTests.Execute_GetDimensions_WithScopeArgument_PassesParameterCorrectly" methodname="Execute_GetDimensions_WithScopeArgument_PassesParameterCorrectly" classname="Adze.Tests.Broker.AgentToolDispatcherTests" runstate="Runnable" seed="1856356544" result="Passed" start-time="2026-03-15T22:19:30.2095229Z" end-time="2026-03-15T22:19:30.2095229Z" duration="0.000192" asserts="4" />
            <test-case id="1-1164" name="Execute_GetDocumentSummary_DefaultParams_ReturnsSuccess" fullname="Adze.Tests.Broker.AgentToolDispatcherTests.Execute_GetDocumentSummary_DefaultParams_ReturnsSuccess" methodname="Execute_GetDocumentSummary_DefaultParams_ReturnsSuccess" classname="Adze.Tests.Broker.AgentToolDispatcherTests" runstate="Runnable" seed="1205506148" result="Passed" start-time="2026-03-15T22:19:30.2095229Z" end-time="2026-03-15T22:19:30.2095229Z" duration="0.000130" asserts="2" />
            <test-case id="1-1175" name="Execute_GetFeatureTreeSlice_StringIntArgument_ParsedCorrectly" fullname="Adze.Tests.Broker.AgentToolDispatcherTests.Execute_GetFeatureTreeSlice_StringIntArgument_ParsedCorrectly" methodname="Execute_GetFeatureTreeSlice_StringIntArgument_ParsedCorrectly" classname="Adze.Tests.Broker.AgentToolDispatcherTests" runstate="Runnable" seed="653667267" result="Passed" start-time="2026-03-15T22:19:30.2095229Z" end-time="2026-03-15T22:19:30.2115242Z" duration="0.001754" asserts="2" />
            <test-case id="1-1163" name="Execute_GetFeatureTreeSlice_WithAnchorName_PassesParameterCorrectly" fullname="Adze.Tests.Broker.AgentToolDispatcherTests.Execute_GetFeatureTreeSlice_WithAnchorName_PassesParameterCorrectly" methodname="Execute_GetFeatureTreeSlice_WithAnchorName_PassesParameterCorrectly" classname="Adze.Tests.Broker.AgentToolDispatcherTests" runstate="Runnable" seed="2064624652" result="Passed" start-time="2026-03-15T22:19:30.2115242Z" end-time="2026-03-15T22:19:30.2115242Z" duration="0.000212" asserts="3" />
            <test-case id="1-1166" name="Execute_GetMates_OnAssembly_ReturnsSuccess" fullname="Adze.Tests.Broker.AgentToolDispatcherTests.Execute_GetMates_OnAssembly_ReturnsSuccess" methodname="Execute_GetMates_OnAssembly_ReturnsSuccess" classname="Adze.Tests.Broker.AgentToolDispatcherTests" runstate="Runnable" seed="588284542" result="Passed" start-time="2026-03-15T22:19:30.2115242Z" end-time="2026-03-15T22:19:30.2125228Z" duration="0.000797" asserts="2" />
            <test-case id="1-1173" name="Execute_NullArguments_TreatedAsEmpty" fullname="Adze.Tests.Broker.AgentToolDispatcherTests.Execute_NullArguments_TreatedAsEmpty" methodname="Execute_NullArguments_TreatedAsEmpty" classname="Adze.Tests.Broker.AgentToolDispatcherTests" runstate="Runnable" seed="1689174677" result="Passed" start-time="2026-03-15T22:19:30.2125228Z" end-time="2026-03-15T22:19:30.2125228Z" duration="0.000112" asserts="2" />
            <test-case id="1-1171" name="Execute_NullContext_ReturnsErrorResult" fullname="Adze.Tests.Broker.AgentToolDispatcherTests.Execute_NullContext_ReturnsErrorResult" methodname="Execute_NullContext_ReturnsErrorResult" classname="Adze.Tests.Broker.AgentToolDispatcherTests" runstate="Runnable" seed="1953844566" result="Passed" start-time="2026-03-15T22:19:30.2125228Z" end-time="2026-03-15T22:19:30.2125228Z" duration="0.000082" asserts="2" />
            <test-case id="1-1168" name="Execute_NullToolName_ReturnsErrorResult" fullname="Adze.Tests.Broker.AgentToolDispatcherTests.Execute_NullToolName_ReturnsErrorResult" methodname="Execute_NullToolName_ReturnsErrorResult" classname="Adze.Tests.Broker.AgentToolDispatcherTests" runstate="Runnable" seed="1609113516" result="Passed" start-time="2026-03-15T22:19:30.2125228Z" end-time="2026-03-15T22:19:30.2125228Z" duration="0.000095" asserts="2" />
            <test-case id="1-1167" name="Execute_UnknownToolName_ReturnsErrorResult" fullname="Adze.Tests.Broker.AgentToolDispatcherTests.Execute_UnknownToolName_ReturnsErrorResult" methodname="Execute_UnknownToolName_ReturnsErrorResult" classname="Adze.Tests.Broker.AgentToolDispatcherTests" runstate="Runnable" seed="530179763" result="Passed" start-time="2026-03-15T22:19:30.2125228Z" end-time="2026-03-15T22:19:30.2125228Z" duration="0.000147" asserts="3" />
            <test-case id="1-1170" name="Execute_WhitespaceToolName_ReturnsErrorResult" fullname="Adze.Tests.Broker.AgentToolDispatcherTests.Execute_WhitespaceToolName_ReturnsErrorResult" methodname="Execute_WhitespaceToolName_ReturnsErrorResult" classname="Adze.Tests.Broker.AgentToolDispatcherTests" runstate="Runnable" seed="1732324919" result="Passed" start-time="2026-03-15T22:19:30.2125228Z" end-time="2026-03-15T22:19:30.2125228Z" duration="0.000108" asserts="2" />
          </test-suite>
          <test-suite type="TestFixture" id="1-1242" name="BrokerModelSettingsTests" fullname="Adze.Tests.Broker.BrokerModelSettingsTests" classname="Adze.Tests.Broker.BrokerModelSettingsTests" runstate="Runnable" testcasecount="17" result="Passed" start-time="2026-03-15T22:19:30.2125228Z" end-time="2026-03-15T22:19:30.2175231Z" duration="0.004754" total="17" passed="17" failed="0" warnings="0" inconclusive="0" skipped="0" asserts="33">
            <test-case id="1-1256" name="IsUsable_Disabled_ReturnsFalse" fullname="Adze.Tests.Broker.BrokerModelSettingsTests.IsUsable_Disabled_ReturnsFalse" methodname="IsUsable_Disabled_ReturnsFalse" classname="Adze.Tests.Broker.BrokerModelSettingsTests" runstate="Runnable" seed="2097192319" result="Passed" start-time="2026-03-15T22:19:30.2135231Z" end-time="2026-03-15T22:19:30.2135231Z" duration="0.000443" asserts="1" />
            <test-case id="1-1255" name="IsUsable_Enabled_WithApiKey_ReturnsTrue" fullname="Adze.Tests.Broker.BrokerModelSettingsTests.IsUsable_Enabled_WithApiKey_ReturnsTrue" methodname="IsUsable_Enabled_WithApiKey_ReturnsTrue" classname="Adze.Tests.Broker.BrokerModelSettingsTests" runstate="Runnable" seed="2139876877" result="Passed" start-time="2026-03-15T22:19:30.2135231Z" end-time="2026-03-15T22:19:30.2135231Z" duration="0.000188" asserts="1" />
            <test-case id="1-1257" name="IsUsable_NoApiKey_ReturnsFalse" fullname="Adze.Tests.Broker.BrokerModelSettingsTests.IsUsable_NoApiKey_ReturnsFalse" methodname="IsUsable_NoApiKey_ReturnsFalse" classname="Adze.Tests.Broker.BrokerModelSettingsTests" runstate="Runnable" seed="1124016232" result="Passed" start-time="2026-03-15T22:19:30.2135231Z" end-time="2026-03-15T22:19:30.2135231Z" duration="0.000101" asserts="1" />
            <test-case id="1-1259" name="IsUsable_OpenAiProvider_ReturnsTrue" fullname="Adze.Tests.Broker.BrokerModelSettingsTests.IsUsable_OpenAiProvider_ReturnsTrue" methodname="IsUsable_OpenAiProvider_ReturnsTrue" classname="Adze.Tests.Broker.BrokerModelSettingsTests" runstate="Runnable" seed="979629013" result="Passed" start-time="2026-03-15T22:19:30.2135231Z" end-time="2026-03-15T22:19:30.2135231Z" duration="0.000096" asserts="1" />
            <test-case id="1-1258" name="IsUsable_UnknownProvider_ReturnsFalse" fullname="Adze.Tests.Broker.BrokerModelSettingsTests.IsUsable_UnknownProvider_ReturnsFalse" methodname="IsUsable_UnknownProvider_ReturnsFalse" classname="Adze.Tests.Broker.BrokerModelSettingsTests" runstate="Runnable" seed="201525029" result="Passed" start-time="2026-03-15T22:19:30.2135231Z" end-time="2026-03-15T22:19:30.2145231Z" duration="0.000091" asserts="1" />
            <test-case id="1-1244" name="LoadFromEnvironment_AnthropicKeyOnly_SelectsAnthropic" fullname="Adze.Tests.Broker.BrokerModelSettingsTests.LoadFromEnvironment_AnthropicKeyOnly_SelectsAnthropic" methodname="LoadFromEnvironment_AnthropicKeyOnly_SelectsAnthropic" classname="Adze.Tests.Broker.BrokerModelSettingsTests" runstate="Runnable" seed="2111947940" result="Passed" start-time="2026-03-15T22:19:30.2145231Z" end-time="2026-03-15T22:19:30.2155235Z" duration="0.001549" asserts="3" />
            <test-case id="1-1250" name="LoadFromEnvironment_BackwardCompatibleTokens_Applied" fullname="Adze.Tests.Broker.BrokerModelSettingsTests.LoadFromEnvironment_BackwardCompatibleTokens_Applied" methodname="LoadFromEnvironment_BackwardCompatibleTokens_Applied" classname="Adze.Tests.Broker.BrokerModelSettingsTests" runstate="Runnable" seed="295207441" result="Passed" start-time="2026-03-15T22:19:30.2155235Z" end-time="2026-03-15T22:19:30.2155235Z" duration="0.000214" asserts="1" />
            <test-case id="1-1246" name="LoadFromEnvironment_BothKeys_DefaultsToAnthropic" fullname="Adze.Tests.Broker.BrokerModelSettingsTests.LoadFromEnvironment_BothKeys_DefaultsToAnthropic" methodname="LoadFromEnvironment_BothKeys_DefaultsToAnthropic" classname="Adze.Tests.Broker.BrokerModelSettingsTests" runstate="Runnable" seed="2111951442" result="Passed" start-time="2026-03-15T22:19:30.2155235Z" end-time="2026-03-15T22:19:30.2155235Z" duration="0.000151" asserts="2" />
            <test-case id="1-1249" name="LoadFromEnvironment_CustomMaxTokens_AppliesOverride" fullname="Adze.Tests.Broker.BrokerModelSettingsTests.LoadFromEnvironment_CustomMaxTokens_AppliesOverride" methodname="LoadFromEnvironment_CustomMaxTokens_AppliesOverride" classname="Adze.Tests.Broker.BrokerModelSettingsTests" runstate="Runnable" seed="643298527" result="Passed" start-time="2026-03-15T22:19:30.2155235Z" end-time="2026-03-15T22:19:30.2165232Z" duration="0.000130" asserts="1" />
            <test-case id="1-1254" name="LoadFromEnvironment_CustomTemperature_Applied" fullname="Adze.Tests.Broker.BrokerModelSettingsTests.LoadFromEnvironment_CustomTemperature_Applied" methodname="LoadFromEnvironment_CustomTemperature_Applied" classname="Adze.Tests.Broker.BrokerModelSettingsTests" runstate="Runnable" seed="1084810710" result="Passed" start-time="2026-03-15T22:19:30.2165232Z" end-time="2026-03-15T22:19:30.2165232Z" duration="0.000148" asserts="1" />
            <test-case id="1-1252" name="LoadFromEnvironment_EnableModelExplicitlyFalse_DisablesEvenWithKey" fullname="Adze.Tests.Broker.BrokerModelSettingsTests.LoadFromEnvironment_EnableModelExplicitlyFalse_DisablesEvenWithKey" methodname="LoadFromEnvironment_EnableModelExplicitlyFalse_DisablesEvenWithKey" classname="Adze.Tests.Broker.BrokerModelSettingsTests" runstate="Runnable" seed="1158785209" result="Passed" start-time="2026-03-15T22:19:30.2165232Z" end-time="2026-03-15T22:19:30.2165232Z" duration="0.000118" asserts="1" />
            <test-case id="1-1253" name="LoadFromEnvironment_EnableModelTrue_EnabledExplicitly" fullname="Adze.Tests.Broker.BrokerModelSettingsTests.LoadFromEnvironment_EnableModelTrue_EnabledExplicitly" methodname="LoadFromEnvironment_EnableModelTrue_EnabledExplicitly" classname="Adze.Tests.Broker.BrokerModelSettingsTests" runstate="Runnable" seed="861398631" result="Passed" start-time="2026-03-15T22:19:30.2165232Z" end-time="2026-03-15T22:19:30.2165232Z" duration="0.000104" asserts="1" />
            <test-case id="1-1247" name="LoadFromEnvironment_ExplicitProvider_OverridesAutoDetection" fullname="Adze.Tests.Broker.BrokerModelSettingsTests.LoadFromEnvironment_ExplicitProvider_OverridesAutoDetection" methodname="LoadFromEnvironment_ExplicitProvider_OverridesAutoDetection" classname="Adze.Tests.Broker.BrokerModelSettingsTests" runstate="Runnable" seed="688083025" result="Passed" start-time="2026-03-15T22:19:30.2165232Z" end-time="2026-03-15T22:19:30.2165232Z" duration="0.000207" asserts="2" />
            <test-case id="1-1251" name="LoadFromEnvironment_NewTokensOverrideBackwardCompat" fullname="Adze.Tests.Broker.BrokerModelSettingsTests.LoadFromEnvironment_NewTokensOverrideBackwardCompat" methodname="LoadFromEnvironment_NewTokensOverrideBackwardCompat" classname="Adze.Tests.Broker.BrokerModelSettingsTests" runstate="Runnable" seed="268997181" result="Passed" start-time="2026-03-15T22:19:30.2165232Z" end-time="2026-03-15T22:19:30.2165232Z" duration="0.000159" asserts="1" />
            <test-case id="1-1243" name="LoadFromEnvironment_NoVars_ReturnsDefaults" fullname="Adze.Tests.Broker.BrokerModelSettingsTests.LoadFromEnvironment_NoVars_ReturnsDefaults" methodname="LoadFromEnvironment_NoVars_ReturnsDefaults" classname="Adze.Tests.Broker.BrokerModelSettingsTests" runstate="Runnable" seed="1499546864" result="Passed" start-time="2026-03-15T22:19:30.2165232Z" end-time="2026-03-15T22:19:30.2175231Z" duration="0.000361" asserts="10" />
            <test-case id="1-1245" name="LoadFromEnvironment_OpenAiKeyOnly_SelectsOpenAi" fullname="Adze.Tests.Broker.BrokerModelSettingsTests.LoadFromEnvironment_OpenAiKeyOnly_SelectsOpenAi" methodname="LoadFromEnvironment_OpenAiKeyOnly_SelectsOpenAi" classname="Adze.Tests.Broker.BrokerModelSettingsTests" runstate="Runnable" seed="1155629" result="Passed" start-time="2026-03-15T22:19:30.2175231Z" end-time="2026-03-15T22:19:30.2175231Z" duration="0.000275" asserts="4" />
            <test-case id="1-1248" name="LoadFromEnvironment_PrefixedKeyTakesPrecedence" fullname="Adze.Tests.Broker.BrokerModelSettingsTests.LoadFromEnvironment_PrefixedKeyTakesPrecedence" methodname="LoadFromEnvironment_PrefixedKeyTakesPrecedence" classname="Adze.Tests.Broker.BrokerModelSettingsTests" runstate="Runnable" seed="861508922" result="Passed" start-time="2026-03-15T22:19:30.2175231Z" end-time="2026-03-15T22:19:30.2175231Z" duration="0.000139" asserts="1" />
          </test-suite>
          <test-suite type="TestFixture" id="1-1360" name="BudgetStatusTests" fullname="Adze.Tests.Broker.BudgetStatusTests" classname="Adze.Tests.Broker.BudgetStatusTests" runstate="Runnable" testcasecount="6" result="Passed" start-time="2026-03-15T22:19:30.2175231Z" end-time="2026-03-15T22:19:30.2185282Z" duration="0.000950" total="6" passed="6" failed="0" warnings="0" inconclusive="0" skipped="0" asserts="12">
            <test-case id="1-1366" name="FormatSummary_IncludesPercentages" fullname="Adze.Tests.Broker.BudgetStatusTests.FormatSummary_IncludesPercentages" methodname="FormatSummary_IncludesPercentages" classname="Adze.Tests.Broker.BudgetStatusTests" runstate="Runnable" seed="58880150" result="Passed" start-time="2026-03-15T22:19:30.2175231Z" end-time="2026-03-15T22:19:30.2185282Z" duration="0.000418" asserts="3" />
            <test-case id="1-1365" name="IsNearLimit_FalseAt50Percent" fullname="Adze.Tests.Broker.BudgetStatusTests.IsNearLimit_FalseAt50Percent" methodname="IsNearLimit_FalseAt50Percent" classname="Adze.Tests.Broker.BudgetStatusTests" runstate="Runnable" seed="553956414" result="Passed" start-time="2026-03-15T22:19:30.2185282Z" end-time="2026-03-15T22:19:30.2185282Z" duration="0.000154" asserts="1" />
            <test-case id="1-1364" name="IsNearLimit_TrueAt80Percent" fullname="Adze.Tests.Broker.BudgetStatusTests.IsNearLimit_TrueAt80Percent" methodname="IsNearLimit_TrueAt80Percent" classname="Adze.Tests.Broker.BudgetStatusTests" runstate="Runnable" seed="951672669" result="Passed" start-time="2026-03-15T22:19:30.2185282Z" end-time="2026-03-15T22:19:30.2185282Z" duration="0.000068" asserts="1" />
            <test-case id="1-1361" name="IsOverBudget_FalseWhenUnderLimit" fullname="Adze.Tests.Broker.BudgetStatusTests.IsOverBudget_FalseWhenUnderLimit" methodname="IsOverBudget_FalseWhenUnderLimit" classname="Adze.Tests.Broker.BudgetStatusTests" runstate="Runnable" seed="821190562" result="Passed" start-time="2026-03-15T22:19:30.2185282Z" end-time="2026-03-15T22:19:30.2185282Z" duration="0.000091" asserts="3" />
            <test-case id="1-1363" name="IsOverBudget_TrueWhenDailyLimitReached" fullname="Adze.Tests.Broker.BudgetStatusTests.IsOverBudget_TrueWhenDailyLimitReached" methodname="IsOverBudget_TrueWhenDailyLimitReached" classname="Adze.Tests.Broker.BudgetStatusTests" runstate="Runnable" seed="1257610600" result="Passed" start-time="2026-03-15T22:19:30.2185282Z" end-time="2026-03-15T22:19:30.2185282Z" duration="0.000077" asserts="2" />
            <test-case id="1-1362" name="IsOverBudget_TrueWhenSessionLimitReached" fullname="Adze.Tests.Broker.BudgetStatusTests.IsOverBudget_TrueWhenSessionLimitReached" methodname="IsOverBudget_TrueWhenSessionLimitReached" classname="Adze.Tests.Broker.BudgetStatusTests" runstate="Runnable" seed="1309927208" result="Passed" start-time="2026-03-15T22:19:30.2185282Z" end-time="2026-03-15T22:19:30.2185282Z" duration="0.000045" asserts="2" />
          </test-suite>
          <test-suite type="TestFixture" id="1-1283" name="ContextPromptComposerTests" fullname="Adze.Tests.Broker.ContextPromptComposerTests" classname="Adze.Tests.Broker.ContextPromptComposerTests" runstate="Runnable" testcasecount="8" result="Passed" start-time="2026-03-15T22:19:30.2185282Z" end-time="2026-03-15T22:19:30.2235608Z" duration="0.004621" total="8" passed="8" failed="0" warnings="0" inconclusive="0" skipped="0" asserts="19">
            <test-case id="1-1286" name="Compose_IncludesAllowedTools" fullname="Adze.Tests.Broker.ContextPromptComposerTests.Compose_IncludesAllowedTools" methodname="Compose_IncludesAllowedTools" classname="Adze.Tests.Broker.ContextPromptComposerTests" runstate="Runnable" seed="7905167" result="Passed" start-time="2026-03-15T22:19:30.2185282Z" end-time="2026-03-15T22:19:30.2205606Z" duration="0.001757" asserts="2" />
            <test-case id="1-1285" name="Compose_NoDocument_IncludesNone" fullname="Adze.Tests.Broker.ContextPromptComposerTests.Compose_NoDocument_IncludesNone" methodname="Compose_NoDocument_IncludesNone" classname="Adze.Tests.Broker.ContextPromptComposerTests" runstate="Runnable" seed="271024073" result="Passed" start-time="2026-03-15T22:19:30.2205606Z" end-time="2026-03-15T22:19:30.2205606Z" duration="0.000105" asserts="1" />
            <test-case id="1-1287" name="Compose_SystemPrompt_ContainsInstructions" fullname="Adze.Tests.Broker.ContextPromptComposerTests.Compose_SystemPrompt_ContainsInstructions" methodname="Compose_SystemPrompt_ContainsInstructions" classname="Adze.Tests.Broker.ContextPromptComposerTests" runstate="Runnable" seed="250069213" result="Passed" start-time="2026-03-15T22:19:30.2205606Z" end-time="2026-03-15T22:19:30.2205606Z" duration="0.000088" asserts="2" />
            <test-case id="1-1291" name="Compose_UserPrompt_IncludesDocumentMetrics" fullname="Adze.Tests.Broker.ContextPromptComposerTests.Compose_UserPrompt_IncludesDocumentMetrics" methodname="Compose_UserPrompt_IncludesDocumentMetrics" classname="Adze.Tests.Broker.ContextPromptComposerTests" runstate="Runnable" seed="889748872" result="Passed" start-time="2026-03-15T22:19:30.2205606Z" end-time="2026-03-15T22:19:30.2205606Z" duration="0.000125" asserts="3" />
            <test-case id="1-1284" name="Compose_WithDocument_IncludesDocumentInfo" fullname="Adze.Tests.Broker.ContextPromptComposerTests.Compose_WithDocument_IncludesDocumentInfo" methodname="Compose_WithDocument_IncludesDocumentInfo" classname="Adze.Tests.Broker.ContextPromptComposerTests" runstate="Runnable" seed="889340707" result="Passed" start-time="2026-03-15T22:19:30.2205606Z" end-time="2026-03-15T22:19:30.2205606Z" duration="0.000105" asserts="3" />
            <test-case id="1-1288" name="Compose_WithSelection_IncludesSelectionPreview" fullname="Adze.Tests.Broker.ContextPromptComposerTests.Compose_WithSelection_IncludesSelectionPreview" methodname="Compose_WithSelection_IncludesSelectionPreview" classname="Adze.Tests.Broker.ContextPromptComposerTests" runstate="Runnable" seed="1868067977" result="Passed" start-time="2026-03-15T22:19:30.2205606Z" end-time="2026-03-15T22:19:30.2215605Z" duration="0.000361" asserts="2" />
            <test-case id="1-1289" name="Compose_WithWarnings_IncludesDiagnostics" fullname="Adze.Tests.Broker.ContextPromptComposerTests.Compose_WithWarnings_IncludesDiagnostics" methodname="Compose_WithWarnings_IncludesDiagnostics" classname="Adze.Tests.Broker.ContextPromptComposerTests" runstate="Runnable" seed="642450367" result="Passed" start-time="2026-03-15T22:19:30.2215605Z" end-time="2026-03-15T22:19:30.2215605Z" duration="0.000187" asserts="2" />
            <test-case id="1-1290" name="ComposeSynthesisPrompt_IncludesAllFields" fullname="Adze.Tests.Broker.ContextPromptComposerTests.ComposeSynthesisPrompt_IncludesAllFields" methodname="ComposeSynthesisPrompt_IncludesAllFields" classname="Adze.Tests.Broker.ContextPromptComposerTests" runstate="Runnable" seed="886860808" result="Passed" start-time="2026-03-15T22:19:30.2215605Z" end-time="2026-03-15T22:19:30.2235608Z" duration="0.001749" asserts="4" />
          </test-suite>
          <test-suite type="TestFixture" id="1-1260" name="ConversationStateTests" fullname="Adze.Tests.Broker.ConversationStateTests" classname="Adze.Tests.Broker.ConversationStateTests" runstate="Runnable" testcasecount="22" result="Passed" start-time="2026-03-15T22:19:30.2235608Z" end-time="2026-03-15T22:19:30.2386750Z" duration="0.015038" total="22" passed="22" failed="0" warnings="0" inconclusive="0" skipped="0" asserts="51">
            <test-case id="1-1262" name="AddMessages_AccumulatesInOrder" fullname="Adze.Tests.Broker.ConversationStateTests.AddMessages_AccumulatesInOrder" methodname="AddMessages_AccumulatesInOrder" classname="Adze.Tests.Broker.ConversationStateTests" runstate="Runnable" seed="616451322" result="Passed" start-time="2026-03-15T22:19:30.2235608Z" end-time="2026-03-15T22:19:30.2245602Z" duration="0.000913" asserts="4" />
            <test-case id="1-1263" name="ConversationMessage_DefaultTimestamp_IsRecentUtc" fullname="Adze.Tests.Broker.ConversationStateTests.ConversationMessage_DefaultTimestamp_IsRecentUtc" methodname="ConversationMessage_DefaultTimestamp_IsRecentUtc" classname="Adze.Tests.Broker.ConversationStateTests" runstate="Runnable" seed="1255062658" result="Passed" start-time="2026-03-15T22:19:30.2245602Z" end-time="2026-03-15T22:19:30.2255596Z" duration="0.001806" asserts="2" />
            <test-case id="1-1264" name="ConversationMessage_ProviderAndModel_AreNullByDefault" fullname="Adze.Tests.Broker.ConversationStateTests.ConversationMessage_ProviderAndModel_AreNullByDefault" methodname="ConversationMessage_ProviderAndModel_AreNullByDefault" classname="Adze.Tests.Broker.ConversationStateTests" runstate="Runnable" seed="401965966" result="Passed" start-time="2026-03-15T22:19:30.2265603Z" end-time="2026-03-15T22:19:30.2265603Z" duration="0.000118" asserts="2" />
            <test-case id="1-1265" name="ConversationMessage_RawPayload_CanStoreArbitraryObject" fullname="Adze.Tests.Broker.ConversationStateTests.ConversationMessage_RawPayload_CanStoreArbitraryObject" methodname="ConversationMessage_RawPayload_CanStoreArbitraryObject" classname="Adze.Tests.Broker.ConversationStateTests" runstate="Runnable" seed="662664710" result="Passed" start-time="2026-03-15T22:19:30.2265603Z" end-time="2026-03-15T22:19:30.2265603Z" duration="0.000324" asserts="2" />
            <test-case id="1-1277" name="EstimateTokens_EmptyMessages_ReturnsMinimum" fullname="Adze.Tests.Broker.ConversationStateTests.EstimateTokens_EmptyMessages_ReturnsMinimum" methodname="EstimateTokens_EmptyMessages_ReturnsMinimum" classname="Adze.Tests.Broker.ConversationStateTests" runstate="Runnable" seed="396729230" result="Passed" start-time="2026-03-15T22:19:30.2265603Z" end-time="2026-03-15T22:19:30.2265603Z" duration="0.000237" asserts="1" />
            <test-case id="1-1279" name="EstimateTokens_KnownText_CalculatesCorrectly" fullname="Adze.Tests.Broker.ConversationStateTests.EstimateTokens_KnownText_CalculatesCorrectly" methodname="EstimateTokens_KnownText_CalculatesCorrectly" classname="Adze.Tests.Broker.ConversationStateTests" runstate="Runnable" seed="2002766223" result="Passed" start-time="2026-03-15T22:19:30.2265603Z" end-time="2026-03-15T22:19:30.2265603Z" duration="0.000104" asserts="1" />
            <test-case id="1-1280" name="EstimateTokens_MultipleMessages_SumsAllText" fullname="Adze.Tests.Broker.ConversationStateTests.EstimateTokens_MultipleMessages_SumsAllText" methodname="EstimateTokens_MultipleMessages_SumsAllText" classname="Adze.Tests.Broker.ConversationStateTests" runstate="Runnable" seed="421091797" result="Passed" start-time="2026-03-15T22:19:30.2265603Z" end-time="2026-03-15T22:19:30.2265603Z" duration="0.000080" asserts="1" />
            <test-case id="1-1278" name="EstimateTokens_NullCollection_ReturnsZero" fullname="Adze.Tests.Broker.ConversationStateTests.EstimateTokens_NullCollection_ReturnsZero" methodname="EstimateTokens_NullCollection_ReturnsZero" classname="Adze.Tests.Broker.ConversationStateTests" runstate="Runnable" seed="264002833" result="Passed" start-time="2026-03-15T22:19:30.2265603Z" end-time="2026-03-15T22:19:30.2265603Z" duration="0.000041" asserts="1" />
            <test-case id="1-1282" name="EstimateTokens_NullText_TreatedAsEmpty" fullname="Adze.Tests.Broker.ConversationStateTests.EstimateTokens_NullText_TreatedAsEmpty" methodname="EstimateTokens_NullText_TreatedAsEmpty" classname="Adze.Tests.Broker.ConversationStateTests" runstate="Runnable" seed="1652104876" result="Passed" start-time="2026-03-15T22:19:30.2265603Z" end-time="2026-03-15T22:19:30.2275606Z" duration="0.000246" asserts="1" />
            <test-case id="1-1261" name="NewState_HasEmptyMessages" fullname="Adze.Tests.Broker.ConversationStateTests.NewState_HasEmptyMessages" methodname="NewState_HasEmptyMessages" classname="Adze.Tests.Broker.ConversationStateTests" runstate="Runnable" seed="1089640597" result="Passed" start-time="2026-03-15T22:19:30.2275606Z" end-time="2026-03-15T22:19:30.2275606Z" duration="0.000171" asserts="3" />
            <test-case id="1-1271" name="Truncate_DropsMiddleMessages" fullname="Adze.Tests.Broker.ConversationStateTests.Truncate_DropsMiddleMessages" methodname="Truncate_DropsMiddleMessages" classname="Adze.Tests.Broker.ConversationStateTests" runstate="Runnable" seed="1738751742" result="Passed" start-time="2026-03-15T22:19:30.2275606Z" end-time="2026-03-15T22:19:30.2315769Z" duration="0.004298" asserts="8" />
            <test-case id="1-1272" name="Truncate_EmptyState_ProducesNoErrors" fullname="Adze.Tests.Broker.ConversationStateTests.Truncate_EmptyState_ProducesNoErrors" methodname="Truncate_EmptyState_ProducesNoErrors" classname="Adze.Tests.Broker.ConversationStateTests" runstate="Runnable" seed="1332919549" result="Passed" start-time="2026-03-15T22:19:30.2315769Z" end-time="2026-03-15T22:19:30.2315769Z" duration="0.000084" asserts="2" />
            <test-case id="1-1267" name="Truncate_ExactlyAtLimit_ReturnsAllMessages" fullname="Adze.Tests.Broker.ConversationStateTests.Truncate_ExactlyAtLimit_ReturnsAllMessages" methodname="Truncate_ExactlyAtLimit_ReturnsAllMessages" classname="Adze.Tests.Broker.ConversationStateTests" runstate="Runnable" seed="281227591" result="Passed" start-time="2026-03-15T22:19:30.2315769Z" end-time="2026-03-15T22:19:30.2315769Z" duration="0.000063" asserts="1" />
            <test-case id="1-1273" name="Truncate_NullState_ThrowsArgumentNullException" fullname="Adze.Tests.Broker.ConversationStateTests.Truncate_NullState_ThrowsArgumentNullException" methodname="Truncate_NullState_ThrowsArgumentNullException" classname="Adze.Tests.Broker.ConversationStateTests" runstate="Runnable" seed="303955687" result="Passed" start-time="2026-03-15T22:19:30.2315769Z" end-time="2026-03-15T22:19:30.2315769Z" duration="0.000131" asserts="1" />
            <test-case id="1-1275" name="Truncate_PolicyDisableProtections_DropsEverythingExceptRecent" fullname="Adze.Tests.Broker.ConversationStateTests.Truncate_PolicyDisableProtections_DropsEverythingExceptRecent" methodname="Truncate_PolicyDisableProtections_DropsEverythingExceptRecent" classname="Adze.Tests.Broker.ConversationStateTests" runstate="Runnable" seed="1415228087" result="Passed" start-time="2026-03-15T22:19:30.2315769Z" end-time="2026-03-15T22:19:30.2366753Z" duration="0.004590" asserts="4" />
            <test-case id="1-1269" name="Truncate_PreservesInitialUserIntent" fullname="Adze.Tests.Broker.ConversationStateTests.Truncate_PreservesInitialUserIntent" methodname="Truncate_PreservesInitialUserIntent" classname="Adze.Tests.Broker.ConversationStateTests" runstate="Runnable" seed="730786755" result="Passed" start-time="2026-03-15T22:19:30.2366753Z" end-time="2026-03-15T22:19:30.2366753Z" duration="0.000210" asserts="1" />
            <test-case id="1-1270" name="Truncate_PreservesRecentTurns" fullname="Adze.Tests.Broker.ConversationStateTests.Truncate_PreservesRecentTurns" methodname="Truncate_PreservesRecentTurns" classname="Adze.Tests.Broker.ConversationStateTests" runstate="Runnable" seed="1627067698" result="Passed" start-time="2026-03-15T22:19:30.2366753Z" end-time="2026-03-15T22:19:30.2366753Z" duration="0.000219" asserts="6" />
            <test-case id="1-1276" name="Truncate_PreservesSessionMetadata" fullname="Adze.Tests.Broker.ConversationStateTests.Truncate_PreservesSessionMetadata" methodname="Truncate_PreservesSessionMetadata" classname="Adze.Tests.Broker.ConversationStateTests" runstate="Runnable" seed="422314324" result="Passed" start-time="2026-03-15T22:19:30.2366753Z" end-time="2026-03-15T22:19:30.2376750Z" duration="0.000495" asserts="3" />
            <test-case id="1-1268" name="Truncate_PreservesSystemMessage" fullname="Adze.Tests.Broker.ConversationStateTests.Truncate_PreservesSystemMessage" methodname="Truncate_PreservesSystemMessage" classname="Adze.Tests.Broker.ConversationStateTests" runstate="Runnable" seed="105701754" result="Passed" start-time="2026-03-15T22:19:30.2376750Z" end-time="2026-03-15T22:19:30.2376750Z" duration="0.000124" asserts="2" />
            <test-case id="1-1274" name="Truncate_SingleSystemMessage_Preserved" fullname="Adze.Tests.Broker.ConversationStateTests.Truncate_SingleSystemMessage_Preserved" methodname="Truncate_SingleSystemMessage_Preserved" classname="Adze.Tests.Broker.ConversationStateTests" runstate="Runnable" seed="1832917970" result="Passed" start-time="2026-03-15T22:19:30.2376750Z" end-time="2026-03-15T22:19:30.2376750Z" duration="0.000132" asserts="2" />
            <test-case id="1-1266" name="Truncate_UnderLimit_ReturnsAllMessages" fullname="Adze.Tests.Broker.ConversationStateTests.Truncate_UnderLimit_ReturnsAllMessages" methodname="Truncate_UnderLimit_ReturnsAllMessages" classname="Adze.Tests.Broker.ConversationStateTests" runstate="Runnable" seed="1162867861" result="Passed" start-time="2026-03-15T22:19:30.2376750Z" end-time="2026-03-15T22:19:30.2376750Z" duration="0.000067" asserts="1" />
            <test-case id="1-1281" name="Truncate_UpdatesEstimatedTotalTokens" fullname="Adze.Tests.Broker.ConversationStateTests.Truncate_UpdatesEstimatedTotalTokens" methodname="Truncate_UpdatesEstimatedTotalTokens" classname="Adze.Tests.Broker.ConversationStateTests" runstate="Runnable" seed="1930955201" result="Passed" start-time="2026-03-15T22:19:30.2376750Z" end-time="2026-03-15T22:19:30.2386750Z" duration="0.000238" asserts="2" />
          </test-suite>
          <test-suite type="TestFixture" id="1-1358" name="CostBudgetSettingsTests" fullname="Adze.Tests.Broker.CostBudgetSettingsTests" classname="Adze.Tests.Broker.CostBudgetSettingsTests" runstate="Runnable" testcasecount="1" result="Passed" start-time="2026-03-15T22:19:30.2386750Z" end-time="2026-03-15T22:19:30.2386750Z" duration="0.000476" total="1" passed="1" failed="0" warnings="0" inconclusive="0" skipped="0" asserts="3">
            <test-case id="1-1359" name="Defaults_AreReasonable" fullname="Adze.Tests.Broker.CostBudgetSettingsTests.Defaults_AreReasonable" methodname="Defaults_AreReasonable" classname="Adze.Tests.Broker.CostBudgetSettingsTests" runstate="Runnable" seed="1474957929" result="Passed" start-time="2026-03-15T22:19:30.2386750Z" end-time="2026-03-15T22:19:30.2386750Z" duration="0.000370" asserts="3" />
          </test-suite>
          <test-suite type="TestFixture" id="1-1388" name="DefaultVerificationPolicyTests" fullname="Adze.Tests.Broker.DefaultVerificationPolicyTests" classname="Adze.Tests.Broker.DefaultVerificationPolicyTests" runstate="Runnable" testcasecount="8" result="Passed" start-time="2026-03-15T22:19:30.2386750Z" end-time="2026-03-15T22:19:30.2407007Z" duration="0.002217" total="8" passed="8" failed="0" warnings="0" inconclusive="0" skipped="0" asserts="19">
            <test-case id="1-1389" name="Evaluate_ChangeConfirmed_NoIssues_Accepts" fullname="Adze.Tests.Broker.DefaultVerificationPolicyTests.Evaluate_ChangeConfirmed_NoIssues_Accepts" methodname="Evaluate_ChangeConfirmed_NoIssues_Accepts" classname="Adze.Tests.Broker.DefaultVerificationPolicyTests" runstate="Runnable" seed="551287425" result="Passed" start-time="2026-03-15T22:19:30.2386750Z" end-time="2026-03-15T22:19:30.2397066Z" duration="0.000983" asserts="2" />
            <test-case id="1-1390" name="Evaluate_ChangeNotConfirmed_SuggestsRollback" fullname="Adze.Tests.Broker.DefaultVerificationPolicyTests.Evaluate_ChangeNotConfirmed_SuggestsRollback" methodname="Evaluate_ChangeNotConfirmed_SuggestsRollback" classname="Adze.Tests.Broker.DefaultVerificationPolicyTests" runstate="Runnable" seed="1880035557" result="Passed" start-time="2026-03-15T22:19:30.2397066Z" end-time="2026-03-15T22:19:30.2397066Z" duration="0.000159" asserts="3" />
            <test-case id="1-1394" name="Evaluate_ChangeNotConfirmed_TakesPrecedenceOverWarnings" fullname="Adze.Tests.Broker.DefaultVerificationPolicyTests.Evaluate_ChangeNotConfirmed_TakesPrecedenceOverWarnings" methodname="Evaluate_ChangeNotConfirmed_TakesPrecedenceOverWarnings" classname="Adze.Tests.Broker.DefaultVerificationPolicyTests" runstate="Runnable" seed="990862373" result="Passed" start-time="2026-03-15T22:19:30.2397066Z" end-time="2026-03-15T22:19:30.2407007Z" duration="0.000146" asserts="1" />
            <test-case id="1-1396" name="Evaluate_CustomProperty_NoRebuild_CleanSuccess" fullname="Adze.Tests.Broker.DefaultVerificationPolicyTests.Evaluate_CustomProperty_NoRebuild_CleanSuccess" methodname="Evaluate_CustomProperty_NoRebuild_CleanSuccess" classname="Adze.Tests.Broker.DefaultVerificationPolicyTests" runstate="Runnable" seed="2131812190" result="Passed" start-time="2026-03-15T22:19:30.2407007Z" end-time="2026-03-15T22:19:30.2407007Z" duration="0.000094" asserts="2" />
            <test-case id="1-1391" name="Evaluate_RebuildFailed_SuggestsRollback" fullname="Adze.Tests.Broker.DefaultVerificationPolicyTests.Evaluate_RebuildFailed_SuggestsRollback" methodname="Evaluate_RebuildFailed_SuggestsRollback" classname="Adze.Tests.Broker.DefaultVerificationPolicyTests" runstate="Runnable" seed="1882705283" result="Passed" start-time="2026-03-15T22:19:30.2407007Z" end-time="2026-03-15T22:19:30.2407007Z" duration="0.000104" asserts="3" />
            <test-case id="1-1395" name="Evaluate_RebuildFailed_TakesPrecedenceOverUnexpected" fullname="Adze.Tests.Broker.DefaultVerificationPolicyTests.Evaluate_RebuildFailed_TakesPrecedenceOverUnexpected" methodname="Evaluate_RebuildFailed_TakesPrecedenceOverUnexpected" classname="Adze.Tests.Broker.DefaultVerificationPolicyTests" runstate="Runnable" seed="1007188361" result="Passed" start-time="2026-03-15T22:19:30.2407007Z" end-time="2026-03-15T22:19:30.2407007Z" duration="0.000217" asserts="2" />
            <test-case id="1-1393" name="Evaluate_RebuildWarnings_AcceptsWithNote" fullname="Adze.Tests.Broker.DefaultVerificationPolicyTests.Evaluate_RebuildWarnings_AcceptsWithNote" methodname="Evaluate_RebuildWarnings_AcceptsWithNote" classname="Adze.Tests.Broker.DefaultVerificationPolicyTests" runstate="Runnable" seed="1294597510" result="Passed" start-time="2026-03-15T22:19:30.2407007Z" end-time="2026-03-15T22:19:30.2407007Z" duration="0.000133" asserts="3" />
            <test-case id="1-1392" name="Evaluate_UnexpectedChanges_SuggestsRollback" fullname="Adze.Tests.Broker.DefaultVerificationPolicyTests.Evaluate_UnexpectedChanges_SuggestsRollback" methodname="Evaluate_UnexpectedChanges_SuggestsRollback" classname="Adze.Tests.Broker.DefaultVerificationPolicyTests" runstate="Runnable" seed="93055001" result="Passed" start-time="2026-03-15T22:19:30.2407007Z" end-time="2026-03-15T22:19:30.2407007Z" duration="0.000221" asserts="3" />
          </test-suite>
          <test-suite type="TestFixture" id="1-1367" name="FeatureGateRegistryTests" fullname="Adze.Tests.Broker.FeatureGateRegistryTests" classname="Adze.Tests.Broker.FeatureGateRegistryTests" runstate="Runnable" testcasecount="4" result="Passed" start-time="2026-03-15T22:19:30.2407007Z" end-time="2026-03-15T22:19:30.2427167Z" duration="0.001437" total="4" passed="4" failed="0" warnings="0" inconclusive="0" skipped="0" asserts="12">
            <test-case id="1-1369" name="FormatSummary_ContainsAllGateNames" fullname="Adze.Tests.Broker.FeatureGateRegistryTests.FormatSummary_ContainsAllGateNames" methodname="FormatSummary_ContainsAllGateNames" classname="Adze.Tests.Broker.FeatureGateRegistryTests" runstate="Runnable" seed="529520533" result="Passed" start-time="2026-03-15T22:19:30.2407007Z" end-time="2026-03-15T22:19:30.2417000Z" duration="0.001084" asserts="5" />
            <test-case id="1-1371" name="GateConstants_MatchExpectedNames" fullname="Adze.Tests.Broker.FeatureGateRegistryTests.GateConstants_MatchExpectedNames" methodname="GateConstants_MatchExpectedNames" classname="Adze.Tests.Broker.FeatureGateRegistryTests" runstate="Runnable" seed="779879431" result="Passed" start-time="2026-03-15T22:19:30.2417000Z" end-time="2026-03-15T22:19:30.2427167Z" duration="0.000052" asserts="5" />
            <test-case id="1-1368" name="GetAllStates_Returns5Gates" fullname="Adze.Tests.Broker.FeatureGateRegistryTests.GetAllStates_Returns5Gates" methodname="GetAllStates_Returns5Gates" classname="Adze.Tests.Broker.FeatureGateRegistryTests" runstate="Runnable" seed="708556813" result="Passed" start-time="2026-03-15T22:19:30.2427167Z" end-time="2026-03-15T22:19:30.2427167Z" duration="0.000159" asserts="1" />
            <test-case id="1-1370" name="IsEnabled_ReturnsFalseForUnsetGate" fullname="Adze.Tests.Broker.FeatureGateRegistryTests.IsEnabled_ReturnsFalseForUnsetGate" methodname="IsEnabled_ReturnsFalseForUnsetGate" classname="Adze.Tests.Broker.FeatureGateRegistryTests" runstate="Runnable" seed="1973711453" result="Passed" start-time="2026-03-15T22:19:30.2427167Z" end-time="2026-03-15T22:19:30.2427167Z" duration="0.000067" asserts="1" />
          </test-suite>
          <test-suite type="TestFixture" id="1-1302" name="GroundingAnswerBuilderTests" fullname="Adze.Tests.Broker.GroundingAnswerBuilderTests" classname="Adze.Tests.Broker.GroundingAnswerBuilderTests" runstate="Runnable" testcasecount="13" result="Passed" start-time="2026-03-15T22:19:30.2427167Z" end-time="2026-03-15T22:19:30.2497243Z" duration="0.007682" total="13" passed="13" failed="0" warnings="0" inconclusive="0" skipped="0" asserts="36">
            <test-case id="1-1303" name="Build_HostUnavailable_ShowsBlockersAndRecovery" fullname="Adze.Tests.Broker.GroundingAnswerBuilderTests.Build_HostUnavailable_ShowsBlockersAndRecovery" methodname="Build_HostUnavailable_ShowsBlockersAndRecovery" classname="Adze.Tests.Broker.GroundingAnswerBuilderTests" runstate="Runnable" seed="1720843381" result="Passed" start-time="2026-03-15T22:19:30.2427167Z" end-time="2026-03-15T22:19:30.2476991Z" duration="0.004938" asserts="4" />
            <test-case id="1-1310" name="Build_MixedResults_ShowsUnavailableTools" fullname="Adze.Tests.Broker.GroundingAnswerBuilderTests.Build_MixedResults_ShowsUnavailableTools" methodname="Build_MixedResults_ShowsUnavailableTools" classname="Adze.Tests.Broker.GroundingAnswerBuilderTests" runstate="Runnable" seed="554923802" result="Passed" start-time="2026-03-15T22:19:30.2476991Z" end-time="2026-03-15T22:19:30.2486998Z" duration="0.000781" asserts="2" />
            <test-case id="1-1304" name="Build_NeedsDocument_ShowsBlockersAndRecovery" fullname="Adze.Tests.Broker.GroundingAnswerBuilderTests.Build_NeedsDocument_ShowsBlockersAndRecovery" methodname="Build_NeedsDocument_ShowsBlockersAndRecovery" classname="Adze.Tests.Broker.GroundingAnswerBuilderTests" runstate="Runnable" seed="1608412481" result="Passed" start-time="2026-03-15T22:19:30.2486998Z" end-time="2026-03-15T22:19:30.2486998Z" duration="0.000166" asserts="4" />
            <test-case id="1-1306" name="Build_NoSuccessfulTools_ShowsBlockedToolNames" fullname="Adze.Tests.Broker.GroundingAnswerBuilderTests.Build_NoSuccessfulTools_ShowsBlockedToolNames" methodname="Build_NoSuccessfulTools_ShowsBlockedToolNames" classname="Adze.Tests.Broker.GroundingAnswerBuilderTests" runstate="Runnable" seed="1598067099" result="Passed" start-time="2026-03-15T22:19:30.2486998Z" end-time="2026-03-15T22:19:30.2486998Z" duration="0.000164" asserts="3" />
            <test-case id="1-1305" name="Build_NoSuccessfulTools_ShowsCannotGroundMessage" fullname="Adze.Tests.Broker.GroundingAnswerBuilderTests.Build_NoSuccessfulTools_ShowsCannotGroundMessage" methodname="Build_NoSuccessfulTools_ShowsCannotGroundMessage" classname="Adze.Tests.Broker.GroundingAnswerBuilderTests" runstate="Runnable" seed="874810908" result="Passed" start-time="2026-03-15T22:19:30.2486998Z" end-time="2026-03-15T22:19:30.2486998Z" duration="0.000087" asserts="1" />
            <test-case id="1-1307" name="Build_NoSuccessfulTools_ShowsRecoverySuggestions" fullname="Adze.Tests.Broker.GroundingAnswerBuilderTests.Build_NoSuccessfulTools_ShowsRecoverySuggestions" methodname="Build_NoSuccessfulTools_ShowsRecoverySuggestions" classname="Adze.Tests.Broker.GroundingAnswerBuilderTests" runstate="Runnable" seed="1971161682" result="Passed" start-time="2026-03-15T22:19:30.2486998Z" end-time="2026-03-15T22:19:30.2486998Z" duration="0.000116" asserts="2" />
            <test-case id="1-1314" name="Build_ShowsRequestInHeader" fullname="Adze.Tests.Broker.GroundingAnswerBuilderTests.Build_ShowsRequestInHeader" methodname="Build_ShowsRequestInHeader" classname="Adze.Tests.Broker.GroundingAnswerBuilderTests" runstate="Runnable" seed="223080491" result="Passed" start-time="2026-03-15T22:19:30.2486998Z" end-time="2026-03-15T22:19:30.2486998Z" duration="0.000285" asserts="2" />
            <test-case id="1-1309" name="Build_SuccessfulTools_LimitsToFourSummaries" fullname="Adze.Tests.Broker.GroundingAnswerBuilderTests.Build_SuccessfulTools_LimitsToFourSummaries" methodname="Build_SuccessfulTools_LimitsToFourSummaries" classname="Adze.Tests.Broker.GroundingAnswerBuilderTests" runstate="Runnable" seed="551794425" result="Passed" start-time="2026-03-15T22:19:30.2486998Z" end-time="2026-03-15T22:19:30.2497243Z" duration="0.000335" asserts="5" />
            <test-case id="1-1308" name="Build_SuccessfulTools_ShowsGroundedFindings" fullname="Adze.Tests.Broker.GroundingAnswerBuilderTests.Build_SuccessfulTools_ShowsGroundedFindings" methodname="Build_SuccessfulTools_ShowsGroundedFindings" classname="Adze.Tests.Broker.GroundingAnswerBuilderTests" runstate="Runnable" seed="574094965" result="Passed" start-time="2026-03-15T22:19:30.2497243Z" end-time="2026-03-15T22:19:30.2497243Z" duration="0.000133" asserts="3" />
            <test-case id="1-1313" name="Build_WithAssistantMessage_ShowsMessageBeforeFindings" fullname="Adze.Tests.Broker.GroundingAnswerBuilderTests.Build_WithAssistantMessage_ShowsMessageBeforeFindings" methodname="Build_WithAssistantMessage_ShowsMessageBeforeFindings" classname="Adze.Tests.Broker.GroundingAnswerBuilderTests" runstate="Runnable" seed="369234028" result="Passed" start-time="2026-03-15T22:19:30.2497243Z" end-time="2026-03-15T22:19:30.2497243Z" duration="0.000147" asserts="2" />
            <test-case id="1-1311" name="Build_WithBlockers_ShowsCurrentBlockers" fullname="Adze.Tests.Broker.GroundingAnswerBuilderTests.Build_WithBlockers_ShowsCurrentBlockers" methodname="Build_WithBlockers_ShowsCurrentBlockers" classname="Adze.Tests.Broker.GroundingAnswerBuilderTests" runstate="Runnable" seed="1155962627" result="Passed" start-time="2026-03-15T22:19:30.2497243Z" end-time="2026-03-15T22:19:30.2497243Z" duration="0.000116" asserts="2" />
            <test-case id="1-1315" name="Build_WithRecoveryAndFollowUp_ShowsSuggestedSections" fullname="Adze.Tests.Broker.GroundingAnswerBuilderTests.Build_WithRecoveryAndFollowUp_ShowsSuggestedSections" methodname="Build_WithRecoveryAndFollowUp_ShowsSuggestedSections" classname="Adze.Tests.Broker.GroundingAnswerBuilderTests" runstate="Runnable" seed="702874333" result="Passed" start-time="2026-03-15T22:19:30.2497243Z" end-time="2026-03-15T22:19:30.2497243Z" duration="0.000156" asserts="4" />
[...]
          </test-suite>
        </test-suite>
        <test-suite type="TestSuite" id="1-1418" name="Trace" fullname="Adze.Tests.Trace" runstate="Runnable" testcasecount="36" result="Passed" start-time="2026-03-15T22:19:30.0140851Z" end-time="2026-03-15T22:19:30.4657909Z" duration="0.451715" total="36" passed="36" failed="0" warnings="0" inconclusive="0" skipped="0" asserts="106">
          <test-suite type="TestFixture" id="1-1075" name="AgentRecipeCaptureServiceTests" fullname="Adze.Tests.Trace.AgentRecipeCaptureServiceTests" classname="Adze.Tests.Trace.AgentRecipeCaptureServiceTests" runstate="Runnable" testcasecount="6" result="Passed" start-time="2026-03-15T22:19:30.3934079Z" end-time="2026-03-15T22:19:30.4230134Z" duration="0.029374" total="6" passed="6" failed="0" warnings="0" inconclusive="0" skipped="0" asserts="13">
            <test-case id="1-1076" name="CaptureFromAgentRun_EmptyToolSequence_ReturnsNull" fullname="Adze.Tests.Trace.AgentRecipeCaptureServiceTests.CaptureFromAgentRun_EmptyToolSequence_ReturnsNull" methodname="CaptureFromAgentRun_EmptyToolSequence_ReturnsNull" classname="Adze.Tests.Trace.AgentRecipeCaptureServiceTests" runstate="Runnable" seed="531008718" result="Passed" start-time="2026-03-15T22:19:30.3934079Z" end-time="2026-03-15T22:19:30.3934079Z" duration="0.000481" asserts="1" />
            <test-case id="1-1080" name="CaptureFromAgentRun_MultipleCalls_AccumulatesTraces" fullname="Adze.Tests.Trace.AgentRecipeCaptureServiceTests.CaptureFromAgentRun_MultipleCalls_AccumulatesTraces" methodname="CaptureFromAgentRun_MultipleCalls_AccumulatesTraces" classname="Adze.Tests.Trace.AgentRecipeCaptureServiceTests" runstate="Runnable" seed="1025786980" result="Passed" start-time="2026-03-15T22:19:30.3934079Z" end-time="2026-03-15T22:19:30.4094354Z" duration="0.015232" asserts="2" />
            <test-case id="1-1077" name="CaptureFromAgentRun_ReadOnlyTools_CreatesCandidateWithoutWriteCheck" fullname="Adze.Tests.Trace.AgentRecipeCaptureServiceTests.CaptureFromAgentRun_ReadOnlyTools_CreatesCandidateWithoutWriteCheck" methodname="CaptureFromAgentRun_ReadOnlyTools_CreatesCandidateWithoutWriteCheck" classname="Adze.Tests.Trace.AgentRecipeCaptureServiceTests" runstate="Runnable" seed="1436390247" result="Passed" start-time="2026-03-15T22:19:30.4094354Z" end-time="2026-03-15T22:19:30.4094354Z" duration="0.000662" asserts="3" />
            <test-case id="1-1081" name="CaptureFromAgentRun_ThreeCalls_BecomesReviewReady" fullname="Adze.Tests.Trace.AgentRecipeCaptureServiceTests.CaptureFromAgentRun_ThreeCalls_BecomesReviewReady" methodname="CaptureFromAgentRun_ThreeCalls_BecomesReviewReady" classname="Adze.Tests.Trace.AgentRecipeCaptureServiceTests" runstate="Runnable" seed="1602498732" result="Passed" start-time="2026-03-15T22:19:30.4094354Z" end-time="2026-03-15T22:19:30.4220119Z" duration="0.011949" asserts="3" />
            <test-case id="1-1079" name="CaptureFromAgentRun_WriteToolsVerified_CreatesCandidate" fullname="Adze.Tests.Trace.AgentRecipeCaptureServiceTests.CaptureFromAgentRun_WriteToolsVerified_CreatesCandidate" methodname="CaptureFromAgentRun_WriteToolsVerified_CreatesCandidate" classname="Adze.Tests.Trace.AgentRecipeCaptureServiceTests" runstate="Runnable" seed="796619403" result="Passed" start-time="2026-03-15T22:19:30.4220119Z" end-time="2026-03-15T22:19:30.4220119Z" duration="0.000657" asserts="3" />
            <test-case id="1-1078" name="CaptureFromAgentRun_WriteToolsWithoutVerification_ReturnsNull" fullname="Adze.Tests.Trace.AgentRecipeCaptureServiceTests.CaptureFromAgentRun_WriteToolsWithoutVerification_ReturnsNull" methodname="CaptureFromAgentRun_WriteToolsWithoutVerification_ReturnsNull" classname="Adze.Tests.Trace.AgentRecipeCaptureServiceTests" runstate="Runnable" seed="1222716276" result="Passed" start-time="2026-03-15T22:19:30.4220119Z" end-time="2026-03-15T22:19:30.4230134Z" duration="0.000140" asserts="1" />
          </test-suite>
          <test-suite type="TestFixture" id="1-1086" name="DocumentMemoryTests" fullname="Adze.Tests.Trace.DocumentMemoryTests" classname="Adze.Tests.Trace.DocumentMemoryTests" runstate="Runnable" testcasecount="2" result="Passed" start-time="2026-03-15T22:19:30.4230134Z" end-time="2026-03-15T22:19:30.4240124Z" duration="0.000695" total="2" passed="2" failed="0" warnings="0" inconclusive="0" skipped="0" asserts="9">
            <test-case id="1-1087" name="DocumentMemory_DefaultsToEmptyCollections" fullname="Adze.Tests.Trace.DocumentMemoryTests.DocumentMemory_DefaultsToEmptyCollections" methodname="DocumentMemory_DefaultsToEmptyCollections" classname="Adze.Tests.Trace.DocumentMemoryTests" runstate="Runnable" seed="1251804247" result="Passed" start-time="2026-03-15T22:19:30.4230134Z" end-time="2026-03-15T22:19:30.4240124Z" duration="0.000447" asserts="6" />
            <test-case id="1-1088" name="UserPreferenceMemory_DefaultsToBriefConcise" fullname="Adze.Tests.Trace.DocumentMemoryTests.UserPreferenceMemory_DefaultsToBriefConcise" methodname="UserPreferenceMemory_DefaultsToBriefConcise" classname="Adze.Tests.Trace.DocumentMemoryTests" runstate="Runnable" seed="1210130815" result="Passed" start-time="2026-03-15T22:19:30.4240124Z" end-time="2026-03-15T22:19:30.4240124Z" duration="0.000166" asserts="3" />
          </test-suite>
          <test-suite type="TestFixture" id="1-1089" name="MemoryStoreTests" fullname="Adze.Tests.Trace.MemoryStoreTests" classname="Adze.Tests.Trace.MemoryStoreTests" runstate="Runnable" testcasecount="10" result="Passed" start-time="2026-03-15T22:19:30.4240124Z" end-time="2026-03-15T22:19:30.4527974Z" duration="0.029015" total="10" passed="10" failed="0" warnings="0" inconclusive="0" skipped="0" asserts="19">
            <test-case id="1-1091" name="ComputeDocumentKey_CaseInsensitive" fullname="Adze.Tests.Trace.MemoryStoreTests.ComputeDocumentKey_CaseInsensitive" methodname="ComputeDocumentKey_CaseInsensitive" classname="Adze.Tests.Trace.MemoryStoreTests" runstate="Runnable" seed="2045763442" result="Passed" start-time="2026-03-15T22:19:30.4240124Z" end-time="2026-03-15T22:19:30.4296540Z" duration="0.005603" asserts="1" />
            <test-case id="1-1090" name="ComputeDocumentKey_DeterministicForSamePath" fullname="Adze.Tests.Trace.MemoryStoreTests.ComputeDocumentKey_DeterministicForSamePath" methodname="ComputeDocumentKey_DeterministicForSamePath" classname="Adze.Tests.Trace.MemoryStoreTests" runstate="Runnable" seed="2097034684" result="Passed" start-time="2026-03-15T22:19:30.4296540Z" end-time="2026-03-15T22:19:30.4296540Z" duration="0.000089" asserts="1" />
            <test-case id="1-1092" name="ComputeDocumentKey_DifferentPathsDifferentKeys" fullname="Adze.Tests.Trace.MemoryStoreTests.ComputeDocumentKey_DifferentPathsDifferentKeys" methodname="ComputeDocumentKey_DifferentPathsDifferentKeys" classname="Adze.Tests.Trace.MemoryStoreTests" runstate="Runnable" seed="885197719" result="Passed" start-time="2026-03-15T22:19:30.4296540Z" end-time="2026-03-15T22:19:30.4296540Z" duration="0.000118" asserts="1" />
            <test-case id="1-1093" name="LoadDocumentMemory_EmptyPath_ReturnsNull" fullname="Adze.Tests.Trace.MemoryStoreTests.LoadDocumentMemory_EmptyPath_ReturnsNull" methodname="LoadDocumentMemory_EmptyPath_ReturnsNull" classname="Adze.Tests.Trace.MemoryStoreTests" runstate="Runnable" seed="1578652168" result="Passed" start-time="2026-03-15T22:19:30.4296540Z" end-time="2026-03-15T22:19:30.4296540Z" duration="0.000132" asserts="1" />
            <test-case id="1-1094" name="LoadDocumentMemory_NonexistentDocument_ReturnsNull" fullname="Adze.Tests.Trace.MemoryStoreTests.LoadDocumentMemory_NonexistentDocument_ReturnsNull" methodname="LoadDocumentMemory_NonexistentDocument_ReturnsNull" classname="Adze.Tests.Trace.MemoryStoreTests" runstate="Runnable" seed="1216028920" result="Passed" start-time="2026-03-15T22:19:30.4296540Z" end-time="2026-03-15T22:19:30.4296540Z" duration="0.000154" asserts="1" />
            <test-case id="1-1099" name="LoadUserPreferences_EmptyUserId_ReturnsNull" fullname="Adze.Tests.Trace.MemoryStoreTests.LoadUserPreferences_EmptyUserId_ReturnsNull" methodname="LoadUserPreferences_EmptyUserId_ReturnsNull" classname="Adze.Tests.Trace.MemoryStoreTests" runstate="Runnable" seed="1526737805" result="Passed" start-time="2026-03-15T22:19:30.4296540Z" end-time="2026-03-15T22:19:30.4296540Z" duration="0.000116" asserts="1" />
            <test-case id="1-1098" name="RecordIntent_EmptyPath_DoesNotThrow" fullname="Adze.Tests.Trace.MemoryStoreTests.RecordIntent_EmptyPath_DoesNotThrow" methodname="RecordIntent_EmptyPath_DoesNotThrow" classname="Adze.Tests.Trace.MemoryStoreTests" runstate="Runnable" seed="1941990800" result="Passed" start-time="2026-03-15T22:19:30.4296540Z" end-time="2026-03-15T22:19:30.4306541Z" duration="0.000600" asserts="1" />
            <test-case id="1-1097" name="RecordIntent_IncrementsSessionCount" fullname="Adze.Tests.Trace.MemoryStoreTests.RecordIntent_IncrementsSessionCount" methodname="RecordIntent_IncrementsSessionCount" classname="Adze.Tests.Trace.MemoryStoreTests" runstate="Runnable" seed="1572736493" result="Passed" start-time="2026-03-15T22:19:30.4306541Z" end-time="2026-03-15T22:19:30.4427298Z" duration="0.011578" asserts="4" />
            <test-case id="1-1095" name="SaveAndLoadDocumentMemory_RoundTrips" fullname="Adze.Tests.Trace.MemoryStoreTests.SaveAndLoadDocumentMemory_RoundTrips" methodname="SaveAndLoadDocumentMemory_RoundTrips" classname="Adze.Tests.Trace.MemoryStoreTests" runstate="Runnable" seed="1761850080" result="Passed" start-time="2026-03-15T22:19:30.4427298Z" end-time="2026-03-15T22:19:30.4467367Z" duration="0.004616" asserts="4" />
            <test-case id="1-1096" name="SaveAndLoadUserPreferences_RoundTrips" fullname="Adze.Tests.Trace.MemoryStoreTests.SaveAndLoadUserPreferences_RoundTrips" methodname="SaveAndLoadUserPreferences_RoundTrips" classname="Adze.Tests.Trace.MemoryStoreTests" runstate="Runnable" seed="973049013" result="Passed" start-time="2026-03-15T22:19:30.4467367Z" end-time="2026-03-15T22:19:30.4527974Z" duration="0.005845" asserts="4" />
          </test-suite>
          <test-suite type="TestFixture" id="1-1100" name="ModelJsonMapperTests" fullname="Adze.Tests.Trace.ModelJsonMapperTests" classname="Adze.Tests.Trace.ModelJsonMapperTests" runstate="Runnable" testcasecount="10" result="Passed" start-time="2026-03-15T22:19:30.4527974Z" end-time="2026-03-15T22:19:30.4617917Z" duration="0.008943" total="10" passed="10" failed="0" warnings="0" inconclusive="0" skipped="0" asserts="51">
            <test-case id="1-1110" name="ToJson_GroundingSnapshotRecord_ContainsAllFields" fullname="Adze.Tests.Trace.ModelJsonMapperTests.ToJson_GroundingSnapshotRecord_ContainsAllFields" methodname="ToJson_GroundingSnapshotRecord_ContainsAllFields" classname="Adze.Tests.Trace.ModelJsonMapperTests" runstate="Runnable" seed="1663368188" result="Passed" start-time="2026-03-15T22:19:30.4527974Z" end-time="2026-03-15T22:19:30.4557914Z" duration="0.002771" asserts="5" />
            <test-case id="1-1101" name="ToJson_ProgressionState_ContainsAllFields" fullname="Adze.Tests.Trace.ModelJsonMapperTests.ToJson_ProgressionState_ContainsAllFields" methodname="ToJson_ProgressionState_ContainsAllFields" classname="Adze.Tests.Trace.ModelJsonMapperTests" runstate="Runnable" seed="1117699027" result="Passed" start-time="2026-03-15T22:19:30.4557914Z" end-time="2026-03-15T22:19:30.4567916Z" duration="0.001093" asserts="5" />
            <test-case id="1-1105" name="ToJson_RecipeCandidate_ContainsAllFields" fullname="Adze.Tests.Trace.ModelJsonMapperTests.ToJson_RecipeCandidate_ContainsAllFields" methodname="ToJson_RecipeCandidate_ContainsAllFields" classname="Adze.Tests.Trace.ModelJsonMapperTests" runstate="Runnable" seed="479413637" result="Passed" start-time="2026-03-15T22:19:30.4567916Z" end-time="2026-03-15T22:19:30.4567916Z" duration="0.000248" asserts="4" />
            <test-case id="1-1107" name="ToJson_SessionContext_ContainsAllSlices" fullname="Adze.Tests.Trace.ModelJsonMapperTests.ToJson_SessionContext_ContainsAllSlices" methodname="ToJson_SessionContext_ContainsAllSlices" classname="Adze.Tests.Trace.ModelJsonMapperTests" runstate="Runnable" seed="1062673945" result="Passed" start-time="2026-03-15T22:19:30.4567916Z" end-time="2026-03-15T22:19:30.4577914Z" duration="0.000293" asserts="11" />
            <test-case id="1-1108" name="ToJson_SessionContext_NullDocument_DocumentIsNull" fullname="Adze.Tests.Trace.ModelJsonMapperTests.ToJson_SessionContext_NullDocument_DocumentIsNull" methodname="ToJson_SessionContext_NullDocument_DocumentIsNull" classname="Adze.Tests.Trace.ModelJsonMapperTests" runstate="Runnable" seed="2054230032" result="Passed" start-time="2026-03-15T22:19:30.4577914Z" end-time="2026-03-15T22:19:30.4577914Z" duration="0.000088" asserts="1" />
            <test-case id="1-1109" name="ToJson_ToolResult_ContainsAllFields" fullname="Adze.Tests.Trace.ModelJsonMapperTests.ToJson_ToolResult_ContainsAllFields" methodname="ToJson_ToolResult_ContainsAllFields" classname="Adze.Tests.Trace.ModelJsonMapperTests" runstate="Runnable" seed="2083893737" result="Passed" start-time="2026-03-15T22:19:30.4577914Z" end-time="2026-03-15T22:19:30.4577914Z" duration="0.000185" asserts="3" />
            <test-case id="1-1104" name="ToJson_TraceEvent_ContainsAllFields" fullname="Adze.Tests.Trace.ModelJsonMapperTests.ToJson_TraceEvent_ContainsAllFields" methodname="ToJson_TraceEvent_ContainsAllFields" classname="Adze.Tests.Trace.ModelJsonMapperTests" runstate="Runnable" seed="558590769" result="Passed" start-time="2026-03-15T22:19:30.4577914Z" end-time="2026-03-15T22:19:30.4587912Z" duration="0.001005" asserts="6" />
            <test-case id="1-1103" name="ToProgressionState_MissingFields_UsesFallbacks" fullname="Adze.Tests.Trace.ModelJsonMapperTests.ToProgressionState_MissingFields_UsesFallbacks" methodname="ToProgressionState_MissingFields_UsesFallbacks" classname="Adze.Tests.Trace.ModelJsonMapperTests" runstate="Runnable" seed="762297665" result="Passed" start-time="2026-03-15T22:19:30.4587912Z" end-time="2026-03-15T22:19:30.4597909Z" duration="0.001110" asserts="5" />
            <test-case id="1-1102" name="ToProgressionState_RoundTrips" fullname="Adze.Tests.Trace.ModelJsonMapperTests.ToProgressionState_RoundTrips" methodname="ToProgressionState_RoundTrips" classname="Adze.Tests.Trace.ModelJsonMapperTests" runstate="Runnable" seed="1065059594" result="Passed" start-time="2026-03-15T22:19:30.4597909Z" end-time="2026-03-15T22:19:30.4617917Z" duration="0.001604" asserts="6" />
            <test-case id="1-1106" name="ToRecipeCandidate_RoundTrips" fullname="Adze.Tests.Trace.ModelJsonMapperTests.ToRecipeCandidate_RoundTrips" methodname="ToRecipeCandidate_RoundTrips" classname="Adze.Tests.Trace.ModelJsonMapperTests" runstate="Runnable" seed="240778223" result="Passed" start-time="2026-03-15T22:19:30.4617917Z" end-time="2026-03-15T22:19:30.4617917Z" duration="0.000386" asserts="5" />
          </test-suite>
          <test-suite type="TestFixture" id="1-1069" name="TrustServiceTests" fullname="Adze.Tests.Trace.TrustServiceTests" classname="Adze.Tests.Trace.TrustServiceTests" runstate="Runnable" testcasecount="5" result="Passed" start-time="2026-03-15T22:19:30.4617917Z" end-time="2026-03-15T22:19:30.4657909Z" duration="0.003813" total="5" passed="5" failed="0" warnings="0" inconclusive="0" skipped="0" asserts="5">
            <test-case id="1-1070" name="CanExecuteWriteTool_ReadTool_AlwaysAllowed" fullname="Adze.Tests.Trace.TrustServiceTests.CanExecuteWriteTool_ReadTool_AlwaysAllowed" methodname="CanExecuteWriteTool_ReadTool_AlwaysAllowed" classname="Adze.Tests.Trace.TrustServiceTests" runstate="Runnable" seed="351319705" result="Passed" start-time="2026-03-15T22:19:30.4617917Z" end-time="2026-03-15T22:19:30.4647912Z" duration="0.003294" asserts="1" />
            <test-case id="1-1074" name="CanPromoteRecipe_InsufficientTraces_Rejected" fullname="Adze.Tests.Trace.TrustServiceTests.CanPromoteRecipe_InsufficientTraces_Rejected" methodname="CanPromoteRecipe_InsufficientTraces_Rejected" classname="Adze.Tests.Trace.TrustServiceTests" runstate="Runnable" seed="647086486" result="Passed" start-time="2026-03-15T22:19:30.4647912Z" end-time="2026-03-15T22:19:30.4657909Z" duration="0.000191" asserts="1" />
            <test-case id="1-1073" name="CanPromoteRecipe_LowReliability_Rejected" fullname="Adze.Tests.Trace.TrustServiceTests.CanPromoteRecipe_LowReliability_Rejected" methodname="CanPromoteRecipe_LowReliability_Rejected" classname="Adze.Tests.Trace.TrustServiceTests" runstate="Runnable" seed="1831868080" result="Passed" start-time="2026-03-15T22:19:30.4657909Z" end-time="2026-03-15T22:19:30.4657909Z" duration="0.000076" asserts="1" />
            <test-case id="1-1072" name="CanPromoteRecipe_NotReviewReady_Rejected" fullname="Adze.Tests.Trace.TrustServiceTests.CanPromoteRecipe_NotReviewReady_Rejected" methodname="CanPromoteRecipe_NotReviewReady_Rejected" classname="Adze.Tests.Trace.TrustServiceTests" runstate="Runnable" seed="2079572232" result="Passed" start-time="2026-03-15T22:19:30.4657909Z" end-time="2026-03-15T22:19:30.4657909Z" duration="0.000055" asserts="1" />
            <test-case id="1-1071" name="CanPromoteRecipe_ReviewReady_WithSufficientScore_Allowed" fullname="Adze.Tests.Trace.TrustServiceTests.CanPromoteRecipe_ReviewReady_WithSufficientScore_Allowed" methodname="CanPromoteRecipe_ReviewReady_WithSufficientScore_Allowed" classname="Adze.Tests.Trace.TrustServiceTests" runstate="Runnable" seed="544548679" result="Passed" start-time="2026-03-15T22:19:30.4657909Z" end-time="2026-03-15T22:19:30.4657909Z" duration="0.000062" asserts="1" />
          </test-suite>
          <test-suite type="TestFixture" id="1-1082" name="WriteToolAchievementTests" fullname="Adze.Tests.Trace.WriteToolAchievementTests" classname="Adze.Tests.Trace.WriteToolAchievementTests" runstate="Runnable" testcasecount="3" result="Passed" start-time="2026-03-15T22:19:30.4657909Z" end-time="2026-03-15T22:19:30.4657909Z" duration="0.000161" total="3" passed="3" failed="0" warnings="0" inconclusive="0" skipped="0" asserts="9">
            <test-case id="1-1083" name="ProgressionEngine_WriteToolAchievements_RecognizedInToolSet" fullname="Adze.Tests.Trace.WriteToolAchievementTests.ProgressionEngine_WriteToolAchievements_RecognizedInToolSet" methodname="ProgressionEngine_WriteToolAchievements_RecognizedInToolSet" classname="Adze.Tests.Trace.WriteToolAchievementTests" runstate="Runnable" seed="1827342751" result="Passed" start-time="2026-03-15T22:19:30.4657909Z" end-time="2026-03-15T22:19:30.4657909Z" duration="0.000037" asserts="4" />
            <test-case id="1-1085" name="RecipeCandidate_DefaultState_IsCandidate" fullname="Adze.Tests.Trace.WriteToolAchievementTests.RecipeCandidate_DefaultState_IsCandidate" methodname="RecipeCandidate_DefaultState_IsCandidate" classname="Adze.Tests.Trace.WriteToolAchievementTests" runstate="Runnable" seed="197124362" result="Passed" start-time="2026-03-15T22:19:30.4657909Z" end-time="2026-03-15T22:19:30.4657909Z" duration="0.000054" asserts="2" />
            <test-case id="1-1084" name="ToolUnlockTier_TrustedBounded_IsHighest" fullname="Adze.Tests.Trace.WriteToolAchievementTests.ToolUnlockTier_TrustedBounded_IsHighest" methodname="ToolUnlockTier_TrustedBounded_IsHighest" classname="Adze.Tests.Trace.WriteToolAchievementTests" runstate="Runnable" seed="1624916765" result="Passed" start-time="2026-03-15T22:19:30.4657909Z" end-time="2026-03-15T22:19:30.4657909Z" duration="0.000020" asserts="3" />
          </test-suite>
        </test-suite>
      </test-suite>
    </test-suite>
  </test-suite>
</test-run>