<?xml version="1.0" encoding="utf-8" standalone="no"?>
<test-run id="0" runstate="Runnable" testcasecount="404" result="Passed" total="404" passed="398" failed="0" warnings="0" inconclusive="6" skipped="0" asserts="987" engine-version="3.18.3.0" clr-version="4.0.30319.42000" start-time="2026-03-21 02:11:14Z" end-time="2026-03-21 02:11:15Z" duration="1.231709">
  <command-line><![CDATA["C:\adze-cad\packages\NUnit.ConsoleRunner.3.18.3\tools\nunit3-console.exe" C:\adze-cad\tests\Adze.Tests\bin\Debug\Adze.Tests.dll --noheader --labels=On]]></command-line>
  <test-suite type="Assembly" id="1-1443" name="Adze.Tests.dll" fullname="C:\adze-cad\tests\Adze.Tests\bin\Debug\Adze.Tests.dll" runstate="Runnable" testcasecount="404" result="Passed" start-time="2026-03-21T02:11:15.0322146Z" end-time="2026-03-21T02:11:15.6450949Z" duration="0.612164" total="404" passed="398" failed="0" warnings="0" inconclusive="6" skipped="0" asserts="987">
    <environment framework-version="3.14.0.0" clr-version="4.0.30319.42000" os-version="Microsoft Windows NT 10.0.26200.0" platform="Win32NT" cwd="C:\adze-cad" machine-name="ZOE" user="Kaden" user-domain="ZOE" culture="en-US" uiculture="en-US" os-architecture="x64" />
    <settings>
      <setting name="DisposeRunners" value="True" />
      <setting name="WorkDirectory" value="C:\adze-cad" />
      <setting name="ImageRuntimeVersion" value="4.0.30319" />
      <setting name="ImageTargetFrameworkName" value=".NETFramework,Version=v4.8" />
      <setting name="ImageRequiresX86" value="False" />
      <setting name="ImageRequiresDefaultAppDomainAssemblyResolver" value="False" />
      <setting name="TargetRuntimeFramework" value="net-4.8" />
      <setting name="NumberOfTestWorkers" value="24" />
    </settings>
    <properties>
      <property name="_PID" value="20868" />
      <property name="_APPDOMAIN" value="domain-" />
    </properties>
    <test-suite type="TestSuite" id="1-1444" name="Adze" fullname="Adze" runstate="Runnable" testcasecount="404" result="Passed" start-time="2026-03-21T02:11:15.0412154Z" end-time="2026-03-21T02:11:15.6450949Z" duration="0.604110" total="404" passed="398" failed="0" warnings="0" inconclusive="6" skipped="0" asserts="987">
      <test-suite type="TestSuite" id="1-1445" name="Tests" fullname="Adze.Tests" runstate="Runnable" testcasecount="404" result="Passed" start-time="2026-03-21T02:11:15.0412154Z" end-time="2026-03-21T02:11:15.6450949Z" duration="0.603894" total="404" passed="398" failed="0" warnings="0" inconclusive="6" skipped="0" asserts="987">
        <test-suite type="TestSuite" id="1-1449" name="Broker" fullname="Adze.Tests.Broker" runstate="Runnable" testcasecount="292" result="Passed" start-time="2026-03-21T02:11:15.0412154Z" end-time="2026-03-21T02:11:15.4136292Z" duration="0.372363" total="292" passed="286" failed="0" warnings="0" inconclusive="6" skipped="0" asserts="719">
          <test-suite type="TestFixture" id="1-1125" name="AgentContractTests" fullname="Adze.Tests.Broker.AgentContractTests" classname="Adze.Tests.Broker.AgentContractTests" runstate="Runnable" testcasecount="27" result="Passed" start-time="2026-03-21T02:11:15.0452150Z" end-time="2026-03-21T02:11:15.1196860Z" duration="0.073820" total="27" passed="27" failed="0" warnings="0" inconclusive="0" skipped="0" asserts="108">
            <test-case id="1-1145" name="AgentLoopResult_AggregateUsage_DefaultsToEmptyModelUsage" fullname="Adze.Tests.Broker.AgentContractTests.AgentLoopResult_AggregateUsage_DefaultsToEmptyModelUsage" methodname="AgentLoopResult_AggregateUsage_DefaultsToEmptyModelUsage" classname="Adze.Tests.Broker.AgentContractTests" runstate="Runnable" seed="238748450" result="Passed" start-time="2026-03-21T02:11:15.0472148Z" end-time="2026-03-21T02:11:15.1010078Z" duration="0.053694" asserts="2" />
            <test-case id="1-1140" name="AgentProgressKind_AllExpectedValuesExist" fullname="Adze.Tests.Broker.AgentContractTests.AgentProgressKind_AllExpectedValuesExist" methodname="AgentProgressKind_AllExpectedValuesExist" classname="Adze.Tests.Broker.AgentContractTests" runstate="Runnable" seed="1889872278" result="Passed" start-time="2026-03-21T02:11:15.1030078Z" end-time="2026-03-21T02:11:15.1030078Z" duration="0.000736" asserts="12" />
            <test-case id="1-1149" name="AgentProgressUpdate_DefaultConstruction_HasEmptyValues" fullname="Adze.Tests.Broker.AgentContractTests.AgentProgressUpdate_DefaultConstruction_HasEmptyValues" methodname="AgentProgressUpdate_DefaultConstruction_HasEmptyValues" classname="Adze.Tests.Broker.AgentContractTests" runstate="Runnable" seed="1627114925" result="Passed" start-time="2026-03-21T02:11:15.1030078Z" end-time="2026-03-21T02:11:15.1060853Z" duration="0.002957" asserts="4" />
            <test-case id="1-1139" name="AgentRunOutcome_AllExpectedValuesExist" fullname="Adze.Tests.Broker.AgentContractTests.AgentRunOutcome_AllExpectedValuesExist" methodname="AgentRunOutcome_AllExpectedValuesExist" classname="Adze.Tests.Broker.AgentContractTests" runstate="Runnable" seed="1642060681" result="Passed" start-time="2026-03-21T02:11:15.1060853Z" end-time="2026-03-21T02:11:15.1070855Z" duration="0.000352" asserts="6" />
            <test-case id="1-1138" name="AgentStopReason_AllExpectedValuesExist" fullname="Adze.Tests.Broker.AgentContractTests.AgentStopReason_AllExpectedValuesExist" methodname="AgentStopReason_AllExpectedValuesExist" classname="Adze.Tests.Broker.AgentContractTests" runstate="Runnable" seed="1796813016" result="Passed" start-time="2026-03-21T02:11:15.1070855Z" end-time="2026-03-21T02:11:15.1070855Z" duration="0.000307" asserts="9" />
            <test-case id="1-1146" name="AgentToolCall_DefaultConstruction_HasEmptyValues" fullname="Adze.Tests.Broker.AgentContractTests.AgentToolCall_DefaultConstruction_HasEmptyValues" methodname="AgentToolCall_DefaultConstruction_HasEmptyValues" classname="Adze.Tests.Broker.AgentContractTests" runstate="Runnable" seed="1245046509" result="Passed" start-time="2026-03-21T02:11:15.1070855Z" end-time="2026-03-21T02:11:15.1080946Z" duration="0.001445" asserts="5" />
            <test-case id="1-1136" name="AgentToolDefinition_DefaultConstruction_HasEmptyValues" fullname="Adze.Tests.Broker.AgentContractTests.AgentToolDefinition_DefaultConstruction_HasEmptyValues" methodname="AgentToolDefinition_DefaultConstruction_HasEmptyValues" classname="Adze.Tests.Broker.AgentContractTests" runstate="Runnable" seed="146178393" result="Passed" start-time="2026-03-21T02:11:15.1080946Z" end-time="2026-03-21T02:11:15.1090824Z" duration="0.000792" asserts="5" />
            <test-case id="1-1137" name="AgentToolDefinition_WithProperties_RoundTripsCorrectly" fullname="Adze.Tests.Broker.AgentContractTests.AgentToolDefinition_WithProperties_RoundTripsCorrectly" methodname="AgentToolDefinition_WithProperties_RoundTripsCorrectly" classname="Adze.Tests.Broker.AgentContractTests" runstate="Runnable" seed="939833697" result="Passed" start-time="2026-03-21T02:11:15.1090824Z" end-time="2026-03-21T02:11:15.1100809Z" duration="0.000856" asserts="6" />
            <test-case id="1-1147" name="AgentToolResult_DefaultConstruction_HasEmptyValues" fullname="Adze.Tests.Broker.AgentContractTests.AgentToolResult_DefaultConstruction_HasEmptyValues" methodname="AgentToolResult_DefaultConstruction_HasEmptyValues" classname="Adze.Tests.Broker.AgentContractTests" runstate="Runnable" seed="1586813160" result="Passed" start-time="2026-03-21T02:11:15.1100809Z" end-time="2026-03-21T02:11:15.1100809Z" duration="0.000357" asserts="4" />
            <test-case id="1-1148" name="AgentToolResult_ErrorResult_SetsIsErrorTrue" fullname="Adze.Tests.Broker.AgentContractTests.AgentToolResult_ErrorResult_SetsIsErrorTrue" methodname="AgentToolResult_ErrorResult_SetsIsErrorTrue" classname="Adze.Tests.Broker.AgentContractTests" runstate="Runnable" seed="890792125" result="Passed" start-time="2026-03-21T02:11:15.1100809Z" end-time="2026-03-21T02:11:15.1110923Z" duration="0.000157" asserts="2" />
            <test-case id="1-1144" name="AgentTurnResponse_Usage_AccumulatesWithOperator" fullname="Adze.Tests.Broker.AgentContractTests.AgentTurnResponse_Usage_AccumulatesWithOperator" methodname="AgentTurnResponse_Usage_AccumulatesWithOperator" classname="Adze.Tests.Broker.AgentContractTests" runstate="Runnable" seed="2023165291" result="Passed" start-time="2026-03-21T02:11:15.1110923Z" end-time="2026-03-21T02:11:15.1110923Z" duration="0.000486" asserts="3" />
            <test-case id="1-1143" name="AgentTurnResponse_Usage_DefaultsToEmptyModelUsage" fullname="Adze.Tests.Broker.AgentContractTests.AgentTurnResponse_Usage_DefaultsToEmptyModelUsage" methodname="AgentTurnResponse_Usage_DefaultsToEmptyModelUsage" classname="Adze.Tests.Broker.AgentContractTests" runstate="Runnable" seed="1928409739" result="Passed" start-time="2026-03-21T02:11:15.1110923Z" end-time="2026-03-21T02:11:15.1110923Z" duration="0.000138" asserts="4" />
            <test-case id="1-1142" name="ApprovalRequirement_AllExpectedValuesExist" fullname="Adze.Tests.Broker.AgentContractTests.ApprovalRequirement_AllExpectedValuesExist" methodname="ApprovalRequirement_AllExpectedValuesExist" classname="Adze.Tests.Broker.AgentContractTests" runstate="Runnable" seed="1127711176" result="Passed" start-time="2026-03-21T02:11:15.1110923Z" end-time="2026-03-21T02:11:15.1110923Z" duration="0.000182" asserts="5" />
            <test-case id="1-1129" name="LoadFromEnvironment_AgentMaxTokensPreferredOverShared" fullname="Adze.Tests.Broker.AgentContractTests.LoadFromEnvironment_AgentMaxTokensPreferredOverShared" methodname="LoadFromEnvironment_AgentMaxTokensPreferredOverShared" classname="Adze.Tests.Broker.AgentContractTests" runstate="Runnable" seed="326601300" result="Passed" start-time="2026-03-21T02:11:15.1110923Z" end-time="2026-03-21T02:11:15.1120858Z" duration="0.000922" asserts="1" />
            <test-case id="1-1127" name="LoadFromEnvironment_AgentMaxTokensSet_OverridesDefault" fullname="Adze.Tests.Broker.AgentContractTests.LoadFromEnvironment_AgentMaxTokensSet_OverridesDefault" methodname="LoadFromEnvironment_AgentMaxTokensSet_OverridesDefault" classname="Adze.Tests.Broker.AgentContractTests" runstate="Runnable" seed="1669520165" result="Passed" start-time="2026-03-21T02:11:15.1120858Z" end-time="2026-03-21T02:11:15.1120858Z" duration="0.000141" asserts="1" />
            <test-case id="1-1133" name="LoadFromEnvironment_DisableParallelToolCallsFalse_ReadsCorrectly" fullname="Adze.Tests.Broker.AgentContractTests.LoadFromEnvironment_DisableParallelToolCallsFalse_ReadsCorrectly" methodname="LoadFromEnvironment_DisableParallelToolCallsFalse_ReadsCorrectly" classname="Adze.Tests.Broker.AgentContractTests" runstate="Runnable" seed="2113386264" result="Passed" start-time="2026-03-21T02:11:15.1130858Z" end-time="2026-03-21T02:11:15.1130858Z" duration="0.000166" asserts="1" />
            <test-case id="1-1134" name="LoadFromEnvironment_InvalidMaxTokens_ReturnsDefault" fullname="Adze.Tests.Broker.AgentContractTests.LoadFromEnvironment_InvalidMaxTokens_ReturnsDefault" methodname="LoadFromEnvironment_InvalidMaxTokens_ReturnsDefault" classname="Adze.Tests.Broker.AgentContractTests" runstate="Runnable" seed="580148913" result="Passed" start-time="2026-03-21T02:11:15.1130858Z" end-time="2026-03-21T02:11:15.1130858Z" duration="0.000100" asserts="1" />
            <test-case id="1-1130" name="LoadFromEnvironment_MaxIterationsSet_OverridesDefault" fullname="Adze.Tests.Broker.AgentContractTests.LoadFromEnvironment_MaxIterationsSet_OverridesDefault" methodname="LoadFromEnvironment_MaxIterationsSet_OverridesDefault" classname="Adze.Tests.Broker.AgentContractTests" runstate="Runnable" seed="71149208" result="Passed" start-time="2026-03-21T02:11:15.1130858Z" end-time="2026-03-21T02:11:15.1130858Z" duration="0.000111" asserts="1" />
            <test-case id="1-1135" name="LoadFromEnvironment_NegativeMaxIterations_ReturnsDefault" fullname="Adze.Tests.Broker.AgentContractTests.LoadFromEnvironment_NegativeMaxIterations_ReturnsDefault" methodname="LoadFromEnvironment_NegativeMaxIterations_ReturnsDefault" classname="Adze.Tests.Broker.AgentContractTests" runstate="Runnable" seed="417991662" result="Passed" start-time="2026-03-21T02:11:15.1130858Z" end-time="2026-03-21T02:11:15.1151440Z" duration="0.002205" asserts="1" />
            <test-case id="1-1126" name="LoadFromEnvironment_NoEnvVars_ReturnsDefaults" fullname="Adze.Tests.Broker.AgentContractTests.LoadFromEnvironment_NoEnvVars_ReturnsDefaults" methodname="LoadFromEnvironment_NoEnvVars_ReturnsDefaults" classname="Adze.Tests.Broker.AgentContractTests" runstate="Runnable" seed="160288181" result="Passed" start-time="2026-03-21T02:11:15.1151440Z" end-time="2026-03-21T02:11:15.1168626Z" duration="0.001305" asserts="8" />
            <test-case id="1-1128" name="LoadFromEnvironment_SharedMaxTokensFallback_UsedWhenAgentNotSet" fullname="Adze.Tests.Broker.AgentContractTests.LoadFromEnvironment_SharedMaxTokensFallback_UsedWhenAgentNotSet" methodname="LoadFromEnvironment_SharedMaxTokensFallback_UsedWhenAgentNotSet" classname="Adze.Tests.Broker.AgentContractTests" runstate="Runnable" seed="1695198549" result="Passed" start-time="2026-03-21T02:11:15.1168626Z" end-time="2026-03-21T02:11:15.1168626Z" duration="0.000121" asserts="1" />
            <test-case id="1-1132" name="LoadFromEnvironment_TemperatureFallback_UsesSharedVar" fullname="Adze.Tests.Broker.AgentContractTests.LoadFromEnvironment_TemperatureFallback_UsesSharedVar" methodname="LoadFromEnvironment_TemperatureFallback_UsesSharedVar" classname="Adze.Tests.Broker.AgentContractTests" runstate="Runnable" seed="249457549" result="Passed" start-time="2026-03-21T02:11:15.1168626Z" end-time="2026-03-21T02:11:15.1168626Z" duration="0.000119" asserts="1" />
            <test-case id="1-1131" name="LoadFromEnvironment_TimeoutFallback_UsesSharedVar" fullname="Adze.Tests.Broker.AgentContractTests.LoadFromEnvironment_TimeoutFallback_UsesSharedVar" methodname="LoadFromEnvironment_TimeoutFallback_UsesSharedVar" classname="Adze.Tests.Broker.AgentContractTests" runstate="Runnable" seed="1501818484" result="Passed" start-time="2026-03-21T02:11:15.1168626Z" end-time="2026-03-21T02:11:15.1168626Z" duration="0.000094" asserts="1" />
            <test-case id="1-1141" name="ToolCapabilityClass_AllExpectedValuesExist" fullname="Adze.Tests.Broker.AgentContractTests.ToolCapabilityClass_AllExpectedValuesExist" methodname="ToolCapabilityClass_AllExpectedValuesExist" classname="Adze.Tests.Broker.AgentContractTests" runstate="Runnable" seed="1481376863" result="Passed" start-time="2026-03-21T02:11:15.1168626Z" end-time="2026-03-21T02:11:15.1174248Z" duration="0.000204" asserts="6" />
            <test-case id="1-1151" name="ToolCapabilityMetadata_DefaultConstruction_HasReadSafeDefaults" fullname="Adze.Tests.Broker.AgentContractTests.ToolCapabilityMetadata_DefaultConstruction_HasReadSafeDefaults" methodname="ToolCapabilityMetadata_DefaultConstruction_HasReadSafeDefaults" classname="Adze.Tests.Broker.AgentContractTests" runstate="Runnable" seed="333621778" result="Passed" start-time="2026-03-21T02:11:15.1174248Z" end-time="2026-03-21T02:11:15.1179861Z" duration="0.000601" asserts="7" />
            <test-case id="1-1152" name="ToolCapabilityMetadata_HardWriteFirstWave_FullConfiguration" fullname="Adze.Tests.Broker.AgentContractTests.ToolCapabilityMetadata_HardWriteFirstWave_FullConfiguration" methodname="ToolCapabilityMetadata_HardWriteFirstWave_FullConfiguration" classname="Adze.Tests.Broker.AgentContractTests" runstate="Runnable" seed="1470299376" result="Passed" start-time="2026-03-21T02:11:15.1179861Z" end-time="2026-03-21T02:11:15.1179861Z" duration="0.000275" asserts="7" />
            <test-case id="1-1150" name="ToolExecutionContext_DefaultConstruction_HasEmptyValues" fullname="Adze.Tests.Broker.AgentContractTests.ToolExecutionContext_DefaultConstruction_HasEmptyValues" methodname="ToolExecutionContext_DefaultConstruction_HasEmptyValues" classname="Adze.Tests.Broker.AgentContractTests" runstate="Runnable" seed="807572673" result="Passed" start-time="2026-03-21T02:11:15.1179861Z" end-time="2026-03-21T02:11:15.1185649Z" duration="0.000628" asserts="4" />
          </test-suite>
          <test-suite type="TestFixture" id="1-1153" name="AgentLoopRunnerTests" fullname="Adze.Tests.Broker.AgentLoopRunnerTests" classname="Adze.Tests.Broker.AgentLoopRunnerTests" runstate="Runnable" testcasecount="19" result="Passed" start-time="2026-03-21T02:11:15.1202227Z" end-time="2026-03-21T02:11:15.1397131Z" duration="0.019782" total="19" passed="19" failed="0" warnings="0" inconclusive="0" skipped="0" asserts="69">
            <test-case id="1-1161" name="Run_ApiErrorFollowedBySuccess_ResetsErrorCounter" fullname="Adze.Tests.Broker.AgentLoopRunnerTests.Run_ApiErrorFollowedBySuccess_ResetsErrorCounter" methodname="Run_ApiErrorFollowedBySuccess_ResetsErrorCounter" classname="Adze.Tests.Broker.AgentLoopRunnerTests" runstate="Runnable" seed="1060191797" result="Passed" start-time="2026-03-21T02:11:15.1202227Z" end-time="2026-03-21T02:11:15.1270075Z" duration="0.006559" asserts="2" />
            <test-case id="1-1158" name="Run_CancellationBeforeFirstTurn_ReturnsCancelled" fullname="Adze.Tests.Broker.AgentLoopRunnerTests.Run_CancellationBeforeFirstTurn_ReturnsCancelled" methodname="Run_CancellationBeforeFirstTurn_ReturnsCancelled" classname="Adze.Tests.Broker.AgentLoopRunnerTests" runstate="Runnable" seed="1956609718" result="Passed" start-time="2026-03-21T02:11:15.1270075Z" end-time="2026-03-21T02:11:15.1281180Z" duration="0.000870" asserts="3" />
            <test-case id="1-1159" name="Run_CancellationDuringToolExecution_ReturnsCancelled" fullname="Adze.Tests.Broker.AgentLoopRunnerTests.Run_CancellationDuringToolExecution_ReturnsCancelled" methodname="Run_CancellationDuringToolExecution_ReturnsCancelled" classname="Adze.Tests.Broker.AgentLoopRunnerTests" runstate="Runnable" seed="1862654664" result="Passed" start-time="2026-03-21T02:11:15.1281180Z" end-time="2026-03-21T02:11:15.1286673Z" duration="0.000566" asserts="2" />
            <test-case id="1-1160" name="Run_ConsecutiveApiErrors_ReturnsFailed" fullname="Adze.Tests.Broker.AgentLoopRunnerTests.Run_ConsecutiveApiErrors_ReturnsFailed" methodname="Run_ConsecutiveApiErrors_ReturnsFailed" classname="Adze.Tests.Broker.AgentLoopRunnerTests" runstate="Runnable" seed="2696637" result="Passed" start-time="2026-03-21T02:11:15.1286673Z" end-time="2026-03-21T02:11:15.1286673Z" duration="0.000348" asserts="3" />
            <test-case id="1-1172" name="Run_ErrorStopReason_CountsAsConsecutiveError" fullname="Adze.Tests.Broker.AgentLoopRunnerTests.Run_ErrorStopReason_CountsAsConsecutiveError" methodname="Run_ErrorStopReason_CountsAsConsecutiveError" classname="Adze.Tests.Broker.AgentLoopRunnerTests" runstate="Runnable" seed="118411920" result="Passed" start-time="2026-03-21T02:11:15.1286673Z" end-time="2026-03-21T02:11:15.1292494Z" duration="0.000324" asserts="2" />
            <test-case id="1-1157" name="Run_MaxIterationsReached_ReturnsFellBack" fullname="Adze.Tests.Broker.AgentLoopRunnerTests.Run_MaxIterationsReached_ReturnsFellBack" methodname="Run_MaxIterationsReached_ReturnsFellBack" classname="Adze.Tests.Broker.AgentLoopRunnerTests" runstate="Runnable" seed="970176465" result="Passed" start-time="2026-03-21T02:11:15.1292494Z" end-time="2026-03-21T02:11:15.1303532Z" duration="0.001091" asserts="3" />
            <test-case id="1-1167" name="Run_MaxTokensStopReason_ReturnsFellBack" fullname="Adze.Tests.Broker.AgentLoopRunnerTests.Run_MaxTokensStopReason_ReturnsFellBack" methodname="Run_MaxTokensStopReason_ReturnsFellBack" classname="Adze.Tests.Broker.AgentLoopRunnerTests" runstate="Runnable" seed="1582879527" result="Passed" start-time="2026-03-21T02:11:15.1303532Z" end-time="2026-03-21T02:11:15.1303532Z" duration="0.000212" asserts="2" />
            <test-case id="1-1156" name="Run_MultipleToolCallsInOneTurn_ExecutesAllSequentially" fullname="Adze.Tests.Broker.AgentLoopRunnerTests.Run_MultipleToolCallsInOneTurn_ExecutesAllSequentially" methodname="Run_MultipleToolCallsInOneTurn_ExecutesAllSequentially" classname="Adze.Tests.Broker.AgentLoopRunnerTests" runstate="Runnable" seed="476263952" result="Passed" start-time="2026-03-21T02:11:15.1303532Z" end-time="2026-03-21T02:11:15.1309086Z" duration="0.000384" asserts="5" />
            <test-case id="1-1164" name="Run_MultiTurn_AccumulatesUsageAcrossTurns" fullname="Adze.Tests.Broker.AgentLoopRunnerTests.Run_MultiTurn_AccumulatesUsageAcrossTurns" methodname="Run_MultiTurn_AccumulatesUsageAcrossTurns" classname="Adze.Tests.Broker.AgentLoopRunnerTests" runstate="Runnable" seed="328044620" result="Passed" start-time="2026-03-21T02:11:15.1309086Z" end-time="2026-03-21T02:11:15.1314754Z" duration="0.000438" asserts="5" />
            <test-case id="1-1168" name="Run_NullModelClient_ThrowsArgumentNullException" fullname="Adze.Tests.Broker.AgentLoopRunnerTests.Run_NullModelClient_ThrowsArgumentNullException" methodname="Run_NullModelClient_ThrowsArgumentNullException" classname="Adze.Tests.Broker.AgentLoopRunnerTests" runstate="Runnable" seed="324204246" result="Passed" start-time="2026-03-21T02:11:15.1314754Z" end-time="2026-03-21T02:11:15.1343468Z" duration="0.003265" asserts="1" />
            <test-case id="1-1170" name="Run_NullSettings_ThrowsArgumentNullException" fullname="Adze.Tests.Broker.AgentLoopRunnerTests.Run_NullSettings_ThrowsArgumentNullException" methodname="Run_NullSettings_ThrowsArgumentNullException" classname="Adze.Tests.Broker.AgentLoopRunnerTests" runstate="Runnable" seed="426735426" result="Passed" start-time="2026-03-21T02:11:15.1349092Z" end-time="2026-03-21T02:11:15.1349092Z" duration="0.000189" asserts="1" />
            <test-case id="1-1169" name="Run_NullToolExecutor_ThrowsArgumentNullException" fullname="Adze.Tests.Broker.AgentLoopRunnerTests.Run_NullToolExecutor_ThrowsArgumentNullException" methodname="Run_NullToolExecutor_ThrowsArgumentNullException" classname="Adze.Tests.Broker.AgentLoopRunnerTests" runstate="Runnable" seed="1583392682" result="Passed" start-time="2026-03-21T02:11:15.1349092Z" end-time="2026-03-21T02:11:15.1349092Z" duration="0.000150" asserts="1" />
            <test-case id="1-1171" name="Run_ProgressCallbacks_ContainCorrectIterationNumbers" fullname="Adze.Tests.Broker.AgentLoopRunnerTests.Run_ProgressCallbacks_ContainCorrectIterationNumbers" methodname="Run_ProgressCallbacks_ContainCorrectIterationNumbers" classname="Adze.Tests.Broker.AgentLoopRunnerTests" runstate="Runnable" seed="709203020" result="Passed" start-time="2026-03-21T02:11:15.1349092Z" end-time="2026-03-21T02:11:15.1355835Z" duration="0.000621" asserts="8" />
            <test-case id="1-1162" name="Run_SingleTurn_FiresProgressCallbacksInCorrectOrder" fullname="Adze.Tests.Broker.AgentLoopRunnerTests.Run_SingleTurn_FiresProgressCallbacksInCorrectOrder" methodname="Run_SingleTurn_FiresProgressCallbacksInCorrectOrder" classname="Adze.Tests.Broker.AgentLoopRunnerTests" runstate="Runnable" seed="532948965" result="Passed" start-time="2026-03-21T02:11:15.1355835Z" end-time="2026-03-21T02:11:15.1366997Z" duration="0.001424" asserts="4" />
            <test-case id="1-1154" name="Run_SingleTurnTextResponse_ReturnsSuccess" fullname="Adze.Tests.Broker.AgentLoopRunnerTests.Run_SingleTurnTextResponse_ReturnsSuccess" methodname="Run_SingleTurnTextResponse_ReturnsSuccess" classname="Adze.Tests.Broker.AgentLoopRunnerTests" runstate="Runnable" seed="849876032" result="Passed" start-time="2026-03-21T02:11:15.1366997Z" end-time="2026-03-21T02:11:15.1366997Z" duration="0.000314" asserts="5" />
            <test-case id="1-1165" name="Run_TokenBudgetExhausted_ReturnsFellBack" fullname="Adze.Tests.Broker.AgentLoopRunnerTests.Run_TokenBudgetExhausted_ReturnsFellBack" methodname="Run_TokenBudgetExhausted_ReturnsFellBack" classname="Adze.Tests.Broker.AgentLoopRunnerTests" runstate="Runnable" seed="1375108414" result="Passed" start-time="2026-03-21T02:11:15.1366997Z" end-time="2026-03-21T02:11:15.1377140Z" duration="0.000364" asserts="3" />
            <test-case id="1-1166" name="Run_ToolThrows_ErrorSentBackToModel_ModelRecovers" fullname="Adze.Tests.Broker.AgentLoopRunnerTests.Run_ToolThrows_ErrorSentBackToModel_ModelRecovers" methodname="Run_ToolThrows_ErrorSentBackToModel_ModelRecovers" classname="Adze.Tests.Broker.AgentLoopRunnerTests" runstate="Runnable" seed="1046697229" result="Passed" start-time="2026-03-21T02:11:15.1377140Z" end-time="2026-03-21T02:11:15.1387136Z" duration="0.001380" asserts="4" />
            <test-case id="1-1163" name="Run_TwoTurnWithTool_FiresProgressCallbacksInCorrectOrder" fullname="Adze.Tests.Broker.AgentLoopRunnerTests.Run_TwoTurnWithTool_FiresProgressCallbacksInCorrectOrder" methodname="Run_TwoTurnWithTool_FiresProgressCallbacksInCorrectOrder" classname="Adze.Tests.Broker.AgentLoopRunnerTests" runstate="Runnable" seed="1101655412" result="Passed" start-time="2026-03-21T02:11:15.1387136Z" end-time="2026-03-21T02:11:15.1397131Z" duration="0.000489" asserts="7" />
            <test-case id="1-1155" name="Run_TwoTurnWithToolCall_ReturnsSuccessWithExecutedTool" fullname="Adze.Tests.Broker.AgentLoopRunnerTests.Run_TwoTurnWithToolCall_ReturnsSuccessWithExecutedTool" methodname="Run_TwoTurnWithToolCall_ReturnsSuccessWithExecutedTool" classname="Adze.Tests.Broker.AgentLoopRunnerTests" runstate="Runnable" seed="1924847847" result="Passed" start-time="2026-03-21T02:11:15.1397131Z" end-time="2026-03-21T02:11:15.1397131Z" duration="0.000492" asserts="8" />
          </test-suite>
          <test-suite type="TestFixture" id="1-1173" name="AgentToolDispatcherTests" fullname="Adze.Tests.Broker.AgentToolDispatcherTests" classname="Adze.Tests.Broker.AgentToolDispatcherTests" runstate="Runnable" testcasecount="26" result="Passed" start-time="2026-03-21T02:11:15.1397131Z" end-time="2026-03-21T02:11:15.2402670Z" duration="0.100662" total="26" passed="26" failed="0" warnings="0" inconclusive="0" skipped="0" asserts="69">
            <test-suite type="ParameterizedMethod" id="1-1200" name="Execute_AllKnownTools_DoNotReturnDispatcherError" fullname="Adze.Tests.Broker.AgentToolDispatcherTests.Execute_AllKnownTools_DoNotReturnDispatcherError" classname="Adze.Tests.Broker.AgentToolDispatcherTests" runstate="Runnable" testcasecount="10" result="Passed" start-time="2026-03-21T02:11:15.1397131Z" end-time="2026-03-21T02:11:15.2352665Z" duration="0.095203" total="10" passed="10" failed="0" warnings="0" inconclusive="0" skipped="0" asserts="30">
              <test-case id="1-1190" name="Execute_AllKnownTools_DoNotReturnDispatcherError(&quot;get_active_document&quot;)" fullname="Adze.Tests.Broker.AgentToolDispatcherTests.Execute_AllKnownTools_DoNotReturnDispatcherError(&quot;get_active_document&quot;)" methodname="Execute_AllKnownTools_DoNotReturnDispatcherError" classname="Adze.Tests.Broker.AgentToolDispatcherTests" runstate="Runnable" seed="2126709747" result="Passed" start-time="2026-03-21T02:11:15.1397131Z" end-time="2026-03-21T02:11:15.2252091Z" duration="0.085407" asserts="3" />
              <test-case id="1-1191" name="Execute_AllKnownTools_DoNotReturnDispatcherError(&quot;get_document_summary&quot;)" fullname="Adze.Tests.Broker.AgentToolDispatcherTests.Execute_AllKnownTools_DoNotReturnDispatcherError(&quot;get_document_summary&quot;)" methodname="Execute_AllKnownTools_DoNotReturnDispatcherError" classname="Adze.Tests.Broker.AgentToolDispatcherTests" runstate="Runnable" seed="581327054" result="Passed" start-time="2026-03-21T02:11:15.2252091Z" end-time="2026-03-21T02:11:15.2262074Z" duration="0.000767" asserts="3" />
              <test-case id="1-1192" name="Execute_AllKnownTools_DoNotReturnDispatcherError(&quot;get_selection_context&quot;)" fullname="Adze.Tests.Broker.AgentToolDispatcherTests.Execute_AllKnownTools_DoNotReturnDispatcherError(&quot;get_selection_context&quot;)" methodname="Execute_AllKnownTools_DoNotReturnDispatcherError" classname="Adze.Tests.Broker.AgentToolDispatcherTests" runstate="Runnable" seed="1647965748" result="Passed" start-time="2026-03-21T02:11:15.2262074Z" end-time="2026-03-21T02:11:15.2272148Z" duration="0.000519" asserts="3" />
              <test-case id="1-1193" name="Execute_AllKnownTools_DoNotReturnDispatcherError(&quot;get_feature_tree_slice&quot;)" fullname="Adze.Tests.Broker.AgentToolDispatcherTests.Execute_AllKnownTools_DoNotReturnDispatcherError(&quot;get_feature_tree_slice&quot;)" methodname="Execute_AllKnownTools_DoNotReturnDispatcherError" classname="Adze.Tests.Broker.AgentToolDispatcherTests" runstate="Runnable" seed="490125889" result="Passed" start-time="2026-03-21T02:11:15.2272148Z" end-time="2026-03-21T02:11:15.2282131Z" duration="0.000983" asserts="3" />
              <test-case id="1-1194" name="Execute_AllKnownTools_DoNotReturnDispatcherError(&quot;get_dimensions&quot;)" fullname="Adze.Tests.Broker.AgentToolDispatcherTests.Execute_AllKnownTools_DoNotReturnDispatcherError(&quot;get_dimensions&quot;)" methodname="Execute_AllKnownTools_DoNotReturnDispatcherError" classname="Adze.Tests.Broker.AgentToolDispatcherTests" runstate="Runnable" seed="1409080478" result="Passed" start-time="2026-03-21T02:11:15.2282131Z" end-time="2026-03-21T02:11:15.2302134Z" duration="0.002103" asserts="3" />
              <test-case id="1-1195" name="Execute_AllKnownTools_DoNotReturnDispatcherError(&quot;get_configurations&quot;)" fullname="Adze.Tests.Broker.AgentToolDispatcherTests.Execute_AllKnownTools_DoNotReturnDispatcherError(&quot;get_configurations&quot;)" methodname="Execute_AllKnownTools_DoNotReturnDispatcherError" classname="Adze.Tests.Broker.AgentToolDispatcherTests" runstate="Runnable" seed="613292230" result="Passed" start-time="2026-03-21T02:11:15.2302134Z" end-time="2026-03-21T02:11:15.2302134Z" duration="0.000574" asserts="3" />
              <test-case id="1-1196" name="Execute_AllKnownTools_DoNotReturnDispatcherError(&quot;get_custom_properties&quot;)" fullname="Adze.Tests.Broker.AgentToolDispatcherTests.Execute_AllKnownTools_DoNotReturnDispatcherError(&quot;get_custom_properties&quot;)" methodname="Execute_AllKnownTools_DoNotReturnDispatcherError" classname="Adze.Tests.Broker.AgentToolDispatcherTests" runstate="Runnable" seed="175177257" result="Passed" start-time="2026-03-21T02:11:15.2302134Z" end-time="2026-03-21T02:11:15.2312129Z" duration="0.000700" asserts="3" />
              <test-case id="1-1197" name="Execute_AllKnownTools_DoNotReturnDispatcherError(&quot;get_mates&quot;)" fullname="Adze.Tests.Broker.AgentToolDispatcherTests.Execute_AllKnownTools_DoNotReturnDispatcherError(&quot;get_mates&quot;)" methodname="Execute_AllKnownTools_DoNotReturnDispatcherError" classname="Adze.Tests.Broker.AgentToolDispatcherTests" runstate="Runnable" seed="497159913" result="Passed" start-time="2026-03-21T02:11:15.2312129Z" end-time="2026-03-21T02:11:15.2342665Z" duration="0.002658" asserts="3" />
              <test-case id="1-1198" name="Execute_AllKnownTools_DoNotReturnDispatcherError(&quot;get_rebuild_diagnostics&quot;)" fullname="Adze.Tests.Broker.AgentToolDispatcherTests.Execute_AllKnownTools_DoNotReturnDispatcherError(&quot;get_rebuild_diagnostics&quot;)" methodname="Execute_AllKnownTools_DoNotReturnDispatcherError" classname="Adze.Tests.Broker.AgentToolDispatcherTests" runstate="Runnable" seed="1854454498" result="Passed" start-time="2026-03-21T02:11:15.2342665Z" end-time="2026-03-21T02:11:15.2342665Z" duration="0.000349" asserts="3" />
              <test-case id="1-1199" name="Execute_AllKnownTools_DoNotReturnDispatcherError(&quot;get_reference_graph&quot;)" fullname="Adze.Tests.Broker.AgentToolDispatcherTests.Execute_AllKnownTools_DoNotReturnDispatcherError(&quot;get_reference_graph&quot;)" methodname="Execute_AllKnownTools_DoNotReturnDispatcherError" classname="Adze.Tests.Broker.AgentToolDispatcherTests" runstate="Runnable" seed="1108747038" result="Passed" start-time="2026-03-21T02:11:15.2342665Z" end-time="2026-03-21T02:11:15.2352665Z" duration="0.000880" asserts="3" />
            </test-suite>
            <test-case id="1-1186" name="Execute_ContextWithoutSessionContext_ReturnsErrorResult" fullname="Adze.Tests.Broker.AgentToolDispatcherTests.Execute_ContextWithoutSessionContext_ReturnsErrorResult" methodname="Execute_ContextWithoutSessionContext_ReturnsErrorResult" classname="Adze.Tests.Broker.AgentToolDispatcherTests" runstate="Runnable" seed="477243358" result="Passed" start-time="2026-03-21T02:11:15.2352665Z" end-time="2026-03-21T02:11:15.2352665Z" duration="0.000250" asserts="2" />
            <test-case id="1-1183" name="Execute_EmptyToolName_ReturnsErrorResult" fullname="Adze.Tests.Broker.AgentToolDispatcherTests.Execute_EmptyToolName_ReturnsErrorResult" methodname="Execute_EmptyToolName_ReturnsErrorResult" classname="Adze.Tests.Broker.AgentToolDispatcherTests" runstate="Runnable" seed="1178437146" result="Passed" start-time="2026-03-21T02:11:15.2352665Z" end-time="2026-03-21T02:11:15.2352665Z" duration="0.000119" asserts="2" />
            <test-case id="1-1175" name="Execute_GetActiveDocument_NoDocument_ReturnsToolFailureNotDispatcherError" fullname="Adze.Tests.Broker.AgentToolDispatcherTests.Execute_GetActiveDocument_NoDocument_ReturnsToolFailureNotDispatcherError" methodname="Execute_GetActiveDocument_NoDocument_ReturnsToolFailureNotDispatcherError" classname="Adze.Tests.Broker.AgentToolDispatcherTests" runstate="Runnable" seed="934204086" result="Passed" start-time="2026-03-21T02:11:15.2352665Z" end-time="2026-03-21T02:11:15.2352665Z" duration="0.000123" asserts="3" />
            <test-case id="1-1174" name="Execute_GetActiveDocument_WithDocument_ReturnsSuccessResult" fullname="Adze.Tests.Broker.AgentToolDispatcherTests.Execute_GetActiveDocument_WithDocument_ReturnsSuccessResult" methodname="Execute_GetActiveDocument_WithDocument_ReturnsSuccessResult" classname="Adze.Tests.Broker.AgentToolDispatcherTests" runstate="Runnable" seed="804010781" result="Passed" start-time="2026-03-21T02:11:15.2352665Z" end-time="2026-03-21T02:11:15.2362664Z" duration="0.000172" asserts="4" />
            <test-case id="1-1179" name="Execute_GetConfigurations_ReturnsSuccess" fullname="Adze.Tests.Broker.AgentToolDispatcherTests.Execute_GetConfigurations_ReturnsSuccess" methodname="Execute_GetConfigurations_ReturnsSuccess" classname="Adze.Tests.Broker.AgentToolDispatcherTests" runstate="Runnable" seed="2126896303" result="Passed" start-time="2026-03-21T02:11:15.2362664Z" end-time="2026-03-21T02:11:15.2362664Z" duration="0.000129" asserts="2" />
            <test-case id="1-1188" name="Execute_GetDimensions_StringBoolArgument_ParsedCorrectly" fullname="Adze.Tests.Broker.AgentToolDispatcherTests.Execute_GetDimensions_StringBoolArgument_ParsedCorrectly" methodname="Execute_GetDimensions_StringBoolArgument_ParsedCorrectly" classname="Adze.Tests.Broker.AgentToolDispatcherTests" runstate="Runnable" seed="1412438905" result="Passed" start-time="2026-03-21T02:11:15.2362664Z" end-time="2026-03-21T02:11:15.2362664Z" duration="0.000620" asserts="2" />
            <test-case id="1-1176" name="Execute_GetDimensions_WithScopeArgument_PassesParameterCorrectly" fullname="Adze.Tests.Broker.AgentToolDispatcherTests.Execute_GetDimensions_WithScopeArgument_PassesParameterCorrectly" methodname="Execute_GetDimensions_WithScopeArgument_PassesParameterCorrectly" classname="Adze.Tests.Broker.AgentToolDispatcherTests" runstate="Runnable" seed="54243744" result="Passed" start-time="2026-03-21T02:11:15.2362664Z" end-time="2026-03-21T02:11:15.2372666Z" duration="0.000197" asserts="4" />
            <test-case id="1-1178" name="Execute_GetDocumentSummary_DefaultParams_ReturnsSuccess" fullname="Adze.Tests.Broker.AgentToolDispatcherTests.Execute_GetDocumentSummary_DefaultParams_ReturnsSuccess" methodname="Execute_GetDocumentSummary_DefaultParams_ReturnsSuccess" classname="Adze.Tests.Broker.AgentToolDispatcherTests" runstate="Runnable" seed="228069334" result="Passed" start-time="2026-03-21T02:11:15.2372666Z" end-time="2026-03-21T02:11:15.2372666Z" duration="0.000140" asserts="2" />
            <test-case id="1-1189" name="Execute_GetFeatureTreeSlice_StringIntArgument_ParsedCorrectly" fullname="Adze.Tests.Broker.AgentToolDispatcherTests.Execute_GetFeatureTreeSlice_StringIntArgument_ParsedCorrectly" methodname="Execute_GetFeatureTreeSlice_StringIntArgument_ParsedCorrectly" classname="Adze.Tests.Broker.AgentToolDispatcherTests" runstate="Runnable" seed="2016734935" result="Passed" start-time="2026-03-21T02:11:15.2372666Z" end-time="2026-03-21T02:11:15.2382665Z" duration="0.001628" asserts="2" />
            <test-case id="1-1177" name="Execute_GetFeatureTreeSlice_WithAnchorName_PassesParameterCorrectly" fullname="Adze.Tests.Broker.AgentToolDispatcherTests.Execute_GetFeatureTreeSlice_WithAnchorName_PassesParameterCorrectly" methodname="Execute_GetFeatureTreeSlice_WithAnchorName_PassesParameterCorrectly" classname="Adze.Tests.Broker.AgentToolDispatcherTests" runstate="Runnable" seed="2141096850" result="Passed" start-time="2026-03-21T02:11:15.2382665Z" end-time="2026-03-21T02:11:15.2392666Z" duration="0.000232" asserts="3" />
            <test-case id="1-1180" name="Execute_GetMates_OnAssembly_ReturnsSuccess" fullname="Adze.Tests.Broker.AgentToolDispatcherTests.Execute_GetMates_OnAssembly_ReturnsSuccess" methodname="Execute_GetMates_OnAssembly_ReturnsSuccess" classname="Adze.Tests.Broker.AgentToolDispatcherTests" runstate="Runnable" seed="148099450" result="Passed" start-time="2026-03-21T02:11:15.2392666Z" end-time="2026-03-21T02:11:15.2402670Z" duration="0.000956" asserts="2" />
            <test-case id="1-1187" name="Execute_NullArguments_TreatedAsEmpty" fullname="Adze.Tests.Broker.AgentToolDispatcherTests.Execute_NullArguments_TreatedAsEmpty" methodname="Execute_NullArguments_TreatedAsEmpty" classname="Adze.Tests.Broker.AgentToolDispatcherTests" runstate="Runnable" seed="1067537125" result="Passed" start-time="2026-03-21T02:11:15.2402670Z" end-time="2026-03-21T02:11:15.2402670Z" duration="0.000131" asserts="2" />
            <test-case id="1-1185" name="Execute_NullContext_ReturnsErrorResult" fullname="Adze.Tests.Broker.AgentToolDispatcherTests.Execute_NullContext_ReturnsErrorResult" methodname="Execute_NullContext_ReturnsErrorResult" classname="Adze.Tests.Broker.AgentToolDispatcherTests" runstate="Runnable" seed="1141755685" result="Passed" start-time="2026-03-21T02:11:15.2402670Z" end-time="2026-03-21T02:11:15.2402670Z" duration="0.000101" asserts="2" />
            <test-case id="1-1182" name="Execute_NullToolName_ReturnsErrorResult" fullname="Adze.Tests.Broker.AgentToolDispatcherTests.Execute_NullToolName_ReturnsErrorResult" methodname="Execute_NullToolName_ReturnsErrorResult" classname="Adze.Tests.Broker.AgentToolDispatcherTests" runstate="Runnable" seed="87031885" result="Passed" start-time="2026-03-21T02:11:15.2402670Z" end-time="2026-03-21T02:11:15.2402670Z" duration="0.000108" asserts="2" />
            <test-case id="1-1181" name="Execute_UnknownToolName_ReturnsErrorResult" fullname="Adze.Tests.Broker.AgentToolDispatcherTests.Execute_UnknownToolName_ReturnsErrorResult" methodname="Execute_UnknownToolName_ReturnsErrorResult" classname="Adze.Tests.Broker.AgentToolDispatcherTests" runstate="Runnable" seed="509151829" result="Passed" start-time="2026-03-21T02:11:15.2402670Z" end-time="2026-03-21T02:11:15.2402670Z" duration="0.000157" asserts="3" />
            <test-case id="1-1184" name="Execute_WhitespaceToolName_ReturnsErrorResult" fullname="Adze.Tests.Broker.AgentToolDispatcherTests.Execute_WhitespaceToolName_ReturnsErrorResult" methodname="Execute_WhitespaceToolName_ReturnsErrorResult" classname="Adze.Tests.Broker.AgentToolDispatcherTests" runstate="Runnable" seed="668808393" result="Passed" start-time="2026-03-21T02:11:15.2402670Z" end-time="2026-03-21T02:11:15.2402670Z" duration="0.000173" asserts="2" />
          </test-suite>
          <test-suite type="TestFixture" id="1-1256" name="BrokerModelSettingsTests" fullname="Adze.Tests.Broker.BrokerModelSettingsTests" classname="Adze.Tests.Broker.BrokerModelSettingsTests" runstate="Runnable" testcasecount="17" result="Passed" start-time="2026-03-21T02:11:15.2402670Z" end-time="2026-03-21T02:11:15.2453182Z" duration="0.004827" total="17" passed="17" failed="0" warnings="0" inconclusive="0" skipped="0" asserts="33">
            <test-case id="1-1270" name="IsUsable_Disabled_ReturnsFalse" fullname="Adze.Tests.Broker.BrokerModelSettingsTests.IsUsable_Disabled_ReturnsFalse" methodname="IsUsable_Disabled_ReturnsFalse" classname="Adze.Tests.Broker.BrokerModelSettingsTests" runstate="Runnable" seed="2038569018" result="Passed" start-time="2026-03-21T02:11:15.2412680Z" end-time="2026-03-21T02:11:15.2412680Z" duration="0.000984" asserts="1" />
            <test-case id="1-1269" name="IsUsable_Enabled_WithApiKey_ReturnsTrue" fullname="Adze.Tests.Broker.BrokerModelSettingsTests.IsUsable_Enabled_WithApiKey_ReturnsTrue" methodname="IsUsable_Enabled_WithApiKey_ReturnsTrue" classname="Adze.Tests.Broker.BrokerModelSettingsTests" runstate="Runnable" seed="1815998764" result="Passed" start-time="2026-03-21T02:11:15.2412680Z" end-time="2026-03-21T02:11:15.2423186Z" duration="0.000198" asserts="1" />
            <test-case id="1-1271" name="IsUsable_NoApiKey_ReturnsFalse" fullname="Adze.Tests.Broker.BrokerModelSettingsTests.IsUsable_NoApiKey_ReturnsFalse" methodname="IsUsable_NoApiKey_ReturnsFalse" classname="Adze.Tests.Broker.BrokerModelSettingsTests" runstate="Runnable" seed="947132685" result="Passed" start-time="2026-03-21T02:11:15.2423186Z" end-time="2026-03-21T02:11:15.2423186Z" duration="0.000109" asserts="1" />
            <test-case id="1-1273" name="IsUsable_OpenAiProvider_ReturnsTrue" fullname="Adze.Tests.Broker.BrokerModelSettingsTests.IsUsable_OpenAiProvider_ReturnsTrue" methodname="IsUsable_OpenAiProvider_ReturnsTrue" classname="Adze.Tests.Broker.BrokerModelSettingsTests" runstate="Runnable" seed="1145997592" result="Passed" start-time="2026-03-21T02:11:15.2423186Z" end-time="2026-03-21T02:11:15.2423186Z" duration="0.000106" asserts="1" />
            <test-case id="1-1272" name="IsUsable_UnknownProvider_ReturnsFalse" fullname="Adze.Tests.Broker.BrokerModelSettingsTests.IsUsable_UnknownProvider_ReturnsFalse" methodname="IsUsable_UnknownProvider_ReturnsFalse" classname="Adze.Tests.Broker.BrokerModelSettingsTests" runstate="Runnable" seed="652772492" result="Passed" start-time="2026-03-21T02:11:15.2423186Z" end-time="2026-03-21T02:11:15.2423186Z" duration="0.000099" asserts="1" />
            <test-case id="1-1258" name="LoadFromEnvironment_AnthropicKeyOnly_SelectsAnthropic" fullname="Adze.Tests.Broker.BrokerModelSettingsTests.LoadFromEnvironment_AnthropicKeyOnly_SelectsAnthropic" methodname="LoadFromEnvironment_AnthropicKeyOnly_SelectsAnthropic" classname="Adze.Tests.Broker.BrokerModelSettingsTests" runstate="Runnable" seed="1476911290" result="Passed" start-time="2026-03-21T02:11:15.2423186Z" end-time="2026-03-21T02:11:15.2433120Z" duration="0.001198" asserts="3" />
            <test-case id="1-1264" name="LoadFromEnvironment_BackwardCompatibleTokens_Applied" fullname="Adze.Tests.Broker.BrokerModelSettingsTests.LoadFromEnvironment_BackwardCompatibleTokens_Applied" methodname="LoadFromEnvironment_BackwardCompatibleTokens_Applied" classname="Adze.Tests.Broker.BrokerModelSettingsTests" runstate="Runnable" seed="1961085378" result="Passed" start-time="2026-03-21T02:11:15.2433120Z" end-time="2026-03-21T02:11:15.2433120Z" duration="0.000186" asserts="1" />
            <test-case id="1-1260" name="LoadFromEnvironment_BothKeys_DefaultsToAnthropic" fullname="Adze.Tests.Broker.BrokerModelSettingsTests.LoadFromEnvironment_BothKeys_DefaultsToAnthropic" methodname="LoadFromEnvironment_BothKeys_DefaultsToAnthropic" classname="Adze.Tests.Broker.BrokerModelSettingsTests" runstate="Runnable" seed="1522694758" result="Passed" start-time="2026-03-21T02:11:15.2433120Z" end-time="2026-03-21T02:11:15.2443113Z" duration="0.000147" asserts="2" />
            <test-case id="1-1263" name="LoadFromEnvironment_CustomMaxTokens_AppliesOverride" fullname="Adze.Tests.Broker.BrokerModelSettingsTests.LoadFromEnvironment_CustomMaxTokens_AppliesOverride" methodname="LoadFromEnvironment_CustomMaxTokens_AppliesOverride" classname="Adze.Tests.Broker.BrokerModelSettingsTests" runstate="Runnable" seed="1271531026" result="Passed" start-time="2026-03-21T02:11:15.2443113Z" end-time="2026-03-21T02:11:15.2443113Z" duration="0.000130" asserts="1" />
            <test-case id="1-1268" name="LoadFromEnvironment_CustomTemperature_Applied" fullname="Adze.Tests.Broker.BrokerModelSettingsTests.LoadFromEnvironment_CustomTemperature_Applied" methodname="LoadFromEnvironment_CustomTemperature_Applied" classname="Adze.Tests.Broker.BrokerModelSettingsTests" runstate="Runnable" seed="1777299462" result="Passed" start-time="2026-03-21T02:11:15.2443113Z" end-time="2026-03-21T02:11:15.2443113Z" duration="0.000146" asserts="1" />
            <test-case id="1-1266" name="LoadFromEnvironment_EnableModelExplicitlyFalse_DisablesEvenWithKey" fullname="Adze.Tests.Broker.BrokerModelSettingsTests.LoadFromEnvironment_EnableModelExplicitlyFalse_DisablesEvenWithKey" methodname="LoadFromEnvironment_EnableModelExplicitlyFalse_DisablesEvenWithKey" classname="Adze.Tests.Broker.BrokerModelSettingsTests" runstate="Runnable" seed="235244131" result="Passed" start-time="2026-03-21T02:11:15.2443113Z" end-time="2026-03-21T02:11:15.2443113Z" duration="0.000120" asserts="1" />
            <test-case id="1-1267" name="LoadFromEnvironment_EnableModelTrue_EnabledExplicitly" fullname="Adze.Tests.Broker.BrokerModelSettingsTests.LoadFromEnvironment_EnableModelTrue_EnabledExplicitly" methodname="LoadFromEnvironment_EnableModelTrue_EnabledExplicitly" classname="Adze.Tests.Broker.BrokerModelSettingsTests" runstate="Runnable" seed="2113687902" result="Passed" start-time="2026-03-21T02:11:15.2443113Z" end-time="2026-03-21T02:11:15.2443113Z" duration="0.000111" asserts="1" />
            <test-case id="1-1261" name="LoadFromEnvironment_ExplicitProvider_OverridesAutoDetection" fullname="Adze.Tests.Broker.BrokerModelSettingsTests.LoadFromEnvironment_ExplicitProvider_OverridesAutoDetection" methodname="LoadFromEnvironment_ExplicitProvider_OverridesAutoDetection" classname="Adze.Tests.Broker.BrokerModelSettingsTests" runstate="Runnable" seed="630984034" result="Passed" start-time="2026-03-21T02:11:15.2443113Z" end-time="2026-03-21T02:11:15.2443113Z" duration="0.000210" asserts="2" />
            <test-case id="1-1265" name="LoadFromEnvironment_NewTokensOverrideBackwardCompat" fullname="Adze.Tests.Broker.BrokerModelSettingsTests.LoadFromEnvironment_NewTokensOverrideBackwardCompat" methodname="LoadFromEnvironment_NewTokensOverrideBackwardCompat" classname="Adze.Tests.Broker.BrokerModelSettingsTests" runstate="Runnable" seed="1862946134" result="Passed" start-time="2026-03-21T02:11:15.2443113Z" end-time="2026-03-21T02:11:15.2443113Z" duration="0.000147" asserts="1" />
            <test-case id="1-1257" name="LoadFromEnvironment_NoVars_ReturnsDefaults" fullname="Adze.Tests.Broker.BrokerModelSettingsTests.LoadFromEnvironment_NoVars_ReturnsDefaults" methodname="LoadFromEnvironment_NoVars_ReturnsDefaults" classname="Adze.Tests.Broker.BrokerModelSettingsTests" runstate="Runnable" seed="2055591677" result="Passed" start-time="2026-03-21T02:11:15.2443113Z" end-time="2026-03-21T02:11:15.2453182Z" duration="0.000336" asserts="10" />
            <test-case id="1-1259" name="LoadFromEnvironment_OpenAiKeyOnly_SelectsOpenAi" fullname="Adze.Tests.Broker.BrokerModelSettingsTests.LoadFromEnvironment_OpenAiKeyOnly_SelectsOpenAi" methodname="LoadFromEnvironment_OpenAiKeyOnly_SelectsOpenAi" classname="Adze.Tests.Broker.BrokerModelSettingsTests" runstate="Runnable" seed="747504728" result="Passed" start-time="2026-03-21T02:11:15.2453182Z" end-time="2026-03-21T02:11:15.2453182Z" duration="0.000194" asserts="4" />
            <test-case id="1-1262" name="LoadFromEnvironment_PrefixedKeyTakesPrecedence" fullname="Adze.Tests.Broker.BrokerModelSettingsTests.LoadFromEnvironment_PrefixedKeyTakesPrecedence" methodname="LoadFromEnvironment_PrefixedKeyTakesPrecedence" classname="Adze.Tests.Broker.BrokerModelSettingsTests" runstate="Runnable" seed="337398903" result="Passed" start-time="2026-03-21T02:11:15.2453182Z" end-time="2026-03-21T02:11:15.2453182Z" duration="0.000131" asserts="1" />
          </test-suite>
          <test-suite type="TestFixture" id="1-1374" name="BudgetStatusTests" fullname="Adze.Tests.Broker.BudgetStatusTests" classname="Adze.Tests.Broker.BudgetStatusTests" runstate="Runnable" testcasecount="6" result="Passed" start-time="2026-03-21T02:11:15.2453182Z" end-time="2026-03-21T02:11:15.2463183Z" duration="0.000920" total="6" passed="6" failed="0" warnings="0" inconclusive="0" skipped="0" asserts="12">
            <test-case id="1-1380" name="FormatSummary_IncludesPercentages" fullname="Adze.Tests.Broker.BudgetStatusTests.FormatSummary_IncludesPercentages" methodname="FormatSummary_IncludesPercentages" classname="Adze.Tests.Broker.BudgetStatusTests" runstate="Runnable" seed="675885912" result="Passed" start-time="2026-03-21T02:11:15.2453182Z" end-time="2026-03-21T02:11:15.2463183Z" duration="0.000459" asserts="3" />
            <test-case id="1-1379" name="IsNearLimit_FalseAt50Percent" fullname="Adze.Tests.Broker.BudgetStatusTests.IsNearLimit_FalseAt50Percent" methodname="IsNearLimit_FalseAt50Percent" classname="Adze.Tests.Broker.BudgetStatusTests" runstate="Runnable" seed="810835759" result="Passed" start-time="2026-03-21T02:11:15.2463183Z" end-time="2026-03-21T02:11:15.2463183Z" duration="0.000161" asserts="1" />
            <test-case id="1-1378" name="IsNearLimit_TrueAt80Percent" fullname="Adze.Tests.Broker.BudgetStatusTests.IsNearLimit_TrueAt80Percent" methodname="IsNearLimit_TrueAt80Percent" classname="Adze.Tests.Broker.BudgetStatusTests" runstate="Runnable" seed="791784048" result="Passed" start-time="2026-03-21T02:11:15.2463183Z" end-time="2026-03-21T02:11:15.2463183Z" duration="0.000070" asserts="1" />
            <test-case id="1-1375" name="IsOverBudget_FalseWhenUnderLimit" fullname="Adze.Tests.Broker.BudgetStatusTests.IsOverBudget_FalseWhenUnderLimit" methodname="IsOverBudget_FalseWhenUnderLimit" classname="Adze.Tests.Broker.BudgetStatusTests" runstate="Runnable" seed="1151035055" result="Passed" start-time="2026-03-21T02:11:15.2463183Z" end-time="2026-03-21T02:11:15.2463183Z" duration="0.000089" asserts="3" />
            <test-case id="1-1377" name="IsOverBudget_TrueWhenDailyLimitReached" fullname="Adze.Tests.Broker.BudgetStatusTests.IsOverBudget_TrueWhenDailyLimitReached" methodname="IsOverBudget_TrueWhenDailyLimitReached" classname="Adze.Tests.Broker.BudgetStatusTests" runstate="Runnable" seed="1378182310" result="Passed" start-time="2026-03-21T02:11:15.2463183Z" end-time="2026-03-21T02:11:15.2463183Z" duration="0.000033" asserts="2" />
            <test-case id="1-1376" name="IsOverBudget_TrueWhenSessionLimitReached" fullname="Adze.Tests.Broker.BudgetStatusTests.IsOverBudget_TrueWhenSessionLimitReached" methodname="IsOverBudget_TrueWhenSessionLimitReached" classname="Adze.Tests.Broker.BudgetStatusTests" runstate="Runnable" seed="602968951" result="Passed" start-time="2026-03-21T02:11:15.2463183Z" end-time="2026-03-21T02:11:15.2463183Z" duration="0.000029" asserts="2" />
          </test-suite>
          <test-suite type="TestFixture" id="1-1297" name="ContextPromptComposerTests" fullname="Adze.Tests.Broker.ContextPromptComposerTests" classname="Adze.Tests.Broker.ContextPromptComposerTests" runstate="Runnable" testcasecount="8" result="Passed" start-time="2026-03-21T02:11:15.2463183Z" end-time="2026-03-21T02:11:15.2514665Z" duration="0.004771" total="8" passed="8" failed="0" warnings="0" inconclusive="0" skipped="0" asserts="19">
            <test-case id="1-1300" name="Compose_IncludesAllowedTools" fullname="Adze.Tests.Broker.ContextPromptComposerTests.Compose_IncludesAllowedTools" methodname="Compose_IncludesAllowedTools" classname="Adze.Tests.Broker.ContextPromptComposerTests" runstate="Runnable" seed="921649983" result="Passed" start-time="2026-03-21T02:11:15.2463183Z" end-time="2026-03-21T02:11:15.2481703Z" duration="0.001672" asserts="2" />
            <test-case id="1-1299" name="Compose_NoDocument_IncludesNone" fullname="Adze.Tests.Broker.ContextPromptComposerTests.Compose_NoDocument_IncludesNone" methodname="Compose_NoDocument_IncludesNone" classname="Adze.Tests.Broker.ContextPromptComposerTests" runstate="Runnable" seed="588761209" result="Passed" start-time="2026-03-21T02:11:15.2481703Z" end-time="2026-03-21T02:11:15.2486833Z" duration="0.000098" asserts="1" />
            <test-case id="1-1301" name="Compose_SystemPrompt_ContainsInstructions" fullname="Adze.Tests.Broker.ContextPromptComposerTests.Compose_SystemPrompt_ContainsInstructions" methodname="Compose_SystemPrompt_ContainsInstructions" classname="Adze.Tests.Broker.ContextPromptComposerTests" runstate="Runnable" seed="1837177386" result="Passed" start-time="2026-03-21T02:11:15.2486833Z" end-time="2026-03-21T02:11:15.2486833Z" duration="0.000110" asserts="2" />
            <test-case id="1-1305" name="Compose_UserPrompt_IncludesDocumentMetrics" fullname="Adze.Tests.Broker.ContextPromptComposerTests.Compose_UserPrompt_IncludesDocumentMetrics" methodname="Compose_UserPrompt_IncludesDocumentMetrics" classname="Adze.Tests.Broker.ContextPromptComposerTests" runstate="Runnable" seed="149029100" result="Passed" start-time="2026-03-21T02:11:15.2486833Z" end-time="2026-03-21T02:11:15.2486833Z" duration="0.000129" asserts="3" />
            <test-case id="1-1298" name="Compose_WithDocument_IncludesDocumentInfo" fullname="Adze.Tests.Broker.ContextPromptComposerTests.Compose_WithDocument_IncludesDocumentInfo" methodname="Compose_WithDocument_IncludesDocumentInfo" classname="Adze.Tests.Broker.ContextPromptComposerTests" runstate="Runnable" seed="1847632867" result="Passed" start-time="2026-03-21T02:11:15.2486833Z" end-time="2026-03-21T02:11:15.2486833Z" duration="0.000095" asserts="3" />
            <test-case id="1-1302" name="Compose_WithSelection_IncludesSelectionPreview" fullname="Adze.Tests.Broker.ContextPromptComposerTests.Compose_WithSelection_IncludesSelectionPreview" methodname="Compose_WithSelection_IncludesSelectionPreview" classname="Adze.Tests.Broker.ContextPromptComposerTests" runstate="Runnable" seed="1239841994" result="Passed" start-time="2026-03-21T02:11:15.2486833Z" end-time="2026-03-21T02:11:15.2492731Z" duration="0.000335" asserts="2" />
            <test-case id="1-1303" name="Compose_WithWarnings_IncludesDiagnostics" fullname="Adze.Tests.Broker.ContextPromptComposerTests.Compose_WithWarnings_IncludesDiagnostics" methodname="Compose_WithWarnings_IncludesDiagnostics" classname="Adze.Tests.Broker.ContextPromptComposerTests" runstate="Runnable" seed="1268458844" result="Passed" start-time="2026-03-21T02:11:15.2492731Z" end-time="2026-03-21T02:11:15.2492731Z" duration="0.000179" asserts="2" />
            <test-case id="1-1304" name="ComposeSynthesisPrompt_IncludesAllFields" fullname="Adze.Tests.Broker.ContextPromptComposerTests.ComposeSynthesisPrompt_IncludesAllFields" methodname="ComposeSynthesisPrompt_IncludesAllFields" classname="Adze.Tests.Broker.ContextPromptComposerTests" runstate="Runnable" seed="1791329340" result="Passed" start-time="2026-03-21T02:11:15.2492731Z" end-time="2026-03-21T02:11:15.2514665Z" duration="0.002056" asserts="4" />
          </test-suite>
          <test-suite type="TestFixture" id="1-1274" name="ConversationStateTests" fullname="Adze.Tests.Broker.ConversationStateTests" classname="Adze.Tests.Broker.ConversationStateTests" runstate="Runnable" testcasecount="22" result="Passed" start-time="2026-03-21T02:11:15.2514665Z" end-time="2026-03-21T02:11:15.2651699Z" duration="0.013908" total="22" passed="22" failed="0" warnings="0" inconclusive="0" skipped="0" asserts="51">
            <test-case id="1-1276" name="AddMessages_AccumulatesInOrder" fullname="Adze.Tests.Broker.ConversationStateTests.AddMessages_AccumulatesInOrder" methodname="AddMessages_AccumulatesInOrder" classname="Adze.Tests.Broker.ConversationStateTests" runstate="Runnable" seed="1654101845" result="Passed" start-time="2026-03-21T02:11:15.2514665Z" end-time="2026-03-21T02:11:15.2520232Z" duration="0.000862" asserts="4" />
            <test-case id="1-1277" name="ConversationMessage_DefaultTimestamp_IsRecentUtc" fullname="Adze.Tests.Broker.ConversationStateTests.ConversationMessage_DefaultTimestamp_IsRecentUtc" methodname="ConversationMessage_DefaultTimestamp_IsRecentUtc" classname="Adze.Tests.Broker.ConversationStateTests" runstate="Runnable" seed="1173560702" result="Passed" start-time="2026-03-21T02:11:15.2520232Z" end-time="2026-03-21T02:11:15.2537000Z" duration="0.001374" asserts="2" />
            <test-case id="1-1278" name="ConversationMessage_ProviderAndModel_AreNullByDefault" fullname="Adze.Tests.Broker.ConversationStateTests.ConversationMessage_ProviderAndModel_AreNullByDefault" methodname="ConversationMessage_ProviderAndModel_AreNullByDefault" classname="Adze.Tests.Broker.ConversationStateTests" runstate="Runnable" seed="2071856143" result="Passed" start-time="2026-03-21T02:11:15.2537000Z" end-time="2026-03-21T02:11:15.2537000Z" duration="0.000087" asserts="2" />
            <test-case id="1-1279" name="ConversationMessage_RawPayload_CanStoreArbitraryObject" fullname="Adze.Tests.Broker.ConversationStateTests.ConversationMessage_RawPayload_CanStoreArbitraryObject" methodname="ConversationMessage_RawPayload_CanStoreArbitraryObject" classname="Adze.Tests.Broker.ConversationStateTests" runstate="Runnable" seed="968602402" result="Passed" start-time="2026-03-21T02:11:15.2537000Z" end-time="2026-03-21T02:11:15.2542763Z" duration="0.000324" asserts="2" />
            <test-case id="1-1291" name="EstimateTokens_EmptyMessages_ReturnsMinimum" fullname="Adze.Tests.Broker.ConversationStateTests.EstimateTokens_EmptyMessages_ReturnsMinimum" methodname="EstimateTokens_EmptyMessages_ReturnsMinimum" classname="Adze.Tests.Broker.ConversationStateTests" runstate="Runnable" seed="913422243" result="Passed" start-time="2026-03-21T02:11:15.2542763Z" end-time="2026-03-21T02:11:15.2542763Z" duration="0.000239" asserts="1" />
            <test-case id="1-1293" name="EstimateTokens_KnownText_CalculatesCorrectly" fullname="Adze.Tests.Broker.ConversationStateTests.EstimateTokens_KnownText_CalculatesCorrectly" methodname="EstimateTokens_KnownText_CalculatesCorrectly" classname="Adze.Tests.Broker.ConversationStateTests" runstate="Runnable" seed="2091131527" result="Passed" start-time="2026-03-21T02:11:15.2542763Z" end-time="2026-03-21T02:11:15.2542763Z" duration="0.000104" asserts="1" />
            <test-case id="1-1294" name="EstimateTokens_MultipleMessages_SumsAllText" fullname="Adze.Tests.Broker.ConversationStateTests.EstimateTokens_MultipleMessages_SumsAllText" methodname="EstimateTokens_MultipleMessages_SumsAllText" classname="Adze.Tests.Broker.ConversationStateTests" runstate="Runnable" seed="680018395" result="Passed" start-time="2026-03-21T02:11:15.2542763Z" end-time="2026-03-21T02:11:15.2542763Z" duration="0.000086" asserts="1" />
            <test-case id="1-1292" name="EstimateTokens_NullCollection_ReturnsZero" fullname="Adze.Tests.Broker.ConversationStateTests.EstimateTokens_NullCollection_ReturnsZero" methodname="EstimateTokens_NullCollection_ReturnsZero" classname="Adze.Tests.Broker.ConversationStateTests" runstate="Runnable" seed="417108291" result="Passed" start-time="2026-03-21T02:11:15.2542763Z" end-time="2026-03-21T02:11:15.2548509Z" duration="0.000052" asserts="1" />
            <test-case id="1-1296" name="EstimateTokens_NullText_TreatedAsEmpty" fullname="Adze.Tests.Broker.ConversationStateTests.EstimateTokens_NullText_TreatedAsEmpty" methodname="EstimateTokens_NullText_TreatedAsEmpty" classname="Adze.Tests.Broker.ConversationStateTests" runstate="Runnable" seed="1262237633" result="Passed" start-time="2026-03-21T02:11:15.2548509Z" end-time="2026-03-21T02:11:15.2548509Z" duration="0.000062" asserts="1" />
            <test-case id="1-1275" name="NewState_HasEmptyMessages" fullname="Adze.Tests.Broker.ConversationStateTests.NewState_HasEmptyMessages" methodname="NewState_HasEmptyMessages" classname="Adze.Tests.Broker.ConversationStateTests" runstate="Runnable" seed="397727643" result="Passed" start-time="2026-03-21T02:11:15.2548509Z" end-time="2026-03-21T02:11:15.2548509Z" duration="0.000123" asserts="3" />
            <test-case id="1-1285" name="Truncate_DropsMiddleMessages" fullname="Adze.Tests.Broker.ConversationStateTests.Truncate_DropsMiddleMessages" methodname="Truncate_DropsMiddleMessages" classname="Adze.Tests.Broker.ConversationStateTests" runstate="Runnable" seed="648842085" result="Passed" start-time="2026-03-21T02:11:15.2548509Z" end-time="2026-03-21T02:11:15.2593677Z" duration="0.004316" asserts="8" />
            <test-case id="1-1286" name="Truncate_EmptyState_ProducesNoErrors" fullname="Adze.Tests.Broker.ConversationStateTests.Truncate_EmptyState_ProducesNoErrors" methodname="Truncate_EmptyState_ProducesNoErrors" classname="Adze.Tests.Broker.ConversationStateTests" runstate="Runnable" seed="680565081" result="Passed" start-time="2026-03-21T02:11:15.2593677Z" end-time="2026-03-21T02:11:15.2593677Z" duration="0.000123" asserts="2" />
            <test-case id="1-1281" name="Truncate_ExactlyAtLimit_ReturnsAllMessages" fullname="Adze.Tests.Broker.ConversationStateTests.Truncate_ExactlyAtLimit_ReturnsAllMessages" methodname="Truncate_ExactlyAtLimit_ReturnsAllMessages" classname="Adze.Tests.Broker.ConversationStateTests" runstate="Runnable" seed="80995685" result="Passed" start-time="2026-03-21T02:11:15.2593677Z" end-time="2026-03-21T02:11:15.2593677Z" duration="0.000081" asserts="1" />
            <test-case id="1-1287" name="Truncate_NullState_ThrowsArgumentNullException" fullname="Adze.Tests.Broker.ConversationStateTests.Truncate_NullState_ThrowsArgumentNullException" methodname="Truncate_NullState_ThrowsArgumentNullException" classname="Adze.Tests.Broker.ConversationStateTests" runstate="Runnable" seed="1384114455" result="Passed" start-time="2026-03-21T02:11:15.2593677Z" end-time="2026-03-21T02:11:15.2593677Z" duration="0.000142" asserts="1" />
            <test-case id="1-1289" name="Truncate_PolicyDisableProtections_DropsEverythingExceptRecent" fullname="Adze.Tests.Broker.ConversationStateTests.Truncate_PolicyDisableProtections_DropsEverythingExceptRecent" methodname="Truncate_PolicyDisableProtections_DropsEverythingExceptRecent" classname="Adze.Tests.Broker.ConversationStateTests" runstate="Runnable" seed="514975714" result="Passed" start-time="2026-03-21T02:11:15.2593677Z" end-time="2026-03-21T02:11:15.2634371Z" duration="0.004221" asserts="4" />
            <test-case id="1-1283" name="Truncate_PreservesInitialUserIntent" fullname="Adze.Tests.Broker.ConversationStateTests.Truncate_PreservesInitialUserIntent" methodname="Truncate_PreservesInitialUserIntent" classname="Adze.Tests.Broker.ConversationStateTests" runstate="Runnable" seed="426064592" result="Passed" start-time="2026-03-21T02:11:15.2634371Z" end-time="2026-03-21T02:11:15.2640263Z" duration="0.000214" asserts="1" />
            <test-case id="1-1284" name="Truncate_PreservesRecentTurns" fullname="Adze.Tests.Broker.ConversationStateTests.Truncate_PreservesRecentTurns" methodname="Truncate_PreservesRecentTurns" classname="Adze.Tests.Broker.ConversationStateTests" runstate="Runnable" seed="622285541" result="Passed" start-time="2026-03-21T02:11:15.2640263Z" end-time="2026-03-21T02:11:15.2640263Z" duration="0.000225" asserts="6" />
            <test-case id="1-1290" name="Truncate_PreservesSessionMetadata" fullname="Adze.Tests.Broker.ConversationStateTests.Truncate_PreservesSessionMetadata" methodname="Truncate_PreservesSessionMetadata" classname="Adze.Tests.Broker.ConversationStateTests" runstate="Runnable" seed="745818144" result="Passed" start-time="2026-03-21T02:11:15.2640263Z" end-time="2026-03-21T02:11:15.2645707Z" duration="0.000481" asserts="3" />
            <test-case id="1-1282" name="Truncate_PreservesSystemMessage" fullname="Adze.Tests.Broker.ConversationStateTests.Truncate_PreservesSystemMessage" methodname="Truncate_PreservesSystemMessage" classname="Adze.Tests.Broker.ConversationStateTests" runstate="Runnable" seed="792557554" result="Passed" start-time="2026-03-21T02:11:15.2645707Z" end-time="2026-03-21T02:11:15.2645707Z" duration="0.000131" asserts="2" />
            <test-case id="1-1288" name="Truncate_SingleSystemMessage_Preserved" fullname="Adze.Tests.Broker.ConversationStateTests.Truncate_SingleSystemMessage_Preserved" methodname="Truncate_SingleSystemMessage_Preserved" classname="Adze.Tests.Broker.ConversationStateTests" runstate="Runnable" seed="718941248" result="Passed" start-time="2026-03-21T02:11:15.2645707Z" end-time="2026-03-21T02:11:15.2651699Z" duration="0.000129" asserts="2" />
            <test-case id="1-1280" name="Truncate_UnderLimit_ReturnsAllMessages" fullname="Adze.Tests.Broker.ConversationStateTests.Truncate_UnderLimit_ReturnsAllMessages" methodname="Truncate_UnderLimit_ReturnsAllMessages" classname="Adze.Tests.Broker.ConversationStateTests" runstate="Runnable" seed="413280118" result="Passed" start-time="2026-03-21T02:11:15.2651699Z" end-time="2026-03-21T02:11:15.2651699Z" duration="0.000066" asserts="1" />
            <test-case id="1-1295" name="Truncate_UpdatesEstimatedTotalTokens" fullname="Adze.Tests.Broker.ConversationStateTests.Truncate_UpdatesEstimatedTotalTokens" methodname="Truncate_UpdatesEstimatedTotalTokens" classname="Adze.Tests.Broker.ConversationStateTests" runstate="Runnable" seed="646499818" result="Passed" start-time="2026-03-21T02:11:15.2651699Z" end-time="2026-03-21T02:11:15.2651699Z" duration="0.000253" asserts="2" />
          </test-suite>
          <test-suite type="TestFixture" id="1-1372" name="CostBudgetSettingsTests" fullname="Adze.Tests.Broker.CostBudgetSettingsTests" classname="Adze.Tests.Broker.CostBudgetSettingsTests" runstate="Runnable" testcasecount="1" result="Passed" start-time="2026-03-21T02:11:15.2651699Z" end-time="2026-03-21T02:11:15.2657185Z" duration="0.000617" total="1" passed="1" failed="0" warnings="0" inconclusive="0" skipped="0" asserts="3">
            <test-case id="1-1373" name="Defaults_AreReasonable" fullname="Adze.Tests.Broker.CostBudgetSettingsTests.Defaults_AreReasonable" methodname="Defaults_AreReasonable" classname="Adze.Tests.Broker.CostBudgetSettingsTests" runstate="Runnable" seed="681716736" result="Passed" start-time="2026-03-21T02:11:15.2651699Z" end-time="2026-03-21T02:11:15.2657185Z" duration="0.000562" asserts="3" />
          </test-suite>
          <test-suite type="TestFixture" id="1-1402" name="DefaultVerificationPolicyTests" fullname="Adze.Tests.Broker.DefaultVerificationPolicyTests" classname="Adze.Tests.Broker.DefaultVerificationPolicyTests" runstate="Runnable" testcasecount="8" result="Passed" start-time="2026-03-21T02:11:15.2657185Z" end-time="2026-03-21T02:11:15.2680593Z" duration="0.002296" total="8" passed="8" failed="0" warnings="0" inconclusive="0" skipped="0" asserts="19">
            <test-case id="1-1403" name="Evaluate_ChangeConfirmed_NoIssues_Accepts" fullname="Adze.Tests.Broker.DefaultVerificationPolicyTests.Evaluate_ChangeConfirmed_NoIssues_Accepts" methodname="Evaluate_ChangeConfirmed_NoIssues_Accepts" classname="Adze.Tests.Broker.DefaultVerificationPolicyTests" runstate="Runnable" seed="1431830257" result="Passed" start-time="2026-03-21T02:11:15.2657185Z" end-time="2026-03-21T02:11:15.2668609Z" duration="0.000811" asserts="2" />
            <test-case id="1-1404" name="Evaluate_ChangeNotConfirmed_SuggestsRollback" fullname="Adze.Tests.Broker.DefaultVerificationPolicyTests.Evaluate_ChangeNotConfirmed_SuggestsRollback" methodname="Evaluate_ChangeNotConfirmed_SuggestsRollback" classname="Adze.Tests.Broker.DefaultVerificationPolicyTests" runstate="Runnable" seed="441990714" result="Passed" start-time="2026-03-21T02:11:15.2668609Z" end-time="2026-03-21T02:11:15.2668609Z" duration="0.000154" asserts="3" />
            <test-case id="1-1408" name="Evaluate_ChangeNotConfirmed_TakesPrecedenceOverWarnings" fullname="Adze.Tests.Broker.DefaultVerificationPolicyTests.Evaluate_ChangeNotConfirmed_TakesPrecedenceOverWarnings" methodname="Evaluate_ChangeNotConfirmed_TakesPrecedenceOverWarnings" classname="Adze.Tests.Broker.DefaultVerificationPolicyTests" runstate="Runnable" seed="1157086292" result="Passed" start-time="2026-03-21T02:11:15.2668609Z" end-time="2026-03-21T02:11:15.2668609Z" duration="0.000135" asserts="1" />
            <test-case id="1-1410" name="Evaluate_CustomProperty_NoRebuild_CleanSuccess" fullname="Adze.Tests.Broker.DefaultVerificationPolicyTests.Evaluate_CustomProperty_NoRebuild_CleanSuccess" methodname="Evaluate_CustomProperty_NoRebuild_CleanSuccess" classname="Adze.Tests.Broker.DefaultVerificationPolicyTests" runstate="Runnable" seed="1205015607" result="Passed" start-time="2026-03-21T02:11:15.2668609Z" end-time="2026-03-21T02:11:15.2674565Z" duration="0.000093" asserts="2" />
            <test-case id="1-1405" name="Evaluate_RebuildFailed_SuggestsRollback" fullname="Adze.Tests.Broker.DefaultVerificationPolicyTests.Evaluate_RebuildFailed_SuggestsRollback" methodname="Evaluate_RebuildFailed_SuggestsRollback" classname="Adze.Tests.Broker.DefaultVerificationPolicyTests" runstate="Runnable" seed="104608988" result="Passed" start-time="2026-03-21T02:11:15.2674565Z" end-time="2026-03-21T02:11:15.2674565Z" duration="0.000208" asserts="3" />
            <test-case id="1-1409" name="Evaluate_RebuildFailed_TakesPrecedenceOverUnexpected" fullname="Adze.Tests.Broker.DefaultVerificationPolicyTests.Evaluate_RebuildFailed_TakesPrecedenceOverUnexpected" methodname="Evaluate_RebuildFailed_TakesPrecedenceOverUnexpected" classname="Adze.Tests.Broker.DefaultVerificationPolicyTests" runstate="Runnable" seed="91216140" result="Passed" start-time="2026-03-21T02:11:15.2674565Z" end-time="2026-03-21T02:11:15.2680593Z" duration="0.000242" asserts="2" />
            <test-case id="1-1407" name="Evaluate_RebuildWarnings_AcceptsWithNote" fullname="Adze.Tests.Broker.DefaultVerificationPolicyTests.Evaluate_RebuildWarnings_AcceptsWithNote" methodname="Evaluate_RebuildWarnings_AcceptsWithNote" classname="Adze.Tests.Broker.DefaultVerificationPolicyTests" runstate="Runnable" seed="1967242107" result="Passed" start-time="2026-03-21T02:11:15.2680593Z" end-time="2026-03-21T02:11:15.2680593Z" duration="0.000148" asserts="3" />
            <test-case id="1-1406" name="Evaluate_UnexpectedChanges_SuggestsRollback" fullname="Adze.Tests.Broker.DefaultVerificationPolicyTests.Evaluate_UnexpectedChanges_SuggestsRollback" methodname="Evaluate_UnexpectedChanges_SuggestsRollback" classname="Adze.Tests.Broker.DefaultVerificationPolicyTests" runstate="Runnable" seed="201483670" result="Passed" start-time="2026-03-21T02:11:15.2680593Z" end-time="2026-03-21T02:11:15.2680593Z" duration="0.000227" asserts="3" />
          </test-suite>
          <test-suite type="TestFixture" id="1-1428" name="DiagnosticIntentTests" fullname="Adze.Tests.Broker.DiagnosticIntentTests" classname="Adze.Tests.Broker.DiagnosticIntentTests" runstate="Runnable" testcasecount="10" result="Passed" start-time="2026-03-21T02:11:15.2680593Z" end-time="2026-03-21T02:11:15.2804308Z" duration="0.012551" total="10" passed="10" failed="0" warnings="0" inconclusive="0" skipped="0" asserts="15">
            <test-case id="1-1436" name="BuildAgentSystemPrompt_DiagnosticIntent_IncludesDiagnosticGuidance" fullname="Adze.Tests.Broker.DiagnosticIntentTests.BuildAgentSystemPrompt_DiagnosticIntent_IncludesDiagnosticGuidance" methodname="BuildAgentSystemPrompt_DiagnosticIntent_IncludesDiagnosticGuidance" classname="Adze.Tests.Broker.DiagnosticIntentTests" runstate="Runnable" seed="1572005150" result="Passed" start-time="2026-03-21T02:11:15.2680593Z" end-time="2026-03-21T02:11:15.2686126Z" duration="0.000109" asserts="2" />
            <test-case id="1-1437" name="BuildAgentSystemPrompt_NullIntent_NoExtraGuidance" fullname="Adze.Tests.Broker.DiagnosticIntentTests.BuildAgentSystemPrompt_NullIntent_NoExtraGuidance" methodname="BuildAgentSystemPrompt_NullIntent_NoExtraGuidance" classname="Adze.Tests.Broker.DiagnosticIntentTests" runstate="Runnable" seed="1206521761" result="Passed" start-time="2026-03-21T02:11:15.2686126Z" end-time="2026-03-21T02:11:15.2686126Z" duration="0.000187" asserts="1" />
            <test-case id="1-1438" name="BuildSynthesisSystemPrompt_DiagnosticIntent_IncludesRootCauseGuidance" fullname="Adze.Tests.Broker.DiagnosticIntentTests.BuildSynthesisSystemPrompt_DiagnosticIntent_IncludesRootCauseGuidance" methodname="BuildSynthesisSystemPrompt_DiagnosticIntent_IncludesRootCauseGuidance" classname="Adze.Tests.Broker.DiagnosticIntentTests" runstate="Runnable" seed="197535345" result="Passed" start-time="2026-03-21T02:11:15.2686126Z" end-time="2026-03-21T02:11:15.2686126Z" duration="0.000089" asserts="2" />
            <test-case id="1-1434" name="DiagnoseIntent_BoostsDiagnosticTools" fullname="Adze.Tests.Broker.DiagnosticIntentTests.DiagnoseIntent_BoostsDiagnosticTools" methodname="DiagnoseIntent_BoostsDiagnosticTools" classname="Adze.Tests.Broker.DiagnosticIntentTests" runstate="Runnable" seed="1785570323" result="Passed" start-time="2026-03-21T02:11:15.2686126Z" end-time="2026-03-21T02:11:15.2804308Z" duration="0.011731" asserts="3" />
            <test-case id="1-1429" name="ExtractClarificationIntent_DiagnosePrefix_ReturnsIntent" fullname="Adze.Tests.Broker.DiagnosticIntentTests.ExtractClarificationIntent_DiagnosePrefix_ReturnsIntent" methodname="ExtractClarificationIntent_DiagnosePrefix_ReturnsIntent" classname="Adze.Tests.Broker.DiagnosticIntentTests" runstate="Runnable" seed="1528519622" result="Passed" start-time="2026-03-21T02:11:15.2804308Z" end-time="2026-03-21T02:11:15.2804308Z" duration="0.000076" asserts="1" />
            <test-case id="1-1432" name="ExtractClarificationIntent_EmptyInput_ReturnsNull" fullname="Adze.Tests.Broker.DiagnosticIntentTests.ExtractClarificationIntent_EmptyInput_ReturnsNull" methodname="ExtractClarificationIntent_EmptyInput_ReturnsNull" classname="Adze.Tests.Broker.DiagnosticIntentTests" runstate="Runnable" seed="1812963659" result="Passed" start-time="2026-03-21T02:11:15.2804308Z" end-time="2026-03-21T02:11:15.2804308Z" duration="0.000050" asserts="2" />
            <test-case id="1-1430" name="ExtractClarificationIntent_InspectPrefix_ReturnsInspect" fullname="Adze.Tests.Broker.DiagnosticIntentTests.ExtractClarificationIntent_InspectPrefix_ReturnsInspect" methodname="ExtractClarificationIntent_InspectPrefix_ReturnsInspect" classname="Adze.Tests.Broker.DiagnosticIntentTests" runstate="Runnable" seed="10300647" result="Passed" start-time="2026-03-21T02:11:15.2804308Z" end-time="2026-03-21T02:11:15.2804308Z" duration="0.000037" asserts="1" />
            <test-case id="1-1433" name="ExtractClarificationIntent_MalformedPrefix_ReturnsNull" fullname="Adze.Tests.Broker.DiagnosticIntentTests.ExtractClarificationIntent_MalformedPrefix_ReturnsNull" methodname="ExtractClarificationIntent_MalformedPrefix_ReturnsNull" classname="Adze.Tests.Broker.DiagnosticIntentTests" runstate="Runnable" seed="975700702" result="Passed" start-time="2026-03-21T02:11:15.2804308Z" end-time="2026-03-21T02:11:15.2804308Z" duration="0.000030" asserts="1" />
            <test-case id="1-1431" name="ExtractClarificationIntent_NoPrefix_ReturnsNull" fullname="Adze.Tests.Broker.DiagnosticIntentTests.ExtractClarificationIntent_NoPrefix_ReturnsNull" methodname="ExtractClarificationIntent_NoPrefix_ReturnsNull" classname="Adze.Tests.Broker.DiagnosticIntentTests" runstate="Runnable" seed="1775011853" result="Passed" start-time="2026-03-21T02:11:15.2804308Z" end-time="2026-03-21T02:11:15.2804308Z" duration="0.000027" asserts="1" />
            <test-case id="1-1435" name="WhatsWrongKeyword_InfersDiagnosticIntent" fullname="Adze.Tests.Broker.DiagnosticIntentTests.WhatsWrongKeyword_InfersDiagnosticIntent" methodname="WhatsWrongKeyword_InfersDiagnosticIntent" classname="Adze.Tests.Broker.DiagnosticIntentTests" runstate="Runnable" seed="724757580" result="Passed" start-time="2026-03-21T02:11:15.2804308Z" end-time="2026-03-21T02:11:15.2804308Z" duration="0.000124" asserts="1" />
          </test-suite>
          <test-suite type="TestFixture" id="1-1381" name="FeatureGateRegistryTests" fullname="Adze.Tests.Broker.FeatureGateRegistryTests" classname="Adze.Tests.Broker.FeatureGateRegistryTests" runstate="Runnable" testcasecount="4" result="Passed" start-time="2026-03-21T02:11:15.2804308Z" end-time="2026-03-21T02:11:15.2814307Z" duration="0.000696" total="4" passed="4" failed="0" warnings="0" inconclusive="0" skipped="0" asserts="12">
            <test-case id="1-1383" name="FormatSummary_ContainsAllGateNames" fullname="Adze.Tests.Broker.FeatureGateRegistryTests.FormatSummary_ContainsAllGateNames" methodname="FormatSummary_ContainsAllGateNames" classname="Adze.Tests.Broker.FeatureGateRegistryTests" runstate="Runnable" seed="491947108" result="Passed" start-time="2026-03-21T02:11:15.2804308Z" end-time="2026-03-21T02:11:15.2814307Z" duration="0.000372" asserts="5" />
            <test-case id="1-1385" name="GateConstants_MatchExpectedNames" fullname="Adze.Tests.Broker.FeatureGateRegistryTests.GateConstants_MatchExpectedNames" methodname="GateConstants_MatchExpectedNames" classname="Adze.Tests.Broker.FeatureGateRegistryTests" runstate="Runnable" seed="2136601445" result="Passed" start-time="2026-03-21T02:11:15.2814307Z" end-time="2026-03-21T02:11:15.2814307Z" duration="0.000055" asserts="5" />
            <test-case id="1-1382" name="GetAllStates_Returns5Gates" fullname="Adze.Tests.Broker.FeatureGateRegistryTests.GetAllStates_Returns5Gates" methodname="GetAllStates_Returns5Gates" classname="Adze.Tests.Broker.FeatureGateRegistryTests" runstate="Runnable" seed="1259207158" result="Passed" start-time="2026-03-21T02:11:15.2814307Z" end-time="2026-03-21T02:11:15.2814307Z" duration="0.000142" asserts="1" />
            <test-case id="1-1384" name="IsEnabled_ReturnsFalseForUnsetGate" fullname="Adze.Tests.Broker.FeatureGateRegistryTests.IsEnabled_ReturnsFalseForUnsetGate" methodname="IsEnabled_ReturnsFalseForUnsetGate" classname="Adze.Tests.Broker.FeatureGateRegistryTests" runstate="Runnable" seed="422987330" result="Passed" start-time="2026-03-21T02:11:15.2814307Z" end-time="2026-03-21T02:11:15.2814307Z" duration="0.000062" asserts="1" />
          </test-suite>
          <test-suite type="TestFixture" id="1-1316" name="GroundingAnswerBuilderTests" fullname="Adze.Tests.Broker.GroundingAnswerBuilderTests" classname="Adze.Tests.Broker.GroundingAnswerBuilderTests" runstate="Runnable" testcasecount="13" result="Passed" start-time="2026-03-21T02:11:15.2814307Z" end-time="2026-03-21T02:11:15.2894863Z" duration="0.007747" total="13" passed="13" failed="0" warnings="0" inconclusive="0" skipped="0" asserts="36">
            <test-case id="1-1317" name="Build_HostUnavailable_ShowsBlockersAndRecovery" fullname="Adze.Tests.Broker.GroundingAnswerBuilderTests.Build_HostUnavailable_ShowsBlockersAndRecovery" methodname="Build_HostUnavailable_ShowsBlockersAndRecovery" classname="Adze.Tests.Broker.GroundingAnswerBuilderTests" runstate="Runnable" seed="2039207154" result="Passed" start-time="2026-03-21T02:11:15.2814307Z" end-time="2026-03-21T02:11:15.2864863Z" duration="0.005404" asserts="4" />
[...]
          </test-suite>
        </test-suite>
        <test-suite type="TestSuite" id="1-1448" name="Trace" fullname="Adze.Tests.Trace" runstate="Runnable" testcasecount="36" result="Passed" start-time="2026-03-21T02:11:15.0412154Z" end-time="2026-03-21T02:11:15.6450949Z" duration="0.603836" total="36" passed="36" failed="0" warnings="0" inconclusive="0" skipped="0" asserts="106">
          <test-suite type="TestFixture" id="1-1089" name="AgentRecipeCaptureServiceTests" fullname="Adze.Tests.Trace.AgentRecipeCaptureServiceTests" classname="Adze.Tests.Trace.AgentRecipeCaptureServiceTests" runstate="Runnable" testcasecount="6" result="Passed" start-time="2026-03-21T02:11:15.5811399Z" end-time="2026-03-21T02:11:15.6047696Z" duration="0.024080" total="6" passed="6" failed="0" warnings="0" inconclusive="0" skipped="0" asserts="13">
            <test-case id="1-1090" name="CaptureFromAgentRun_EmptyToolSequence_ReturnsNull" fullname="Adze.Tests.Trace.AgentRecipeCaptureServiceTests.CaptureFromAgentRun_EmptyToolSequence_ReturnsNull" methodname="CaptureFromAgentRun_EmptyToolSequence_ReturnsNull" classname="Adze.Tests.Trace.AgentRecipeCaptureServiceTests" runstate="Runnable" seed="1839787956" result="Passed" start-time="2026-03-21T02:11:15.5811399Z" end-time="2026-03-21T02:11:15.5811399Z" duration="0.000491" asserts="1" />
            <test-case id="1-1094" name="CaptureFromAgentRun_MultipleCalls_AccumulatesTraces" fullname="Adze.Tests.Trace.AgentRecipeCaptureServiceTests.CaptureFromAgentRun_MultipleCalls_AccumulatesTraces" methodname="CaptureFromAgentRun_MultipleCalls_AccumulatesTraces" classname="Adze.Tests.Trace.AgentRecipeCaptureServiceTests" runstate="Runnable" seed="1097467968" result="Passed" start-time="2026-03-21T02:11:15.5811399Z" end-time="2026-03-21T02:11:15.5926059Z" duration="0.010941" asserts="2" />
            <test-case id="1-1091" name="CaptureFromAgentRun_ReadOnlyTools_CreatesCandidateWithoutWriteCheck" fullname="Adze.Tests.Trace.AgentRecipeCaptureServiceTests.CaptureFromAgentRun_ReadOnlyTools_CreatesCandidateWithoutWriteCheck" methodname="CaptureFromAgentRun_ReadOnlyTools_CreatesCandidateWithoutWriteCheck" classname="Adze.Tests.Trace.AgentRecipeCaptureServiceTests" runstate="Runnable" seed="533425623" result="Passed" start-time="2026-03-21T02:11:15.5926059Z" end-time="2026-03-21T02:11:15.5931539Z" duration="0.000660" asserts="3" />
            <test-case id="1-1095" name="CaptureFromAgentRun_ThreeCalls_BecomesReviewReady" fullname="Adze.Tests.Trace.AgentRecipeCaptureServiceTests.CaptureFromAgentRun_ThreeCalls_BecomesReviewReady" methodname="CaptureFromAgentRun_ThreeCalls_BecomesReviewReady" classname="Adze.Tests.Trace.AgentRecipeCaptureServiceTests" runstate="Runnable" seed="84833848" result="Passed" start-time="2026-03-21T02:11:15.5937375Z" end-time="2026-03-21T02:11:15.6047696Z" duration="0.011133" asserts="3" />
            <test-case id="1-1093" name="CaptureFromAgentRun_WriteToolsVerified_CreatesCandidate" fullname="Adze.Tests.Trace.AgentRecipeCaptureServiceTests.CaptureFromAgentRun_WriteToolsVerified_CreatesCandidate" methodname="CaptureFromAgentRun_WriteToolsVerified_CreatesCandidate" classname="Adze.Tests.Trace.AgentRecipeCaptureServiceTests" runstate="Runnable" seed="141977524" result="Passed" start-time="2026-03-21T02:11:15.6047696Z" end-time="2026-03-21T02:11:15.6047696Z" duration="0.000653" asserts="3" />
            <test-case id="1-1092" name="CaptureFromAgentRun_WriteToolsWithoutVerification_ReturnsNull" fullname="Adze.Tests.Trace.AgentRecipeCaptureServiceTests.CaptureFromAgentRun_WriteToolsWithoutVerification_ReturnsNull" methodname="CaptureFromAgentRun_WriteToolsWithoutVerification_ReturnsNull" classname="Adze.Tests.Trace.AgentRecipeCaptureServiceTests" runstate="Runnable" seed="727761596" result="Passed" start-time="2026-03-21T02:11:15.6047696Z" end-time="2026-03-21T02:11:15.6047696Z" duration="0.000100" asserts="1" />
          </test-suite>
          <test-suite type="TestFixture" id="1-1100" name="DocumentMemoryTests" fullname="Adze.Tests.Trace.DocumentMemoryTests" classname="Adze.Tests.Trace.DocumentMemoryTests" runstate="Runnable" testcasecount="2" result="Passed" start-time="2026-03-21T02:11:15.6047696Z" end-time="2026-03-21T02:11:15.6057754Z" duration="0.000673" total="2" passed="2" failed="0" warnings="0" inconclusive="0" skipped="0" asserts="9">
            <test-case id="1-1101" name="DocumentMemory_DefaultsToEmptyCollections" fullname="Adze.Tests.Trace.DocumentMemoryTests.DocumentMemory_DefaultsToEmptyCollections" methodname="DocumentMemory_DefaultsToEmptyCollections" classname="Adze.Tests.Trace.DocumentMemoryTests" runstate="Runnable" seed="1789849990" result="Passed" start-time="2026-03-21T02:11:15.6047696Z" end-time="2026-03-21T02:11:15.6057754Z" duration="0.000381" asserts="6" />
            <test-case id="1-1102" name="UserPreferenceMemory_DefaultsToBriefConcise" fullname="Adze.Tests.Trace.DocumentMemoryTests.UserPreferenceMemory_DefaultsToBriefConcise" methodname="UserPreferenceMemory_DefaultsToBriefConcise" classname="Adze.Tests.Trace.DocumentMemoryTests" runstate="Runnable" seed="981215531" result="Passed" start-time="2026-03-21T02:11:15.6057754Z" end-time="2026-03-21T02:11:15.6057754Z" duration="0.000225" asserts="3" />
          </test-suite>
          <test-suite type="TestFixture" id="1-1103" name="MemoryStoreTests" fullname="Adze.Tests.Trace.MemoryStoreTests" classname="Adze.Tests.Trace.MemoryStoreTests" runstate="Runnable" testcasecount="10" result="Passed" start-time="2026-03-21T02:11:15.6057754Z" end-time="2026-03-21T02:11:15.6309584Z" duration="0.024831" total="10" passed="10" failed="0" warnings="0" inconclusive="0" skipped="0" asserts="19">
            <test-case id="1-1105" name="ComputeDocumentKey_CaseInsensitive" fullname="Adze.Tests.Trace.MemoryStoreTests.ComputeDocumentKey_CaseInsensitive" methodname="ComputeDocumentKey_CaseInsensitive" classname="Adze.Tests.Trace.MemoryStoreTests" runstate="Runnable" seed="1210013236" result="Passed" start-time="2026-03-21T02:11:15.6057754Z" end-time="2026-03-21T02:11:15.6057754Z" duration="0.000303" asserts="1" />
            <test-case id="1-1104" name="ComputeDocumentKey_DeterministicForSamePath" fullname="Adze.Tests.Trace.MemoryStoreTests.ComputeDocumentKey_DeterministicForSamePath" methodname="ComputeDocumentKey_DeterministicForSamePath" classname="Adze.Tests.Trace.MemoryStoreTests" runstate="Runnable" seed="1032492224" result="Passed" start-time="2026-03-21T02:11:15.6057754Z" end-time="2026-03-21T02:11:15.6067762Z" duration="0.000073" asserts="1" />
            <test-case id="1-1106" name="ComputeDocumentKey_DifferentPathsDifferentKeys" fullname="Adze.Tests.Trace.MemoryStoreTests.ComputeDocumentKey_DifferentPathsDifferentKeys" methodname="ComputeDocumentKey_DifferentPathsDifferentKeys" classname="Adze.Tests.Trace.MemoryStoreTests" runstate="Runnable" seed="1098730224" result="Passed" start-time="2026-03-21T02:11:15.6067762Z" end-time="2026-03-21T02:11:15.6067762Z" duration="0.000133" asserts="1" />
            <test-case id="1-1107" name="LoadDocumentMemory_EmptyPath_ReturnsNull" fullname="Adze.Tests.Trace.MemoryStoreTests.LoadDocumentMemory_EmptyPath_ReturnsNull" methodname="LoadDocumentMemory_EmptyPath_ReturnsNull" classname="Adze.Tests.Trace.MemoryStoreTests" runstate="Runnable" seed="716166788" result="Passed" start-time="2026-03-21T02:11:15.6067762Z" end-time="2026-03-21T02:11:15.6067762Z" duration="0.000138" asserts="1" />
            <test-case id="1-1108" name="LoadDocumentMemory_NonexistentDocument_ReturnsNull" fullname="Adze.Tests.Trace.MemoryStoreTests.LoadDocumentMemory_NonexistentDocument_ReturnsNull" methodname="LoadDocumentMemory_NonexistentDocument_ReturnsNull" classname="Adze.Tests.Trace.MemoryStoreTests" runstate="Runnable" seed="510574496" result="Passed" start-time="2026-03-21T02:11:15.6067762Z" end-time="2026-03-21T02:11:15.6067762Z" duration="0.000157" asserts="1" />
            <test-case id="1-1113" name="LoadUserPreferences_EmptyUserId_ReturnsNull" fullname="Adze.Tests.Trace.MemoryStoreTests.LoadUserPreferences_EmptyUserId_ReturnsNull" methodname="LoadUserPreferences_EmptyUserId_ReturnsNull" classname="Adze.Tests.Trace.MemoryStoreTests" runstate="Runnable" seed="1511699987" result="Passed" start-time="2026-03-21T02:11:15.6067762Z" end-time="2026-03-21T02:11:15.6067762Z" duration="0.000122" asserts="1" />
            <test-case id="1-1112" name="RecordIntent_EmptyPath_DoesNotThrow" fullname="Adze.Tests.Trace.MemoryStoreTests.RecordIntent_EmptyPath_DoesNotThrow" methodname="RecordIntent_EmptyPath_DoesNotThrow" classname="Adze.Tests.Trace.MemoryStoreTests" runstate="Runnable" seed="1239125199" result="Passed" start-time="2026-03-21T02:11:15.6067762Z" end-time="2026-03-21T02:11:15.6077753Z" duration="0.000560" asserts="1" />
            <test-case id="1-1111" name="RecordIntent_IncrementsSessionCount" fullname="Adze.Tests.Trace.MemoryStoreTests.RecordIntent_IncrementsSessionCount" methodname="RecordIntent_IncrementsSessionCount" classname="Adze.Tests.Trace.MemoryStoreTests" runstate="Runnable" seed="838546716" result="Passed" start-time="2026-03-21T02:11:15.6077753Z" end-time="2026-03-21T02:11:15.6188595Z" duration="0.011800" asserts="4" />
            <test-case id="1-1109" name="SaveAndLoadDocumentMemory_RoundTrips" fullname="Adze.Tests.Trace.MemoryStoreTests.SaveAndLoadDocumentMemory_RoundTrips" methodname="SaveAndLoadDocumentMemory_RoundTrips" classname="Adze.Tests.Trace.MemoryStoreTests" runstate="Runnable" seed="1989817809" result="Passed" start-time="2026-03-21T02:11:15.6188595Z" end-time="2026-03-21T02:11:15.6248596Z" duration="0.005493" asserts="4" />
            <test-case id="1-1110" name="SaveAndLoadUserPreferences_RoundTrips" fullname="Adze.Tests.Trace.MemoryStoreTests.SaveAndLoadUserPreferences_RoundTrips" methodname="SaveAndLoadUserPreferences_RoundTrips" classname="Adze.Tests.Trace.MemoryStoreTests" runstate="Runnable" seed="922862889" result="Passed" start-time="2026-03-21T02:11:15.6248596Z" end-time="2026-03-21T02:11:15.6309584Z" duration="0.005876" asserts="4" />
          </test-suite>
          <test-suite type="TestFixture" id="1-1114" name="ModelJsonMapperTests" fullname="Adze.Tests.Trace.ModelJsonMapperTests" classname="Adze.Tests.Trace.ModelJsonMapperTests" runstate="Runnable" testcasecount="10" result="Passed" start-time="2026-03-21T02:11:15.6309584Z" end-time="2026-03-21T02:11:15.6400207Z" duration="0.008839" total="10" passed="10" failed="0" warnings="0" inconclusive="0" skipped="0" asserts="51">
            <test-case id="1-1124" name="ToJson_GroundingSnapshotRecord_ContainsAllFields" fullname="Adze.Tests.Trace.ModelJsonMapperTests.ToJson_GroundingSnapshotRecord_ContainsAllFields" methodname="ToJson_GroundingSnapshotRecord_ContainsAllFields" classname="Adze.Tests.Trace.ModelJsonMapperTests" runstate="Runnable" seed="1530483583" result="Passed" start-time="2026-03-21T02:11:15.6309584Z" end-time="2026-03-21T02:11:15.6329587Z" duration="0.002673" asserts="5" />
            <test-case id="1-1115" name="ToJson_ProgressionState_ContainsAllFields" fullname="Adze.Tests.Trace.ModelJsonMapperTests.ToJson_ProgressionState_ContainsAllFields" methodname="ToJson_ProgressionState_ContainsAllFields" classname="Adze.Tests.Trace.ModelJsonMapperTests" runstate="Runnable" seed="1157174769" result="Passed" start-time="2026-03-21T02:11:15.6329587Z" end-time="2026-03-21T02:11:15.6349581Z" duration="0.001072" asserts="5" />
            <test-case id="1-1119" name="ToJson_RecipeCandidate_ContainsAllFields" fullname="Adze.Tests.Trace.ModelJsonMapperTests.ToJson_RecipeCandidate_ContainsAllFields" methodname="ToJson_RecipeCandidate_ContainsAllFields" classname="Adze.Tests.Trace.ModelJsonMapperTests" runstate="Runnable" seed="423371671" result="Passed" start-time="2026-03-21T02:11:15.6349581Z" end-time="2026-03-21T02:11:15.6349581Z" duration="0.000243" asserts="4" />
            <test-case id="1-1121" name="ToJson_SessionContext_ContainsAllSlices" fullname="Adze.Tests.Trace.ModelJsonMapperTests.ToJson_SessionContext_ContainsAllSlices" methodname="ToJson_SessionContext_ContainsAllSlices" classname="Adze.Tests.Trace.ModelJsonMapperTests" runstate="Runnable" seed="1432521868" result="Passed" start-time="2026-03-21T02:11:15.6349581Z" end-time="2026-03-21T02:11:15.6349581Z" duration="0.000251" asserts="11" />
            <test-case id="1-1122" name="ToJson_SessionContext_NullDocument_DocumentIsNull" fullname="Adze.Tests.Trace.ModelJsonMapperTests.ToJson_SessionContext_NullDocument_DocumentIsNull" methodname="ToJson_SessionContext_NullDocument_DocumentIsNull" classname="Adze.Tests.Trace.ModelJsonMapperTests" runstate="Runnable" seed="2136621402" result="Passed" start-time="2026-03-21T02:11:15.6349581Z" end-time="2026-03-21T02:11:15.6349581Z" duration="0.000073" asserts="1" />
            <test-case id="1-1123" name="ToJson_ToolResult_ContainsAllFields" fullname="Adze.Tests.Trace.ModelJsonMapperTests.ToJson_ToolResult_ContainsAllFields" methodname="ToJson_ToolResult_ContainsAllFields" classname="Adze.Tests.Trace.ModelJsonMapperTests" runstate="Runnable" seed="1753541054" result="Passed" start-time="2026-03-21T02:11:15.6349581Z" end-time="2026-03-21T02:11:15.6349581Z" duration="0.000178" asserts="3" />
            <test-case id="1-1118" name="ToJson_TraceEvent_ContainsAllFields" fullname="Adze.Tests.Trace.ModelJsonMapperTests.ToJson_TraceEvent_ContainsAllFields" methodname="ToJson_TraceEvent_ContainsAllFields" classname="Adze.Tests.Trace.ModelJsonMapperTests" runstate="Runnable" seed="526863934" result="Passed" start-time="2026-03-21T02:11:15.6349581Z" end-time="2026-03-21T02:11:15.6359586Z" duration="0.000989" asserts="6" />
            <test-case id="1-1117" name="ToProgressionState_MissingFields_UsesFallbacks" fullname="Adze.Tests.Trace.ModelJsonMapperTests.ToProgressionState_MissingFields_UsesFallbacks" methodname="ToProgressionState_MissingFields_UsesFallbacks" classname="Adze.Tests.Trace.ModelJsonMapperTests" runstate="Runnable" seed="117066430" result="Passed" start-time="2026-03-21T02:11:15.6359586Z" end-time="2026-03-21T02:11:15.6369583Z" duration="0.001128" asserts="5" />
            <test-case id="1-1116" name="ToProgressionState_RoundTrips" fullname="Adze.Tests.Trace.ModelJsonMapperTests.ToProgressionState_RoundTrips" methodname="ToProgressionState_RoundTrips" classname="Adze.Tests.Trace.ModelJsonMapperTests" runstate="Runnable" seed="611937170" result="Passed" start-time="2026-03-21T02:11:15.6369583Z" end-time="2026-03-21T02:11:15.6390207Z" duration="0.001636" asserts="6" />
            <test-case id="1-1120" name="ToRecipeCandidate_RoundTrips" fullname="Adze.Tests.Trace.ModelJsonMapperTests.ToRecipeCandidate_RoundTrips" methodname="ToRecipeCandidate_RoundTrips" classname="Adze.Tests.Trace.ModelJsonMapperTests" runstate="Runnable" seed="1249516271" result="Passed" start-time="2026-03-21T02:11:15.6390207Z" end-time="2026-03-21T02:11:15.6400207Z" duration="0.000432" asserts="5" />
          </test-suite>
          <test-suite type="TestFixture" id="1-1083" name="TrustServiceTests" fullname="Adze.Tests.Trace.TrustServiceTests" classname="Adze.Tests.Trace.TrustServiceTests" runstate="Runnable" testcasecount="5" result="Passed" start-time="2026-03-21T02:11:15.6400207Z" end-time="2026-03-21T02:11:15.6450949Z" duration="0.005129" total="5" passed="5" failed="0" warnings="0" inconclusive="0" skipped="0" asserts="5">
            <test-case id="1-1084" name="CanExecuteWriteTool_ReadTool_AlwaysAllowed" fullname="Adze.Tests.Trace.TrustServiceTests.CanExecuteWriteTool_ReadTool_AlwaysAllowed" methodname="CanExecuteWriteTool_ReadTool_AlwaysAllowed" classname="Adze.Tests.Trace.TrustServiceTests" runstate="Runnable" seed="754556613" result="Passed" start-time="2026-03-21T02:11:15.6400207Z" end-time="2026-03-21T02:11:15.6445602Z" duration="0.004623" asserts="1" />
            <test-case id="1-1088" name="CanPromoteRecipe_InsufficientTraces_Rejected" fullname="Adze.Tests.Trace.TrustServiceTests.CanPromoteRecipe_InsufficientTraces_Rejected" methodname="CanPromoteRecipe_InsufficientTraces_Rejected" classname="Adze.Tests.Trace.TrustServiceTests" runstate="Runnable" seed="75545209" result="Passed" start-time="2026-03-21T02:11:15.6445602Z" end-time="2026-03-21T02:11:15.6445602Z" duration="0.000185" asserts="1" />
            <test-case id="1-1087" name="CanPromoteRecipe_LowReliability_Rejected" fullname="Adze.Tests.Trace.TrustServiceTests.CanPromoteRecipe_LowReliability_Rejected" methodname="CanPromoteRecipe_LowReliability_Rejected" classname="Adze.Tests.Trace.TrustServiceTests" runstate="Runnable" seed="21752462" result="Passed" start-time="2026-03-21T02:11:15.6445602Z" end-time="2026-03-21T02:11:15.6445602Z" duration="0.000073" asserts="1" />
            <test-case id="1-1086" name="CanPromoteRecipe_NotReviewReady_Rejected" fullname="Adze.Tests.Trace.TrustServiceTests.CanPromoteRecipe_NotReviewReady_Rejected" methodname="CanPromoteRecipe_NotReviewReady_Rejected" classname="Adze.Tests.Trace.TrustServiceTests" runstate="Runnable" seed="667799360" result="Passed" start-time="2026-03-21T02:11:15.6445602Z" end-time="2026-03-21T02:11:15.6445602Z" duration="0.000050" asserts="1" />
            <test-case id="1-1085" name="CanPromoteRecipe_ReviewReady_WithSufficientScore_Allowed" fullname="Adze.Tests.Trace.TrustServiceTests.CanPromoteRecipe_ReviewReady_WithSufficientScore_Allowed" methodname="CanPromoteRecipe_ReviewReady_WithSufficientScore_Allowed" classname="Adze.Tests.Trace.TrustServiceTests" runstate="Runnable" seed="1281089109" result="Passed" start-time="2026-03-21T02:11:15.6445602Z" end-time="2026-03-21T02:11:15.6450949Z" duration="0.000069" asserts="1" />
          </test-suite>
          <test-suite type="TestFixture" id="1-1096" name="WriteToolAchievementTests" fullname="Adze.Tests.Trace.WriteToolAchievementTests" classname="Adze.Tests.Trace.WriteToolAchievementTests" runstate="Runnable" testcasecount="3" result="Passed" start-time="2026-03-21T02:11:15.6450949Z" end-time="2026-03-21T02:11:15.6450949Z" duration="0.000166" total="3" passed="3" failed="0" warnings="0" inconclusive="0" skipped="0" asserts="9">
            <test-case id="1-1097" name="ProgressionEngine_WriteToolAchievements_RecognizedInToolSet" fullname="Adze.Tests.Trace.WriteToolAchievementTests.ProgressionEngine_WriteToolAchievements_RecognizedInToolSet" methodname="ProgressionEngine_WriteToolAchievements_RecognizedInToolSet" classname="Adze.Tests.Trace.WriteToolAchievementTests" runstate="Runnable" seed="1697746333" result="Passed" start-time="2026-03-21T02:11:15.6450949Z" end-time="2026-03-21T02:11:15.6450949Z" duration="0.000038" asserts="4" />
            <test-case id="1-1099" name="RecipeCandidate_DefaultState_IsCandidate" fullname="Adze.Tests.Trace.WriteToolAchievementTests.RecipeCandidate_DefaultState_IsCandidate" methodname="RecipeCandidate_DefaultState_IsCandidate" classname="Adze.Tests.Trace.WriteToolAchievementTests" runstate="Runnable" seed="1138739707" result="Passed" start-time="2026-03-21T02:11:15.6450949Z" end-time="2026-03-21T02:11:15.6450949Z" duration="0.000055" asserts="2" />
            <test-case id="1-1098" name="ToolUnlockTier_TrustedBounded_IsHighest" fullname="Adze.Tests.Trace.WriteToolAchievementTests.ToolUnlockTier_TrustedBounded_IsHighest" methodname="ToolUnlockTier_TrustedBounded_IsHighest" classname="Adze.Tests.Trace.WriteToolAchievementTests" runstate="Runnable" seed="1963688893" result="Passed" start-time="2026-03-21T02:11:15.6450949Z" end-time="2026-03-21T02:11:15.6450949Z" duration="0.000021" asserts="3" />
          </test-suite>
        </test-suite>
      </test-suite>
    </test-suite>
  </test-suite>
</test-run>